#-----------------------------------------------------------
# Vivado v2018.3 (64-bit)
# SW Build 2405991 on Thu Dec  6 23:38:27 MST 2018
# IP Build 2404404 on Fri Dec  7 01:43:56 MST 2018
# Start of session at: Wed Apr 30 11:52:51 2025
# Process ID: 29000
# Current directory: D:/ASUS-PC/Desktop/temporary/Mini_ctrl_brd_zynq
# Command line: vivado.exe -gui_launcher_event rodinguilauncherevent41544 D:\ASUS-PC\Desktop\temporary\Mini_ctrl_brd_zynq\Mini_ctrl_brd_zynq.xpr
# Log file: D:/ASUS-PC/Desktop/temporary/Mini_ctrl_brd_zynq/vivado.log
# Journal file: D:/ASUS-PC/Desktop/temporary/Mini_ctrl_brd_zynq\vivado.jou
#-----------------------------------------------------------
start_gui
open_project D:/ASUS-PC/Desktop/temporary/Mini_ctrl_brd_zynq/Mini_ctrl_brd_zynq.xpr
Scanning sources...
Finished scanning sources
INFO: [IP_Flow 19-234] Refreshing IP repositories
WARNING: [IP_Flow 19-3685] Ignored loading user repository 'd:/ASUS-PC/Desktop/temporary/Mini_ctrl_brd_zynq/ip_repo/pl_bram_rd_td_1.0'. The path is contained within another repository.
INFO: [IP_Flow 19-1700] Loaded user IP repository 'd:/ASUS-PC/Desktop/temporary/Mini_ctrl_brd_zynq/ip_repo'.
INFO: [IP_Flow 19-2313] Loaded Vivado IP repository 'D:/APP/Vivado-Xilinx/Xilinx/Vivado/2018.3/data/ip'.
update_compile_order -fileset sources_1
ipx::edit_ip_in_project -upgrade true -name pl_bram_rd_td_v1_0_project -directory D:/ASUS-PC/Desktop/temporary/Mini_ctrl_brd_zynq/Mini_ctrl_brd_zynq.tmp/pl_bram_rd_td_v1_0_project d:/ASUS-PC/Desktop/temporary/Mini_ctrl_brd_zynq/ip_repo/pl_bram_rd_td_1.0/component.xml
INFO: [ProjectBase 1-489] The host OS only allows 260 characters in a normal path. The project is stored in a path with more than 80 characters. If you experience issues with IP, Block Designs, or files not being found, please consider moving the project to a location with a shorter path. Alternately consider using the OS subst command to map part of the path to a drive letter.
Current project path is 'd:/asus-pc/desktop/temporary/mini_ctrl_brd_zynq/mini_ctrl_brd_zynq.tmp/pl_bram_rd_td_v1_0_project'
INFO: [IP_Flow 19-234] Refreshing IP repositories
INFO: [IP_Flow 19-1704] No user IP repositories specified
INFO: [IP_Flow 19-2313] Loaded Vivado IP repository 'D:/APP/Vivado-Xilinx/Xilinx/Vivado/2018.3/data/ip'.
INFO: [IP_Flow 19-234] Refreshing IP repositories
WARNING: [IP_Flow 19-3685] Ignored loading user repository 'd:/ASUS-PC/Desktop/temporary/Mini_ctrl_brd_zynq/ip_repo/pl_bram_rd_td_1.0'. The path is contained within another repository.
INFO: [IP_Flow 19-1700] Loaded user IP repository 'd:/ASUS-PC/Desktop/temporary/Mini_ctrl_brd_zynq/ip_repo'.
INFO: [IP_Flow 19-795] Syncing license key meta-data
WARNING: [filemgmt 56-99] Vivado Synthesis ignores library specification for Verilog or SystemVerilog files. [d:/ASUS-PC/Desktop/temporary/Mini_ctrl_brd_zynq/ip_repo/pl_bram_rd_td_1.0/hdl/pl_bram_rd_td_v1_0_S00_AXI.v:]
WARNING: [filemgmt 56-99] Vivado Synthesis ignores library specification for Verilog or SystemVerilog files. [d:/ASUS-PC/Desktop/temporary/Mini_ctrl_brd_zynq/ip_repo/pl_bram_rd_td_1.0/hdl/pl_bram_rd_td_v1_0.v:]
update_compile_order -fileset sources_1
update_compile_order -fileset sources_1
ipx::merge_project_changes hdl_parameters [ipx::current_core]
WARNING: [IP_Flow 19-5226] Project source file 'd:/ASUS-PC/Desktop/temporary/Mini_ctrl_brd_zynq/ip_repo/pl_bram_rd_td_1.0/component.xml' ignored by IP packager.
INFO: [IP_Flow 7-560]  
INFO: [IP_Flow 7-560]  
INFO: [IP_Flow 19-5107] Inferred bus interface 'ram_rst' of definition 'xilinx.com:signal:reset:1.0' (from Xilinx Repository).
INFO: [IP_Flow 19-5107] Inferred bus interface 'ram_clk' of definition 'xilinx.com:signal:clock:1.0' (from Xilinx Repository).
INFO: [IP_Flow 19-3166] Bus Interface 'S00_AXI': References existing memory map 'S00_AXI'.
INFO: [IP_Flow 19-4728] Bus Interface 'ram_clk': Added interface parameter 'ASSOCIATED_RESET' with value 'ram_rst'.
ipx::remove_bus_interface ram_rst [ipx::current_core]
ipx::remove_bus_interface ram_clk [ipx::current_core]
ipx::add_bus_interface BRAM_PORT [ipx::current_core]
set_property abstraction_type_vlnv xilinx.com:interface:bram_rtl:1.0 [ipx::get_bus_interfaces BRAM_PORT -of_objects [ipx::current_core]]
set_property bus_type_vlnv xilinx.com:interface:bram:1.0 [ipx::get_bus_interfaces BRAM_PORT -of_objects [ipx::current_core]]
set_property interface_mode master [ipx::get_bus_interfaces BRAM_PORT -of_objects [ipx::current_core]]
ipx::add_port_map RST [ipx::get_bus_interfaces BRAM_PORT -of_objects [ipx::current_core]]
set_property physical_name ram_rst [ipx::get_port_maps RST -of_objects [ipx::get_bus_interfaces BRAM_PORT -of_objects [ipx::current_core]]]
ipx::add_port_map CLK [ipx::get_bus_interfaces BRAM_PORT -of_objects [ipx::current_core]]
set_property physical_name ram_clk [ipx::get_port_maps CLK -of_objects [ipx::get_bus_interfaces BRAM_PORT -of_objects [ipx::current_core]]]
ipx::add_port_map DIN [ipx::get_bus_interfaces BRAM_PORT -of_objects [ipx::current_core]]
set_property physical_name ram_wr_data [ipx::get_port_maps DIN -of_objects [ipx::get_bus_interfaces BRAM_PORT -of_objects [ipx::current_core]]]
ipx::add_port_map EN [ipx::get_bus_interfaces BRAM_PORT -of_objects [ipx::current_core]]
set_property physical_name ram_en [ipx::get_port_maps EN -of_objects [ipx::get_bus_interfaces BRAM_PORT -of_objects [ipx::current_core]]]
ipx::add_port_map DOUT [ipx::get_bus_interfaces BRAM_PORT -of_objects [ipx::current_core]]
set_property physical_name ram_rd_data [ipx::get_port_maps DOUT -of_objects [ipx::get_bus_interfaces BRAM_PORT -of_objects [ipx::current_core]]]
ipx::add_port_map WE [ipx::get_bus_interfaces BRAM_PORT -of_objects [ipx::current_core]]
set_property physical_name ram_we [ipx::get_port_maps WE -of_objects [ipx::get_bus_interfaces BRAM_PORT -of_objects [ipx::current_core]]]
ipx::add_port_map ADDR [ipx::get_bus_interfaces BRAM_PORT -of_objects [ipx::current_core]]
set_property physical_name ram_addr [ipx::get_port_maps ADDR -of_objects [ipx::get_bus_interfaces BRAM_PORT -of_objects [ipx::current_core]]]
ipx::add_bus_parameter MASTER_TYPE [ipx::get_bus_interfaces BRAM_PORT -of_objects [ipx::current_core]]
ipx::add_bus_parameter MEM_SIZE [ipx::get_bus_interfaces BRAM_PORT -of_objects [ipx::current_core]]
ipx::add_bus_parameter MEM_WIDTH [ipx::get_bus_interfaces BRAM_PORT -of_objects [ipx::current_core]]
ipx::add_bus_parameter MEM_ECC [ipx::get_bus_interfaces BRAM_PORT -of_objects [ipx::current_core]]
ipx::add_bus_parameter READ_WRITE_MODE [ipx::get_bus_interfaces BRAM_PORT -of_objects [ipx::current_core]]
ipx::add_bus_parameter READ_LATENCY [ipx::get_bus_interfaces BRAM_PORT -of_objects [ipx::current_core]]
set_property core_revision 2 [ipx::current_core]
ipx::update_source_project_archive -component [ipx::current_core]
ipx::create_xgui_files [ipx::current_core]
ipx::update_checksums [ipx::current_core]
ipx::save_core [ipx::current_core]
ipx::move_temp_component_back -component [ipx::current_core]
close_project -delete
update_ip_catalog -rebuild -repo_path d:/ASUS-PC/Desktop/temporary/Mini_ctrl_brd_zynq/ip_repo/pl_bram_rd_td_1.0
CRITICAL WARNING: [IP_Flow 19-1681] Failed to reload user IP repository 'd:/ASUS-PC/Desktop/temporary/Mini_ctrl_brd_zynq/ip_repo/pl_bram_rd_td_1.0'. ''d:/ASUS-PC/Desktop/temporary/Mini_ctrl_brd_zynq/ip_repo/pl_bram_rd_td_1.0' is not valid: Path is contained within another repository.'
0
open_bd_design {D:/ASUS-PC/Desktop/temporary/Mini_ctrl_brd_zynq/Mini_ctrl_brd_zynq.srcs/sources_1/bd/system/system.bd}
Adding cell -- xilinx.com:ip:processing_system7:5.5 - processing_system7_0
Adding cell -- xilinx.com:ip:axi_bram_ctrl:4.1 - axi_bram_ctrl_0
Adding cell -- xilinx.com:ip:blk_mem_gen:8.4 - blk_mem_gen_0
Adding cell -- xilinx.com:ip:smartconnect:1.0 - axi_smc
Adding cell -- xilinx.com:ip:proc_sys_reset:5.0 - rst_ps7_0_50M
Adding cell -- xilinx.com:user:pl_bram_rd:1.0 - pl_bram_rd_0
Successfully read diagram <system> from BD file <D:/ASUS-PC/Desktop/temporary/Mini_ctrl_brd_zynq/Mini_ctrl_brd_zynq.srcs/sources_1/bd/system/system.bd>
startgroup
create_bd_cell -type ip -vlnv xilinx.com:user:pl_bram_rd_td:1.0 pl_bram_rd_td_0
endgroup
set_property location {2 694 -310} [get_bd_cells pl_bram_rd_td_0]
ipx::edit_ip_in_project -upgrade true -name pl_bram_rd_td_v1_0_project -directory D:/ASUS-PC/Desktop/temporary/Mini_ctrl_brd_zynq/Mini_ctrl_brd_zynq.tmp/pl_bram_rd_td_v1_0_project d:/ASUS-PC/Desktop/temporary/Mini_ctrl_brd_zynq/ip_repo/pl_bram_rd_td_1.0/component.xml
INFO: [ProjectBase 1-489] The host OS only allows 260 characters in a normal path. The project is stored in a path with more than 80 characters. If you experience issues with IP, Block Designs, or files not being found, please consider moving the project to a location with a shorter path. Alternately consider using the OS subst command to map part of the path to a drive letter.
Current project path is 'd:/asus-pc/desktop/temporary/mini_ctrl_brd_zynq/mini_ctrl_brd_zynq.tmp/pl_bram_rd_td_v1_0_project'
INFO: [IP_Flow 19-234] Refreshing IP repositories
INFO: [IP_Flow 19-1704] No user IP repositories specified
INFO: [IP_Flow 19-2313] Loaded Vivado IP repository 'D:/APP/Vivado-Xilinx/Xilinx/Vivado/2018.3/data/ip'.
INFO: [IP_Flow 19-234] Refreshing IP repositories
WARNING: [IP_Flow 19-3685] Ignored loading user repository 'd:/ASUS-PC/Desktop/temporary/Mini_ctrl_brd_zynq/ip_repo/pl_bram_rd_td_1.0'. The path is contained within another repository.
INFO: [IP_Flow 19-1700] Loaded user IP repository 'd:/ASUS-PC/Desktop/temporary/Mini_ctrl_brd_zynq/ip_repo'.
INFO: [IP_Flow 19-795] Syncing license key meta-data
WARNING: [filemgmt 56-99] Vivado Synthesis ignores library specification for Verilog or SystemVerilog files. [d:/ASUS-PC/Desktop/temporary/Mini_ctrl_brd_zynq/ip_repo/pl_bram_rd_td_1.0/hdl/pl_bram_rd_td_v1_0_S00_AXI.v:]
WARNING: [filemgmt 56-99] Vivado Synthesis ignores library specification for Verilog or SystemVerilog files. [d:/ASUS-PC/Desktop/temporary/Mini_ctrl_brd_zynq/ip_repo/pl_bram_rd_td_1.0/hdl/pl_bram_rd_td_v1_0.v:]
update_compile_order -fileset sources_1
add_files -norecurse -copy_to d:/ASUS-PC/Desktop/temporary/Mini_ctrl_brd_zynq/ip_repo/pl_bram_rd_td_1.0/src D:/ASUS-PC/Desktop/temporary/Mini_ctrl_brd_zynq/ip_repo/pl_bram_rd_td_1.0/hdl/bram_rd_td.v
ERROR: [Vivado 12-3630] The destination file 'd:/ASUS-PC/Desktop/temporary/Mini_ctrl_brd_zynq/ip_repo/pl_bram_rd_td_1.0/src/bram_rd_td.v' already exists, please use -force if you want to overwrite!
set_property core_revision 3 [ipx::current_core]
ipx::update_source_project_archive -component [ipx::current_core]
ipx::create_xgui_files [ipx::current_core]
ipx::update_checksums [ipx::current_core]
ipx::save_core [ipx::current_core]
ipx::move_temp_component_back -component [ipx::current_core]
close_project -delete
update_ip_catalog -rebuild -repo_path d:/ASUS-PC/Desktop/temporary/Mini_ctrl_brd_zynq/ip_repo/pl_bram_rd_td_1.0
CRITICAL WARNING: [IP_Flow 19-1681] Failed to reload user IP repository 'd:/ASUS-PC/Desktop/temporary/Mini_ctrl_brd_zynq/ip_repo/pl_bram_rd_td_1.0'. ''d:/ASUS-PC/Desktop/temporary/Mini_ctrl_brd_zynq/ip_repo/pl_bram_rd_td_1.0' is not valid: Path is contained within another repository.'
0
create_bd_cell -type ip -vlnv xilinx.com:user:pl_bram_rd_td:1.0 pl_bram_rd_td_1
delete_bd_objs [get_bd_cells pl_bram_rd_td_0]
delete_bd_objs [get_bd_cells pl_bram_rd_td_1]
update_ip_catalog -delete_ip xilinx.com:user:pl_bram_rd_td:1.0 -repo_path d:/ASUS-PC/Desktop/temporary/Mini_ctrl_brd_zynq/ip_repo
INFO: [IP_Flow 19-1659] Deleted IP 'xilinx.com:user:pl_bram_rd_td:1.0' from repository 'd:/ASUS-PC/Desktop/temporary/Mini_ctrl_brd_zynq/ip_repo' at d:/ASUS-PC/Desktop/temporary/Mini_ctrl_brd_zynq/ip_repo/pl_bram_rd_td_1.0.
INFO: [IP_Flow 19-725] Reloaded user IP repository 'd:/ASUS-PC/Desktop/temporary/Mini_ctrl_brd_zynq/ip_repo'
ipx::edit_ip_in_project -upgrade true -name pl_bram_rd_v1_0_project -directory D:/ASUS-PC/Desktop/temporary/Mini_ctrl_brd_zynq/Mini_ctrl_brd_zynq.tmp/pl_bram_rd_v1_0_project d:/ASUS-PC/Desktop/temporary/Mini_ctrl_brd_zynq/ip_repo/pl_bram_rd_1.0/component.xml
INFO: [ProjectBase 1-489] The host OS only allows 260 characters in a normal path. The project is stored in a path with more than 80 characters. If you experience issues with IP, Block Designs, or files not being found, please consider moving the project to a location with a shorter path. Alternately consider using the OS subst command to map part of the path to a drive letter.
Current project path is 'd:/asus-pc/desktop/temporary/mini_ctrl_brd_zynq/mini_ctrl_brd_zynq.tmp/pl_bram_rd_v1_0_project'
INFO: [IP_Flow 19-234] Refreshing IP repositories
INFO: [IP_Flow 19-1704] No user IP repositories specified
INFO: [IP_Flow 19-2313] Loaded Vivado IP repository 'D:/APP/Vivado-Xilinx/Xilinx/Vivado/2018.3/data/ip'.
INFO: [IP_Flow 19-234] Refreshing IP repositories
WARNING: [IP_Flow 19-3685] Ignored loading user repository 'd:/ASUS-PC/Desktop/temporary/Mini_ctrl_brd_zynq/ip_repo/pl_bram_rd_td_1.0'. The path is contained within another repository.
INFO: [IP_Flow 19-1700] Loaded user IP repository 'd:/ASUS-PC/Desktop/temporary/Mini_ctrl_brd_zynq/ip_repo'.
INFO: [IP_Flow 19-795] Syncing license key meta-data
WARNING: [filemgmt 56-99] Vivado Synthesis ignores library specification for Verilog or SystemVerilog files. [d:/ASUS-PC/Desktop/temporary/Mini_ctrl_brd_zynq/ip_repo/pl_bram_rd_1.0/src/bram_rd.v:]
WARNING: [filemgmt 56-99] Vivado Synthesis ignores library specification for Verilog or SystemVerilog files. [d:/ASUS-PC/Desktop/temporary/Mini_ctrl_brd_zynq/ip_repo/pl_bram_rd_1.0/hdl/pl_bram_rd_v1_0_S00_AXI.v:]
WARNING: [filemgmt 56-99] Vivado Synthesis ignores library specification for Verilog or SystemVerilog files. [d:/ASUS-PC/Desktop/temporary/Mini_ctrl_brd_zynq/ip_repo/pl_bram_rd_1.0/hdl/pl_bram_rd_v1_0.v:]
update_compile_order -fileset sources_1
close_project
save_bd_design
Wrote  : <D:\ASUS-PC\Desktop\temporary\Mini_ctrl_brd_zynq\Mini_ctrl_brd_zynq.srcs\sources_1\bd\system\system.bd> 
Wrote  : <D:/ASUS-PC/Desktop/temporary/Mini_ctrl_brd_zynq/Mini_ctrl_brd_zynq.srcs/sources_1/bd/system/ui/bd_c954508f.ui> 
close_bd_design [get_bd_designs system]
close_project
exit
INFO: [Common 17-206] Exiting Vivado at Wed Apr 30 12:01:35 2025...
