Copyright 1986-2018 Xilinx, Inc. All Rights Reserved.
--------------------------------------------------------------------------------------------------------------------------------------------------------------------------------
| Tool Version : Vivado v.2018.3 (win64) Build 2405991 Thu Dec  6 23:38:27 MST 2018
| Date         : Tue May 20 11:22:26 2025
| Host         : FXT333 running 64-bit major release  (build 9200)
| Command      : report_methodology -file system_wrapper_methodology_drc_routed.rpt -pb system_wrapper_methodology_drc_routed.pb -rpx system_wrapper_methodology_drc_routed.rpx
| Design       : system_wrapper
| Device       : xc7z020clg400-2
| Speed File   : -2
| Design State : Fully Routed
--------------------------------------------------------------------------------------------------------------------------------------------------------------------------------

Report Methodology

Table of Contents
-----------------
1. REPORT SUMMARY
2. REPORT DETAILS

1. REPORT SUMMARY
-----------------
            Netlist: netlist
          Floorplan: design_1
      Design limits: <entire design considered>
             Max violations: <unlimited>
             Violations found: 131
+-----------+----------+-------------------------------------------------+------------+
| Rule      | Severity | Description                                     | Violations |
+-----------+----------+-------------------------------------------------+------------+
| CKLD-1    | Warning  | Clock Net has non-BUF driver and too many loads | 1          |
| TIMING-16 | Warning  | Large setup violation                           | 110        |
| TIMING-18 | Warning  | Missing input or output delay                   | 20         |
+-----------+----------+-------------------------------------------------+------------+

2. REPORT DETAILS
-----------------
CKLD-1#1 Warning
Clock Net has non-BUF driver and too many loads  
Clock net system_i/processing_system7_0/inst/FCLK_CLK0 is not driven by a Clock Buffer and has more than 512 loads. Driver(s): system_i/processing_system7_0/inst/PS7_i/FCLKCLK[0]
Related violations: <none>

TIMING-16#1 Warning
Large setup violation  
There is a large setup violation of -1.001 ns between system_i/Pro_FPGA_ctrl_0/U0/Pro_FPGA_ctrl_v1_0_S00_AXI_inst/inst_TOP/inst_fun_ssd1309/inst_fun_display_am2302/inst_fun_d_ram_ssd1309/d_ram_offset_line_reg[2]/C (clocked by clk_fpga_0) and system_i/Pro_FPGA_ctrl_0/U0/Pro_FPGA_ctrl_v1_0_S00_AXI_inst/inst_TOP/inst_fun_ssd1309/inst_fun_display_am2302/inst_fun_d_ram_ssd1309/inst_d_ram_ssd1309/ssd1309_ram_reg[125][15]/D (clocked by clk_fpga_0). Large setup violations at the end of those stages might be difficult to fix during the post-placement implementation flow and could be the result of non-optimal XDC constraints or non-optimal design architecture
Related violations: <none>

TIMING-16#2 Warning
Large setup violation  
There is a large setup violation of -1.001 ns between system_i/Pro_FPGA_ctrl_0/U0/Pro_FPGA_ctrl_v1_0_S00_AXI_inst/inst_TOP/inst_fun_ssd1309/inst_fun_display_am2302/inst_fun_d_ram_ssd1309/d_ram_offset_line_reg[2]/C (clocked by clk_fpga_0) and system_i/Pro_FPGA_ctrl_0/U0/Pro_FPGA_ctrl_v1_0_S00_AXI_inst/inst_TOP/inst_fun_ssd1309/inst_fun_display_am2302/inst_fun_d_ram_ssd1309/inst_d_ram_ssd1309/ssd1309_ram_reg[61][31]/D (clocked by clk_fpga_0). Large setup violations at the end of those stages might be difficult to fix during the post-placement implementation flow and could be the result of non-optimal XDC constraints or non-optimal design architecture
Related violations: <none>

TIMING-16#3 Warning
Large setup violation  
There is a large setup violation of -1.003 ns between system_i/Pro_FPGA_ctrl_0/U0/Pro_FPGA_ctrl_v1_0_S00_AXI_inst/inst_TOP/inst_fun_ssd1309/inst_fun_display_am2302/inst_fun_d_ram_ssd1309/d_ram_offset_line_reg[2]/C (clocked by clk_fpga_0) and system_i/Pro_FPGA_ctrl_0/U0/Pro_FPGA_ctrl_v1_0_S00_AXI_inst/inst_TOP/inst_fun_ssd1309/inst_fun_display_am2302/inst_fun_d_ram_ssd1309/inst_d_ram_ssd1309/ssd1309_ram_reg[94][5]/D (clocked by clk_fpga_0). Large setup violations at the end of those stages might be difficult to fix during the post-placement implementation flow and could be the result of non-optimal XDC constraints or non-optimal design architecture
Related violations: <none>

TIMING-16#4 Warning
Large setup violation  
There is a large setup violation of -1.003 ns between system_i/Pro_FPGA_ctrl_0/U0/Pro_FPGA_ctrl_v1_0_S00_AXI_inst/inst_TOP/inst_fun_ssd1309/inst_fun_display_am2302/inst_fun_d_ram_ssd1309/d_ram_offset_line_reg[7]/C (clocked by clk_fpga_0) and system_i/Pro_FPGA_ctrl_0/U0/Pro_FPGA_ctrl_v1_0_S00_AXI_inst/inst_TOP/inst_fun_ssd1309/inst_fun_display_am2302/inst_fun_d_ram_ssd1309/inst_d_ram_ssd1309/ssd1309_ram_reg[73][47]/D (clocked by clk_fpga_0). Large setup violations at the end of those stages might be difficult to fix during the post-placement implementation flow and could be the result of non-optimal XDC constraints or non-optimal design architecture
Related violations: <none>

TIMING-16#5 Warning
Large setup violation  
There is a large setup violation of -1.005 ns between system_i/Pro_FPGA_ctrl_0/U0/Pro_FPGA_ctrl_v1_0_S00_AXI_inst/inst_TOP/inst_fun_ssd1309/inst_fun_display_am2302/inst_fun_d_ram_ssd1309/d_ram_offset_line_reg[2]/C (clocked by clk_fpga_0) and system_i/Pro_FPGA_ctrl_0/U0/Pro_FPGA_ctrl_v1_0_S00_AXI_inst/inst_TOP/inst_fun_ssd1309/inst_fun_display_am2302/inst_fun_d_ram_ssd1309/inst_d_ram_ssd1309/ssd1309_ram_reg[77][15]/D (clocked by clk_fpga_0). Large setup violations at the end of those stages might be difficult to fix during the post-placement implementation flow and could be the result of non-optimal XDC constraints or non-optimal design architecture
Related violations: <none>

TIMING-16#6 Warning
Large setup violation  
There is a large setup violation of -1.006 ns between system_i/Pro_FPGA_ctrl_0/U0/Pro_FPGA_ctrl_v1_0_S00_AXI_inst/inst_TOP/inst_fun_ssd1309/inst_fun_display_am2302/inst_fun_d_ram_ssd1309/d_ram_offset_line_reg[2]/C (clocked by clk_fpga_0) and system_i/Pro_FPGA_ctrl_0/U0/Pro_FPGA_ctrl_v1_0_S00_AXI_inst/inst_TOP/inst_fun_ssd1309/inst_fun_display_am2302/inst_fun_d_ram_ssd1309/inst_d_ram_ssd1309/ssd1309_ram_reg[18][16]/D (clocked by clk_fpga_0). Large setup violations at the end of those stages might be difficult to fix during the post-placement implementation flow and could be the result of non-optimal XDC constraints or non-optimal design architecture
Related violations: <none>

TIMING-16#7 Warning
Large setup violation  
There is a large setup violation of -1.008 ns between system_i/Pro_FPGA_ctrl_0/U0/Pro_FPGA_ctrl_v1_0_S00_AXI_inst/inst_TOP/inst_fun_ssd1309/inst_fun_display_am2302/inst_fun_d_ram_ssd1309/d_ram_offset_line_reg[2]/C (clocked by clk_fpga_0) and system_i/Pro_FPGA_ctrl_0/U0/Pro_FPGA_ctrl_v1_0_S00_AXI_inst/inst_TOP/inst_fun_ssd1309/inst_fun_display_am2302/inst_fun_d_ram_ssd1309/inst_d_ram_ssd1309/ssd1309_ram_reg[4][39]/D (clocked by clk_fpga_0). Large setup violations at the end of those stages might be difficult to fix during the post-placement implementation flow and could be the result of non-optimal XDC constraints or non-optimal design architecture
Related violations: <none>

TIMING-16#8 Warning
Large setup violation  
There is a large setup violation of -1.008 ns between system_i/Pro_FPGA_ctrl_0/U0/Pro_FPGA_ctrl_v1_0_S00_AXI_inst/inst_TOP/inst_fun_ssd1309/inst_fun_display_am2302/inst_fun_d_ram_ssd1309/d_ram_offset_line_reg[2]/C (clocked by clk_fpga_0) and system_i/Pro_FPGA_ctrl_0/U0/Pro_FPGA_ctrl_v1_0_S00_AXI_inst/inst_TOP/inst_fun_ssd1309/inst_fun_display_am2302/inst_fun_d_ram_ssd1309/inst_d_ram_ssd1309/ssd1309_ram_reg[84][39]/D (clocked by clk_fpga_0). Large setup violations at the end of those stages might be difficult to fix during the post-placement implementation flow and could be the result of non-optimal XDC constraints or non-optimal design architecture
Related violations: <none>

TIMING-16#9 Warning
Large setup violation  
There is a large setup violation of -1.010 ns between system_i/Pro_FPGA_ctrl_0/U0/Pro_FPGA_ctrl_v1_0_S00_AXI_inst/inst_TOP/inst_fun_ssd1309/inst_fun_display_am2302/inst_fun_d_ram_ssd1309/d_ram_offset_line_reg[2]/C (clocked by clk_fpga_0) and system_i/Pro_FPGA_ctrl_0/U0/Pro_FPGA_ctrl_v1_0_S00_AXI_inst/inst_TOP/inst_fun_ssd1309/inst_fun_display_am2302/inst_fun_d_ram_ssd1309/inst_d_ram_ssd1309/ssd1309_ram_reg[38][21]/D (clocked by clk_fpga_0). Large setup violations at the end of those stages might be difficult to fix during the post-placement implementation flow and could be the result of non-optimal XDC constraints or non-optimal design architecture
Related violations: <none>

TIMING-16#10 Warning
Large setup violation  
There is a large setup violation of -1.011 ns between system_i/Pro_FPGA_ctrl_0/U0/Pro_FPGA_ctrl_v1_0_S00_AXI_inst/inst_TOP/inst_fun_ssd1309/inst_fun_display_am2302/inst_fun_d_ram_ssd1309/d_ram_offset_line_reg[2]/C (clocked by clk_fpga_0) and system_i/Pro_FPGA_ctrl_0/U0/Pro_FPGA_ctrl_v1_0_S00_AXI_inst/inst_TOP/inst_fun_ssd1309/inst_fun_display_am2302/inst_fun_d_ram_ssd1309/inst_d_ram_ssd1309/ssd1309_ram_reg[7][39]/D (clocked by clk_fpga_0). Large setup violations at the end of those stages might be difficult to fix during the post-placement implementation flow and could be the result of non-optimal XDC constraints or non-optimal design architecture
Related violations: <none>

TIMING-16#11 Warning
Large setup violation  
There is a large setup violation of -1.013 ns between system_i/Pro_FPGA_ctrl_0/U0/Pro_FPGA_ctrl_v1_0_S00_AXI_inst/inst_TOP/inst_fun_ssd1309/inst_fun_display_am2302/inst_fun_d_ram_ssd1309/d_ram_offset_line_reg[2]/C (clocked by clk_fpga_0) and system_i/Pro_FPGA_ctrl_0/U0/Pro_FPGA_ctrl_v1_0_S00_AXI_inst/inst_TOP/inst_fun_ssd1309/inst_fun_display_am2302/inst_fun_d_ram_ssd1309/inst_d_ram_ssd1309/ssd1309_ram_reg[93][20]/D (clocked by clk_fpga_0). Large setup violations at the end of those stages might be difficult to fix during the post-placement implementation flow and could be the result of non-optimal XDC constraints or non-optimal design architecture
Related violations: <none>

TIMING-16#12 Warning
Large setup violation  
There is a large setup violation of -1.014 ns between system_i/Pro_FPGA_ctrl_0/U0/Pro_FPGA_ctrl_v1_0_S00_AXI_inst/inst_TOP/inst_fun_ssd1309/inst_fun_display_am2302/inst_fun_d_ram_ssd1309/d_ram_offset_line_reg[7]/C (clocked by clk_fpga_0) and system_i/Pro_FPGA_ctrl_0/U0/Pro_FPGA_ctrl_v1_0_S00_AXI_inst/inst_TOP/inst_fun_ssd1309/inst_fun_display_am2302/inst_fun_d_ram_ssd1309/inst_d_ram_ssd1309/ssd1309_ram_reg[73][8]/D (clocked by clk_fpga_0). Large setup violations at the end of those stages might be difficult to fix during the post-placement implementation flow and could be the result of non-optimal XDC constraints or non-optimal design architecture
Related violations: <none>

TIMING-16#13 Warning
Large setup violation  
There is a large setup violation of -1.016 ns between system_i/Pro_FPGA_ctrl_0/U0/Pro_FPGA_ctrl_v1_0_S00_AXI_inst/inst_TOP/inst_fun_ssd1309/inst_fun_display_am2302/inst_fun_d_ram_ssd1309/d_ram_offset_row_reg[5]_rep/C (clocked by clk_fpga_0) and system_i/Pro_FPGA_ctrl_0/U0/Pro_FPGA_ctrl_v1_0_S00_AXI_inst/inst_TOP/inst_fun_ssd1309/inst_fun_display_am2302/inst_fun_d_ram_ssd1309/inst_d_ram_ssd1309/ssd1309_ram_reg[108][21]/D (clocked by clk_fpga_0). Large setup violations at the end of those stages might be difficult to fix during the post-placement implementation flow and could be the result of non-optimal XDC constraints or non-optimal design architecture
Related violations: <none>

TIMING-16#14 Warning
Large setup violation  
There is a large setup violation of -1.016 ns between system_i/Pro_FPGA_ctrl_0/U0/Pro_FPGA_ctrl_v1_0_S00_AXI_inst/inst_TOP/inst_fun_ssd1309/inst_fun_display_am2302/inst_fun_d_ram_ssd1309/d_ram_offset_row_reg[5]_rep/C (clocked by clk_fpga_0) and system_i/Pro_FPGA_ctrl_0/U0/Pro_FPGA_ctrl_v1_0_S00_AXI_inst/inst_TOP/inst_fun_ssd1309/inst_fun_display_am2302/inst_fun_d_ram_ssd1309/inst_d_ram_ssd1309/ssd1309_ram_reg[88][24]/D (clocked by clk_fpga_0). Large setup violations at the end of those stages might be difficult to fix during the post-placement implementation flow and could be the result of non-optimal XDC constraints or non-optimal design architecture
Related violations: <none>

TIMING-16#15 Warning
Large setup violation  
There is a large setup violation of -1.018 ns between system_i/Pro_FPGA_ctrl_0/U0/Pro_FPGA_ctrl_v1_0_S00_AXI_inst/inst_TOP/inst_fun_ssd1309/inst_fun_display_am2302/inst_fun_d_ram_ssd1309/d_ram_offset_line_reg[2]/C (clocked by clk_fpga_0) and system_i/Pro_FPGA_ctrl_0/U0/Pro_FPGA_ctrl_v1_0_S00_AXI_inst/inst_TOP/inst_fun_ssd1309/inst_fun_display_am2302/inst_fun_d_ram_ssd1309/inst_d_ram_ssd1309/ssd1309_ram_reg[57][9]/D (clocked by clk_fpga_0). Large setup violations at the end of those stages might be difficult to fix during the post-placement implementation flow and could be the result of non-optimal XDC constraints or non-optimal design architecture
Related violations: <none>

TIMING-16#16 Warning
Large setup violation  
There is a large setup violation of -1.020 ns between system_i/Pro_FPGA_ctrl_0/U0/Pro_FPGA_ctrl_v1_0_S00_AXI_inst/inst_TOP/inst_fun_ssd1309/inst_fun_display_am2302/inst_fun_d_ram_ssd1309/d_ram_offset_line_reg[2]/C (clocked by clk_fpga_0) and system_i/Pro_FPGA_ctrl_0/U0/Pro_FPGA_ctrl_v1_0_S00_AXI_inst/inst_TOP/inst_fun_ssd1309/inst_fun_display_am2302/inst_fun_d_ram_ssd1309/inst_d_ram_ssd1309/ssd1309_ram_reg[92][31]/D (clocked by clk_fpga_0). Large setup violations at the end of those stages might be difficult to fix during the post-placement implementation flow and could be the result of non-optimal XDC constraints or non-optimal design architecture
Related violations: <none>

TIMING-16#17 Warning
Large setup violation  
There is a large setup violation of -1.022 ns between system_i/Pro_FPGA_ctrl_0/U0/Pro_FPGA_ctrl_v1_0_S00_AXI_inst/inst_TOP/inst_fun_ssd1309/inst_fun_display_am2302/inst_fun_d_ram_ssd1309/d_ram_offset_line_reg[2]/C (clocked by clk_fpga_0) and system_i/Pro_FPGA_ctrl_0/U0/Pro_FPGA_ctrl_v1_0_S00_AXI_inst/inst_TOP/inst_fun_ssd1309/inst_fun_display_am2302/inst_fun_d_ram_ssd1309/inst_d_ram_ssd1309/ssd1309_ram_reg[1][19]/D (clocked by clk_fpga_0). Large setup violations at the end of those stages might be difficult to fix during the post-placement implementation flow and could be the result of non-optimal XDC constraints or non-optimal design architecture
Related violations: <none>

TIMING-16#18 Warning
Large setup violation  
There is a large setup violation of -1.029 ns between system_i/Pro_FPGA_ctrl_0/U0/Pro_FPGA_ctrl_v1_0_S00_AXI_inst/inst_TOP/inst_fun_ssd1309/inst_fun_display_am2302/inst_fun_d_ram_ssd1309/d_ram_offset_line_reg[2]/C (clocked by clk_fpga_0) and system_i/Pro_FPGA_ctrl_0/U0/Pro_FPGA_ctrl_v1_0_S00_AXI_inst/inst_TOP/inst_fun_ssd1309/inst_fun_display_am2302/inst_fun_d_ram_ssd1309/inst_d_ram_ssd1309/ssd1309_ram_reg[63][31]/D (clocked by clk_fpga_0). Large setup violations at the end of those stages might be difficult to fix during the post-placement implementation flow and could be the result of non-optimal XDC constraints or non-optimal design architecture
Related violations: <none>

TIMING-16#19 Warning
Large setup violation  
There is a large setup violation of -1.034 ns between system_i/Pro_FPGA_ctrl_0/U0/Pro_FPGA_ctrl_v1_0_S00_AXI_inst/inst_TOP/inst_fun_ssd1309/inst_fun_display_am2302/inst_fun_d_ram_ssd1309/d_ram_offset_line_reg[7]/C (clocked by clk_fpga_0) and system_i/Pro_FPGA_ctrl_0/U0/Pro_FPGA_ctrl_v1_0_S00_AXI_inst/inst_TOP/inst_fun_ssd1309/inst_fun_display_am2302/inst_fun_d_ram_ssd1309/inst_d_ram_ssd1309/ssd1309_ram_reg[69][55]/D (clocked by clk_fpga_0). Large setup violations at the end of those stages might be difficult to fix during the post-placement implementation flow and could be the result of non-optimal XDC constraints or non-optimal design architecture
Related violations: <none>

TIMING-16#20 Warning
Large setup violation  
There is a large setup violation of -1.042 ns between system_i/Pro_FPGA_ctrl_0/U0/Pro_FPGA_ctrl_v1_0_S00_AXI_inst/inst_TOP/inst_fun_ssd1309/inst_fun_display_am2302/inst_fun_d_ram_ssd1309/d_ram_offset_line_reg[2]/C (clocked by clk_fpga_0) and system_i/Pro_FPGA_ctrl_0/U0/Pro_FPGA_ctrl_v1_0_S00_AXI_inst/inst_TOP/inst_fun_ssd1309/inst_fun_display_am2302/inst_fun_d_ram_ssd1309/inst_d_ram_ssd1309/ssd1309_ram_reg[92][24]/D (clocked by clk_fpga_0). Large setup violations at the end of those stages might be difficult to fix during the post-placement implementation flow and could be the result of non-optimal XDC constraints or non-optimal design architecture
Related violations: <none>

TIMING-16#21 Warning
Large setup violation  
There is a large setup violation of -1.043 ns between system_i/Pro_FPGA_ctrl_0/U0/Pro_FPGA_ctrl_v1_0_S00_AXI_inst/inst_TOP/inst_fun_ssd1309/inst_fun_display_am2302/inst_fun_d_ram_ssd1309/d_ram_offset_line_reg[2]/C (clocked by clk_fpga_0) and system_i/Pro_FPGA_ctrl_0/U0/Pro_FPGA_ctrl_v1_0_S00_AXI_inst/inst_TOP/inst_fun_ssd1309/inst_fun_display_am2302/inst_fun_d_ram_ssd1309/inst_d_ram_ssd1309/ssd1309_ram_reg[64][14]/D (clocked by clk_fpga_0). Large setup violations at the end of those stages might be difficult to fix during the post-placement implementation flow and could be the result of non-optimal XDC constraints or non-optimal design architecture
Related violations: <none>

TIMING-16#22 Warning
Large setup violation  
There is a large setup violation of -1.044 ns between system_i/Pro_FPGA_ctrl_0/U0/Pro_FPGA_ctrl_v1_0_S00_AXI_inst/inst_TOP/inst_fun_ssd1309/inst_fun_display_am2302/inst_fun_d_ram_ssd1309/d_ram_offset_row_reg[5]_rep/C (clocked by clk_fpga_0) and system_i/Pro_FPGA_ctrl_0/U0/Pro_FPGA_ctrl_v1_0_S00_AXI_inst/inst_TOP/inst_fun_ssd1309/inst_fun_display_am2302/inst_fun_d_ram_ssd1309/inst_d_ram_ssd1309/ssd1309_ram_reg[100][24]/D (clocked by clk_fpga_0). Large setup violations at the end of those stages might be difficult to fix during the post-placement implementation flow and could be the result of non-optimal XDC constraints or non-optimal design architecture
Related violations: <none>

TIMING-16#23 Warning
Large setup violation  
There is a large setup violation of -1.045 ns between system_i/Pro_FPGA_ctrl_0/U0/Pro_FPGA_ctrl_v1_0_S00_AXI_inst/inst_TOP/inst_fun_ssd1309/inst_fun_display_am2302/inst_fun_d_ram_ssd1309/d_ram_offset_line_reg[2]/C (clocked by clk_fpga_0) and system_i/Pro_FPGA_ctrl_0/U0/Pro_FPGA_ctrl_v1_0_S00_AXI_inst/inst_TOP/inst_fun_ssd1309/inst_fun_display_am2302/inst_fun_d_ram_ssd1309/inst_d_ram_ssd1309/ssd1309_ram_reg[51][15]/D (clocked by clk_fpga_0). Large setup violations at the end of those stages might be difficult to fix during the post-placement implementation flow and could be the result of non-optimal XDC constraints or non-optimal design architecture
Related violations: <none>

TIMING-16#24 Warning
Large setup violation  
There is a large setup violation of -1.049 ns between system_i/Pro_FPGA_ctrl_0/U0/Pro_FPGA_ctrl_v1_0_S00_AXI_inst/inst_TOP/inst_fun_ssd1309/inst_fun_display_am2302/inst_fun_d_ram_ssd1309/d_ram_offset_row_reg[5]_rep/C (clocked by clk_fpga_0) and system_i/Pro_FPGA_ctrl_0/U0/Pro_FPGA_ctrl_v1_0_S00_AXI_inst/inst_TOP/inst_fun_ssd1309/inst_fun_display_am2302/inst_fun_d_ram_ssd1309/inst_d_ram_ssd1309/ssd1309_ram_reg[82][24]/D (clocked by clk_fpga_0). Large setup violations at the end of those stages might be difficult to fix during the post-placement implementation flow and could be the result of non-optimal XDC constraints or non-optimal design architecture
Related violations: <none>

TIMING-16#25 Warning
Large setup violation  
There is a large setup violation of -1.059 ns between system_i/Pro_FPGA_ctrl_0/U0/Pro_FPGA_ctrl_v1_0_S00_AXI_inst/inst_TOP/inst_fun_ssd1309/inst_fun_display_am2302/inst_fun_d_ram_ssd1309/d_ram_offset_line_reg[2]/C (clocked by clk_fpga_0) and system_i/Pro_FPGA_ctrl_0/U0/Pro_FPGA_ctrl_v1_0_S00_AXI_inst/inst_TOP/inst_fun_ssd1309/inst_fun_display_am2302/inst_fun_d_ram_ssd1309/inst_d_ram_ssd1309/ssd1309_ram_reg[50][15]/D (clocked by clk_fpga_0). Large setup violations at the end of those stages might be difficult to fix during the post-placement implementation flow and could be the result of non-optimal XDC constraints or non-optimal design architecture
Related violations: <none>

TIMING-16#26 Warning
Large setup violation  
There is a large setup violation of -1.072 ns between system_i/Pro_FPGA_ctrl_0/U0/Pro_FPGA_ctrl_v1_0_S00_AXI_inst/inst_TOP/inst_fun_ssd1309/inst_fun_display_am2302/inst_fun_d_ram_ssd1309/d_ram_offset_line_reg[2]/C (clocked by clk_fpga_0) and system_i/Pro_FPGA_ctrl_0/U0/Pro_FPGA_ctrl_v1_0_S00_AXI_inst/inst_TOP/inst_fun_ssd1309/inst_fun_display_am2302/inst_fun_d_ram_ssd1309/inst_d_ram_ssd1309/ssd1309_ram_reg[99][31]/D (clocked by clk_fpga_0). Large setup violations at the end of those stages might be difficult to fix during the post-placement implementation flow and could be the result of non-optimal XDC constraints or non-optimal design architecture
Related violations: <none>

TIMING-16#27 Warning
Large setup violation  
There is a large setup violation of -1.074 ns between system_i/Pro_FPGA_ctrl_0/U0/Pro_FPGA_ctrl_v1_0_S00_AXI_inst/inst_TOP/inst_fun_ssd1309/inst_fun_display_am2302/inst_fun_d_ram_ssd1309/d_ram_offset_row_reg[5]_rep/C (clocked by clk_fpga_0) and system_i/Pro_FPGA_ctrl_0/U0/Pro_FPGA_ctrl_v1_0_S00_AXI_inst/inst_TOP/inst_fun_ssd1309/inst_fun_display_am2302/inst_fun_d_ram_ssd1309/inst_d_ram_ssd1309/ssd1309_ram_reg[77][11]/D (clocked by clk_fpga_0). Large setup violations at the end of those stages might be difficult to fix during the post-placement implementation flow and could be the result of non-optimal XDC constraints or non-optimal design architecture
Related violations: <none>

TIMING-16#28 Warning
Large setup violation  
There is a large setup violation of -1.077 ns between system_i/Pro_FPGA_ctrl_0/U0/Pro_FPGA_ctrl_v1_0_S00_AXI_inst/inst_TOP/inst_fun_ssd1309/inst_fun_display_am2302/inst_fun_d_ram_ssd1309/d_ram_offset_line_reg[2]/C (clocked by clk_fpga_0) and system_i/Pro_FPGA_ctrl_0/U0/Pro_FPGA_ctrl_v1_0_S00_AXI_inst/inst_TOP/inst_fun_ssd1309/inst_fun_display_am2302/inst_fun_d_ram_ssd1309/inst_d_ram_ssd1309/ssd1309_ram_reg[86][39]/D (clocked by clk_fpga_0). Large setup violations at the end of those stages might be difficult to fix during the post-placement implementation flow and could be the result of non-optimal XDC constraints or non-optimal design architecture
Related violations: <none>

TIMING-16#29 Warning
Large setup violation  
There is a large setup violation of -1.078 ns between system_i/Pro_FPGA_ctrl_0/U0/Pro_FPGA_ctrl_v1_0_S00_AXI_inst/inst_TOP/inst_fun_ssd1309/inst_fun_display_am2302/inst_fun_d_ram_ssd1309/d_ram_offset_line_reg[2]/C (clocked by clk_fpga_0) and system_i/Pro_FPGA_ctrl_0/U0/Pro_FPGA_ctrl_v1_0_S00_AXI_inst/inst_TOP/inst_fun_ssd1309/inst_fun_display_am2302/inst_fun_d_ram_ssd1309/inst_d_ram_ssd1309/ssd1309_ram_reg[119][47]/D (clocked by clk_fpga_0). Large setup violations at the end of those stages might be difficult to fix during the post-placement implementation flow and could be the result of non-optimal XDC constraints or non-optimal design architecture
Related violations: <none>

TIMING-16#30 Warning
Large setup violation  
There is a large setup violation of -1.080 ns between system_i/Pro_FPGA_ctrl_0/U0/Pro_FPGA_ctrl_v1_0_S00_AXI_inst/inst_TOP/inst_fun_ssd1309/inst_fun_display_am2302/inst_fun_d_ram_ssd1309/d_ram_offset_row_reg[5]_rep/C (clocked by clk_fpga_0) and system_i/Pro_FPGA_ctrl_0/U0/Pro_FPGA_ctrl_v1_0_S00_AXI_inst/inst_TOP/inst_fun_ssd1309/inst_fun_display_am2302/inst_fun_d_ram_ssd1309/inst_d_ram_ssd1309/ssd1309_ram_reg[107][21]/D (clocked by clk_fpga_0). Large setup violations at the end of those stages might be difficult to fix during the post-placement implementation flow and could be the result of non-optimal XDC constraints or non-optimal design architecture
Related violations: <none>

TIMING-16#31 Warning
Large setup violation  
There is a large setup violation of -1.082 ns between system_i/Pro_FPGA_ctrl_0/U0/Pro_FPGA_ctrl_v1_0_S00_AXI_inst/inst_TOP/inst_fun_ssd1309/inst_fun_display_am2302/inst_fun_d_ram_ssd1309/d_ram_offset_line_reg[2]/C (clocked by clk_fpga_0) and system_i/Pro_FPGA_ctrl_0/U0/Pro_FPGA_ctrl_v1_0_S00_AXI_inst/inst_TOP/inst_fun_ssd1309/inst_fun_display_am2302/inst_fun_d_ram_ssd1309/inst_d_ram_ssd1309/ssd1309_ram_reg[54][15]/D (clocked by clk_fpga_0). Large setup violations at the end of those stages might be difficult to fix during the post-placement implementation flow and could be the result of non-optimal XDC constraints or non-optimal design architecture
Related violations: <none>

TIMING-16#32 Warning
Large setup violation  
There is a large setup violation of -1.084 ns between system_i/Pro_FPGA_ctrl_0/U0/Pro_FPGA_ctrl_v1_0_S00_AXI_inst/inst_TOP/inst_fun_ssd1309/inst_fun_display_am2302/inst_fun_d_ram_ssd1309/d_ram_offset_line_reg[2]/C (clocked by clk_fpga_0) and system_i/Pro_FPGA_ctrl_0/U0/Pro_FPGA_ctrl_v1_0_S00_AXI_inst/inst_TOP/inst_fun_ssd1309/inst_fun_display_am2302/inst_fun_d_ram_ssd1309/inst_d_ram_ssd1309/ssd1309_ram_reg[91][47]/D (clocked by clk_fpga_0). Large setup violations at the end of those stages might be difficult to fix during the post-placement implementation flow and could be the result of non-optimal XDC constraints or non-optimal design architecture
Related violations: <none>

TIMING-16#33 Warning
Large setup violation  
There is a large setup violation of -1.084 ns between system_i/Pro_FPGA_ctrl_0/U0/Pro_FPGA_ctrl_v1_0_S00_AXI_inst/inst_TOP/inst_fun_ssd1309/inst_fun_display_am2302/inst_fun_d_ram_ssd1309/d_ram_offset_line_reg[7]/C (clocked by clk_fpga_0) and system_i/Pro_FPGA_ctrl_0/U0/Pro_FPGA_ctrl_v1_0_S00_AXI_inst/inst_TOP/inst_fun_ssd1309/inst_fun_display_am2302/inst_fun_d_ram_ssd1309/inst_d_ram_ssd1309/ssd1309_ram_reg[66][5]/D (clocked by clk_fpga_0). Large setup violations at the end of those stages might be difficult to fix during the post-placement implementation flow and could be the result of non-optimal XDC constraints or non-optimal design architecture
Related violations: <none>

TIMING-16#34 Warning
Large setup violation  
There is a large setup violation of -1.091 ns between system_i/Pro_FPGA_ctrl_0/U0/Pro_FPGA_ctrl_v1_0_S00_AXI_inst/inst_TOP/inst_fun_ssd1309/inst_fun_display_am2302/inst_fun_d_ram_ssd1309/d_ram_offset_line_reg[2]/C (clocked by clk_fpga_0) and system_i/Pro_FPGA_ctrl_0/U0/Pro_FPGA_ctrl_v1_0_S00_AXI_inst/inst_TOP/inst_fun_ssd1309/inst_fun_display_am2302/inst_fun_d_ram_ssd1309/inst_d_ram_ssd1309/ssd1309_ram_reg[52][15]/D (clocked by clk_fpga_0). Large setup violations at the end of those stages might be difficult to fix during the post-placement implementation flow and could be the result of non-optimal XDC constraints or non-optimal design architecture
Related violations: <none>

TIMING-16#35 Warning
Large setup violation  
There is a large setup violation of -1.093 ns between system_i/Pro_FPGA_ctrl_0/U0/Pro_FPGA_ctrl_v1_0_S00_AXI_inst/inst_TOP/inst_fun_ssd1309/inst_fun_display_am2302/inst_fun_d_ram_ssd1309/d_ram_offset_line_reg[2]/C (clocked by clk_fpga_0) and system_i/Pro_FPGA_ctrl_0/U0/Pro_FPGA_ctrl_v1_0_S00_AXI_inst/inst_TOP/inst_fun_ssd1309/inst_fun_display_am2302/inst_fun_d_ram_ssd1309/inst_d_ram_ssd1309/ssd1309_ram_reg[91][39]/D (clocked by clk_fpga_0). Large setup violations at the end of those stages might be difficult to fix during the post-placement implementation flow and could be the result of non-optimal XDC constraints or non-optimal design architecture
Related violations: <none>

TIMING-16#36 Warning
Large setup violation  
There is a large setup violation of -1.096 ns between system_i/Pro_FPGA_ctrl_0/U0/Pro_FPGA_ctrl_v1_0_S00_AXI_inst/inst_TOP/inst_fun_ssd1309/inst_fun_display_am2302/inst_fun_d_ram_ssd1309/d_ram_offset_line_reg[7]/C (clocked by clk_fpga_0) and system_i/Pro_FPGA_ctrl_0/U0/Pro_FPGA_ctrl_v1_0_S00_AXI_inst/inst_TOP/inst_fun_ssd1309/inst_fun_display_am2302/inst_fun_d_ram_ssd1309/inst_d_ram_ssd1309/ssd1309_ram_reg[68][59]/D (clocked by clk_fpga_0). Large setup violations at the end of those stages might be difficult to fix during the post-placement implementation flow and could be the result of non-optimal XDC constraints or non-optimal design architecture
Related violations: <none>

TIMING-16#37 Warning
Large setup violation  
There is a large setup violation of -1.099 ns between system_i/Pro_FPGA_ctrl_0/U0/Pro_FPGA_ctrl_v1_0_S00_AXI_inst/inst_TOP/inst_fun_ssd1309/inst_fun_display_am2302/inst_fun_d_ram_ssd1309/d_ram_offset_line_reg[2]/C (clocked by clk_fpga_0) and system_i/Pro_FPGA_ctrl_0/U0/Pro_FPGA_ctrl_v1_0_S00_AXI_inst/inst_TOP/inst_fun_ssd1309/inst_fun_display_am2302/inst_fun_d_ram_ssd1309/inst_d_ram_ssd1309/ssd1309_ram_reg[67][35]/D (clocked by clk_fpga_0). Large setup violations at the end of those stages might be difficult to fix during the post-placement implementation flow and could be the result of non-optimal XDC constraints or non-optimal design architecture
Related violations: <none>

TIMING-16#38 Warning
Large setup violation  
There is a large setup violation of -1.105 ns between system_i/Pro_FPGA_ctrl_0/U0/Pro_FPGA_ctrl_v1_0_S00_AXI_inst/inst_TOP/inst_fun_ssd1309/inst_fun_display_am2302/inst_fun_d_ram_ssd1309/d_ram_offset_line_reg[2]/C (clocked by clk_fpga_0) and system_i/Pro_FPGA_ctrl_0/U0/Pro_FPGA_ctrl_v1_0_S00_AXI_inst/inst_TOP/inst_fun_ssd1309/inst_fun_display_am2302/inst_fun_d_ram_ssd1309/inst_d_ram_ssd1309/ssd1309_ram_reg[94][8]/D (clocked by clk_fpga_0). Large setup violations at the end of those stages might be difficult to fix during the post-placement implementation flow and could be the result of non-optimal XDC constraints or non-optimal design architecture
Related violations: <none>

TIMING-16#39 Warning
Large setup violation  
There is a large setup violation of -1.106 ns between system_i/Pro_FPGA_ctrl_0/U0/Pro_FPGA_ctrl_v1_0_S00_AXI_inst/inst_TOP/inst_fun_ssd1309/inst_fun_display_am2302/inst_fun_d_ram_ssd1309/d_ram_offset_line_reg[2]/C (clocked by clk_fpga_0) and system_i/Pro_FPGA_ctrl_0/U0/Pro_FPGA_ctrl_v1_0_S00_AXI_inst/inst_TOP/inst_fun_ssd1309/inst_fun_display_am2302/inst_fun_d_ram_ssd1309/inst_d_ram_ssd1309/ssd1309_ram_reg[94][39]/D (clocked by clk_fpga_0). Large setup violations at the end of those stages might be difficult to fix during the post-placement implementation flow and could be the result of non-optimal XDC constraints or non-optimal design architecture
Related violations: <none>

TIMING-16#40 Warning
Large setup violation  
There is a large setup violation of -1.111 ns between system_i/Pro_FPGA_ctrl_0/U0/Pro_FPGA_ctrl_v1_0_S00_AXI_inst/inst_TOP/inst_fun_ssd1309/inst_fun_display_am2302/inst_fun_d_ram_ssd1309/d_ram_offset_line_reg[2]/C (clocked by clk_fpga_0) and system_i/Pro_FPGA_ctrl_0/U0/Pro_FPGA_ctrl_v1_0_S00_AXI_inst/inst_TOP/inst_fun_ssd1309/inst_fun_display_am2302/inst_fun_d_ram_ssd1309/inst_d_ram_ssd1309/ssd1309_ram_reg[55][15]/D (clocked by clk_fpga_0). Large setup violations at the end of those stages might be difficult to fix during the post-placement implementation flow and could be the result of non-optimal XDC constraints or non-optimal design architecture
Related violations: <none>

TIMING-16#41 Warning
Large setup violation  
There is a large setup violation of -1.117 ns between system_i/Pro_FPGA_ctrl_0/U0/Pro_FPGA_ctrl_v1_0_S00_AXI_inst/inst_TOP/inst_fun_ssd1309/inst_fun_display_am2302/inst_fun_d_ram_ssd1309/d_ram_offset_line_reg[2]/C (clocked by clk_fpga_0) and system_i/Pro_FPGA_ctrl_0/U0/Pro_FPGA_ctrl_v1_0_S00_AXI_inst/inst_TOP/inst_fun_ssd1309/inst_fun_display_am2302/inst_fun_d_ram_ssd1309/inst_d_ram_ssd1309/ssd1309_ram_reg[120][39]/D (clocked by clk_fpga_0). Large setup violations at the end of those stages might be difficult to fix during the post-placement implementation flow and could be the result of non-optimal XDC constraints or non-optimal design architecture
Related violations: <none>

TIMING-16#42 Warning
Large setup violation  
There is a large setup violation of -1.119 ns between system_i/Pro_FPGA_ctrl_0/U0/Pro_FPGA_ctrl_v1_0_S00_AXI_inst/inst_TOP/inst_fun_ssd1309/inst_fun_display_am2302/inst_fun_d_ram_ssd1309/d_ram_offset_line_reg[2]/C (clocked by clk_fpga_0) and system_i/Pro_FPGA_ctrl_0/U0/Pro_FPGA_ctrl_v1_0_S00_AXI_inst/inst_TOP/inst_fun_ssd1309/inst_fun_display_am2302/inst_fun_d_ram_ssd1309/inst_d_ram_ssd1309/ssd1309_ram_reg[76][15]/D (clocked by clk_fpga_0). Large setup violations at the end of those stages might be difficult to fix during the post-placement implementation flow and could be the result of non-optimal XDC constraints or non-optimal design architecture
Related violations: <none>

TIMING-16#43 Warning
Large setup violation  
There is a large setup violation of -1.120 ns between system_i/Pro_FPGA_ctrl_0/U0/Pro_FPGA_ctrl_v1_0_S00_AXI_inst/inst_TOP/inst_fun_ssd1309/inst_fun_display_am2302/inst_fun_d_ram_ssd1309/d_ram_offset_line_reg[7]/C (clocked by clk_fpga_0) and system_i/Pro_FPGA_ctrl_0/U0/Pro_FPGA_ctrl_v1_0_S00_AXI_inst/inst_TOP/inst_fun_ssd1309/inst_fun_display_am2302/inst_fun_d_ram_ssd1309/inst_d_ram_ssd1309/ssd1309_ram_reg[69][31]/D (clocked by clk_fpga_0). Large setup violations at the end of those stages might be difficult to fix during the post-placement implementation flow and could be the result of non-optimal XDC constraints or non-optimal design architecture
Related violations: <none>

TIMING-16#44 Warning
Large setup violation  
There is a large setup violation of -1.120 ns between system_i/Pro_FPGA_ctrl_0/U0/Pro_FPGA_ctrl_v1_0_S00_AXI_inst/inst_TOP/inst_fun_ssd1309/inst_fun_display_am2302/inst_fun_d_ram_ssd1309/d_ram_offset_line_reg[7]/C (clocked by clk_fpga_0) and system_i/Pro_FPGA_ctrl_0/U0/Pro_FPGA_ctrl_v1_0_S00_AXI_inst/inst_TOP/inst_fun_ssd1309/inst_fun_display_am2302/inst_fun_d_ram_ssd1309/inst_d_ram_ssd1309/ssd1309_ram_reg[72][5]/D (clocked by clk_fpga_0). Large setup violations at the end of those stages might be difficult to fix during the post-placement implementation flow and could be the result of non-optimal XDC constraints or non-optimal design architecture
Related violations: <none>

TIMING-16#45 Warning
Large setup violation  
There is a large setup violation of -1.122 ns between system_i/Pro_FPGA_ctrl_0/U0/Pro_FPGA_ctrl_v1_0_S00_AXI_inst/inst_TOP/inst_fun_ssd1309/inst_fun_display_am2302/inst_fun_d_ram_ssd1309/d_ram_offset_line_reg[7]/C (clocked by clk_fpga_0) and system_i/Pro_FPGA_ctrl_0/U0/Pro_FPGA_ctrl_v1_0_S00_AXI_inst/inst_TOP/inst_fun_ssd1309/inst_fun_display_am2302/inst_fun_d_ram_ssd1309/inst_d_ram_ssd1309/ssd1309_ram_reg[72][4]/D (clocked by clk_fpga_0). Large setup violations at the end of those stages might be difficult to fix during the post-placement implementation flow and could be the result of non-optimal XDC constraints or non-optimal design architecture
Related violations: <none>

TIMING-16#46 Warning
Large setup violation  
There is a large setup violation of -1.123 ns between system_i/Pro_FPGA_ctrl_0/U0/Pro_FPGA_ctrl_v1_0_S00_AXI_inst/inst_TOP/inst_fun_ssd1309/inst_fun_display_am2302/inst_fun_d_ram_ssd1309/d_ram_offset_line_reg[7]/C (clocked by clk_fpga_0) and system_i/Pro_FPGA_ctrl_0/U0/Pro_FPGA_ctrl_v1_0_S00_AXI_inst/inst_TOP/inst_fun_ssd1309/inst_fun_display_am2302/inst_fun_d_ram_ssd1309/inst_d_ram_ssd1309/ssd1309_ram_reg[66][3]/D (clocked by clk_fpga_0). Large setup violations at the end of those stages might be difficult to fix during the post-placement implementation flow and could be the result of non-optimal XDC constraints or non-optimal design architecture
Related violations: <none>

TIMING-16#47 Warning
Large setup violation  
There is a large setup violation of -1.134 ns between system_i/Pro_FPGA_ctrl_0/U0/Pro_FPGA_ctrl_v1_0_S00_AXI_inst/inst_TOP/inst_fun_ssd1309/inst_fun_display_am2302/inst_fun_d_ram_ssd1309/d_ram_offset_line_reg[7]/C (clocked by clk_fpga_0) and system_i/Pro_FPGA_ctrl_0/U0/Pro_FPGA_ctrl_v1_0_S00_AXI_inst/inst_TOP/inst_fun_ssd1309/inst_fun_display_am2302/inst_fun_d_ram_ssd1309/inst_d_ram_ssd1309/ssd1309_ram_reg[66][2]/D (clocked by clk_fpga_0). Large setup violations at the end of those stages might be difficult to fix during the post-placement implementation flow and could be the result of non-optimal XDC constraints or non-optimal design architecture
Related violations: <none>

TIMING-16#48 Warning
Large setup violation  
There is a large setup violation of -1.136 ns between system_i/Pro_FPGA_ctrl_0/U0/Pro_FPGA_ctrl_v1_0_S00_AXI_inst/inst_TOP/inst_fun_ssd1309/inst_fun_display_am2302/inst_fun_d_ram_ssd1309/d_ram_offset_line_reg[2]/C (clocked by clk_fpga_0) and system_i/Pro_FPGA_ctrl_0/U0/Pro_FPGA_ctrl_v1_0_S00_AXI_inst/inst_TOP/inst_fun_ssd1309/inst_fun_display_am2302/inst_fun_d_ram_ssd1309/inst_d_ram_ssd1309/ssd1309_ram_reg[88][31]/D (clocked by clk_fpga_0). Large setup violations at the end of those stages might be difficult to fix during the post-placement implementation flow and could be the result of non-optimal XDC constraints or non-optimal design architecture
Related violations: <none>

TIMING-16#49 Warning
Large setup violation  
There is a large setup violation of -1.137 ns between system_i/Pro_FPGA_ctrl_0/U0/Pro_FPGA_ctrl_v1_0_S00_AXI_inst/inst_TOP/inst_fun_ssd1309/inst_fun_display_am2302/inst_fun_d_ram_ssd1309/d_ram_offset_line_reg[7]/C (clocked by clk_fpga_0) and system_i/Pro_FPGA_ctrl_0/U0/Pro_FPGA_ctrl_v1_0_S00_AXI_inst/inst_TOP/inst_fun_ssd1309/inst_fun_display_am2302/inst_fun_d_ram_ssd1309/inst_d_ram_ssd1309/ssd1309_ram_reg[75][35]/D (clocked by clk_fpga_0). Large setup violations at the end of those stages might be difficult to fix during the post-placement implementation flow and could be the result of non-optimal XDC constraints or non-optimal design architecture
Related violations: <none>

TIMING-16#50 Warning
Large setup violation  
There is a large setup violation of -1.138 ns between system_i/Pro_FPGA_ctrl_0/U0/Pro_FPGA_ctrl_v1_0_S00_AXI_inst/inst_TOP/inst_fun_ssd1309/inst_fun_display_am2302/inst_fun_d_ram_ssd1309/d_ram_offset_line_reg[7]/C (clocked by clk_fpga_0) and system_i/Pro_FPGA_ctrl_0/U0/Pro_FPGA_ctrl_v1_0_S00_AXI_inst/inst_TOP/inst_fun_ssd1309/inst_fun_display_am2302/inst_fun_d_ram_ssd1309/inst_d_ram_ssd1309/ssd1309_ram_reg[65][34]/D (clocked by clk_fpga_0). Large setup violations at the end of those stages might be difficult to fix during the post-placement implementation flow and could be the result of non-optimal XDC constraints or non-optimal design architecture
Related violations: <none>

TIMING-16#51 Warning
Large setup violation  
There is a large setup violation of -1.141 ns between system_i/Pro_FPGA_ctrl_0/U0/Pro_FPGA_ctrl_v1_0_S00_AXI_inst/inst_TOP/inst_fun_ssd1309/inst_fun_display_am2302/inst_fun_d_ram_ssd1309/d_ram_offset_line_reg[2]/C (clocked by clk_fpga_0) and system_i/Pro_FPGA_ctrl_0/U0/Pro_FPGA_ctrl_v1_0_S00_AXI_inst/inst_TOP/inst_fun_ssd1309/inst_fun_display_am2302/inst_fun_d_ram_ssd1309/inst_d_ram_ssd1309/ssd1309_ram_reg[1][26]/D (clocked by clk_fpga_0). Large setup violations at the end of those stages might be difficult to fix during the post-placement implementation flow and could be the result of non-optimal XDC constraints or non-optimal design architecture
Related violations: <none>

TIMING-16#52 Warning
Large setup violation  
There is a large setup violation of -1.172 ns between system_i/Pro_FPGA_ctrl_0/U0/Pro_FPGA_ctrl_v1_0_S00_AXI_inst/inst_TOP/inst_fun_ssd1309/inst_fun_display_am2302/inst_fun_d_ram_ssd1309/d_ram_offset_line_reg[2]/C (clocked by clk_fpga_0) and system_i/Pro_FPGA_ctrl_0/U0/Pro_FPGA_ctrl_v1_0_S00_AXI_inst/inst_TOP/inst_fun_ssd1309/inst_fun_display_am2302/inst_fun_d_ram_ssd1309/inst_d_ram_ssd1309/ssd1309_ram_reg[57][15]/D (clocked by clk_fpga_0). Large setup violations at the end of those stages might be difficult to fix during the post-placement implementation flow and could be the result of non-optimal XDC constraints or non-optimal design architecture
Related violations: <none>

TIMING-16#53 Warning
Large setup violation  
There is a large setup violation of -1.173 ns between system_i/Pro_FPGA_ctrl_0/U0/Pro_FPGA_ctrl_v1_0_S00_AXI_inst/inst_TOP/inst_fun_ssd1309/inst_fun_display_am2302/inst_fun_d_ram_ssd1309/d_ram_offset_line_reg[2]/C (clocked by clk_fpga_0) and system_i/Pro_FPGA_ctrl_0/U0/Pro_FPGA_ctrl_v1_0_S00_AXI_inst/inst_TOP/inst_fun_ssd1309/inst_fun_display_am2302/inst_fun_d_ram_ssd1309/inst_d_ram_ssd1309/ssd1309_ram_reg[118][47]/D (clocked by clk_fpga_0). Large setup violations at the end of those stages might be difficult to fix during the post-placement implementation flow and could be the result of non-optimal XDC constraints or non-optimal design architecture
Related violations: <none>

TIMING-16#54 Warning
Large setup violation  
There is a large setup violation of -1.181 ns between system_i/Pro_FPGA_ctrl_0/U0/Pro_FPGA_ctrl_v1_0_S00_AXI_inst/inst_TOP/inst_fun_ssd1309/inst_fun_display_am2302/inst_fun_d_ram_ssd1309/d_ram_offset_line_reg[2]/C (clocked by clk_fpga_0) and system_i/Pro_FPGA_ctrl_0/U0/Pro_FPGA_ctrl_v1_0_S00_AXI_inst/inst_TOP/inst_fun_ssd1309/inst_fun_display_am2302/inst_fun_d_ram_ssd1309/inst_d_ram_ssd1309/ssd1309_ram_reg[58][35]/D (clocked by clk_fpga_0). Large setup violations at the end of those stages might be difficult to fix during the post-placement implementation flow and could be the result of non-optimal XDC constraints or non-optimal design architecture
Related violations: <none>

TIMING-16#55 Warning
Large setup violation  
There is a large setup violation of -1.183 ns between system_i/Pro_FPGA_ctrl_0/U0/Pro_FPGA_ctrl_v1_0_S00_AXI_inst/inst_TOP/inst_fun_ssd1309/inst_fun_display_am2302/inst_fun_d_ram_ssd1309/d_ram_offset_line_reg[2]/C (clocked by clk_fpga_0) and system_i/Pro_FPGA_ctrl_0/U0/Pro_FPGA_ctrl_v1_0_S00_AXI_inst/inst_TOP/inst_fun_ssd1309/inst_fun_display_am2302/inst_fun_d_ram_ssd1309/inst_d_ram_ssd1309/ssd1309_ram_reg[67][15]/D (clocked by clk_fpga_0). Large setup violations at the end of those stages might be difficult to fix during the post-placement implementation flow and could be the result of non-optimal XDC constraints or non-optimal design architecture
Related violations: <none>

TIMING-16#56 Warning
Large setup violation  
There is a large setup violation of -1.185 ns between system_i/Pro_FPGA_ctrl_0/U0/Pro_FPGA_ctrl_v1_0_S00_AXI_inst/inst_TOP/inst_fun_ssd1309/inst_fun_display_am2302/inst_fun_d_ram_ssd1309/d_ram_offset_line_reg[2]/C (clocked by clk_fpga_0) and system_i/Pro_FPGA_ctrl_0/U0/Pro_FPGA_ctrl_v1_0_S00_AXI_inst/inst_TOP/inst_fun_ssd1309/inst_fun_display_am2302/inst_fun_d_ram_ssd1309/inst_d_ram_ssd1309/ssd1309_ram_reg[93][39]/D (clocked by clk_fpga_0). Large setup violations at the end of those stages might be difficult to fix during the post-placement implementation flow and could be the result of non-optimal XDC constraints or non-optimal design architecture
Related violations: <none>

TIMING-16#57 Warning
Large setup violation  
There is a large setup violation of -1.186 ns between system_i/Pro_FPGA_ctrl_0/U0/Pro_FPGA_ctrl_v1_0_S00_AXI_inst/inst_TOP/inst_fun_ssd1309/inst_fun_display_am2302/inst_fun_d_ram_ssd1309/d_ram_offset_line_reg[7]/C (clocked by clk_fpga_0) and system_i/Pro_FPGA_ctrl_0/U0/Pro_FPGA_ctrl_v1_0_S00_AXI_inst/inst_TOP/inst_fun_ssd1309/inst_fun_display_am2302/inst_fun_d_ram_ssd1309/inst_d_ram_ssd1309/ssd1309_ram_reg[69][35]/D (clocked by clk_fpga_0). Large setup violations at the end of those stages might be difficult to fix during the post-placement implementation flow and could be the result of non-optimal XDC constraints or non-optimal design architecture
Related violations: <none>

TIMING-16#58 Warning
Large setup violation  
There is a large setup violation of -1.193 ns between system_i/Pro_FPGA_ctrl_0/U0/Pro_FPGA_ctrl_v1_0_S00_AXI_inst/inst_TOP/inst_fun_ssd1309/inst_fun_display_am2302/inst_fun_d_ram_ssd1309/d_ram_offset_line_reg[2]/C (clocked by clk_fpga_0) and system_i/Pro_FPGA_ctrl_0/U0/Pro_FPGA_ctrl_v1_0_S00_AXI_inst/inst_TOP/inst_fun_ssd1309/inst_fun_display_am2302/inst_fun_d_ram_ssd1309/inst_d_ram_ssd1309/ssd1309_ram_reg[84][24]/D (clocked by clk_fpga_0). Large setup violations at the end of those stages might be difficult to fix during the post-placement implementation flow and could be the result of non-optimal XDC constraints or non-optimal design architecture
Related violations: <none>

TIMING-16#59 Warning
Large setup violation  
There is a large setup violation of -1.196 ns between system_i/Pro_FPGA_ctrl_0/U0/Pro_FPGA_ctrl_v1_0_S00_AXI_inst/inst_TOP/inst_fun_ssd1309/inst_fun_display_am2302/inst_fun_d_ram_ssd1309/d_ram_offset_line_reg[2]/C (clocked by clk_fpga_0) and system_i/Pro_FPGA_ctrl_0/U0/Pro_FPGA_ctrl_v1_0_S00_AXI_inst/inst_TOP/inst_fun_ssd1309/inst_fun_display_am2302/inst_fun_d_ram_ssd1309/inst_d_ram_ssd1309/ssd1309_ram_reg[99][22]/D (clocked by clk_fpga_0). Large setup violations at the end of those stages might be difficult to fix during the post-placement implementation flow and could be the result of non-optimal XDC constraints or non-optimal design architecture
Related violations: <none>

TIMING-16#60 Warning
Large setup violation  
There is a large setup violation of -1.199 ns between system_i/Pro_FPGA_ctrl_0/U0/Pro_FPGA_ctrl_v1_0_S00_AXI_inst/inst_TOP/inst_fun_ssd1309/inst_fun_display_am2302/inst_fun_d_ram_ssd1309/d_ram_offset_line_reg[7]/C (clocked by clk_fpga_0) and system_i/Pro_FPGA_ctrl_0/U0/Pro_FPGA_ctrl_v1_0_S00_AXI_inst/inst_TOP/inst_fun_ssd1309/inst_fun_display_am2302/inst_fun_d_ram_ssd1309/inst_d_ram_ssd1309/ssd1309_ram_reg[65][46]/D (clocked by clk_fpga_0). Large setup violations at the end of those stages might be difficult to fix during the post-placement implementation flow and could be the result of non-optimal XDC constraints or non-optimal design architecture
Related violations: <none>

TIMING-16#61 Warning
Large setup violation  
There is a large setup violation of -1.206 ns between system_i/Pro_FPGA_ctrl_0/U0/Pro_FPGA_ctrl_v1_0_S00_AXI_inst/inst_TOP/inst_fun_ssd1309/inst_fun_display_am2302/inst_fun_d_ram_ssd1309/d_ram_offset_line_reg[2]/C (clocked by clk_fpga_0) and system_i/Pro_FPGA_ctrl_0/U0/Pro_FPGA_ctrl_v1_0_S00_AXI_inst/inst_TOP/inst_fun_ssd1309/inst_fun_display_am2302/inst_fun_d_ram_ssd1309/inst_d_ram_ssd1309/ssd1309_ram_reg[76][31]/D (clocked by clk_fpga_0). Large setup violations at the end of those stages might be difficult to fix during the post-placement implementation flow and could be the result of non-optimal XDC constraints or non-optimal design architecture
Related violations: <none>

TIMING-16#62 Warning
Large setup violation  
There is a large setup violation of -1.212 ns between system_i/Pro_FPGA_ctrl_0/U0/Pro_FPGA_ctrl_v1_0_S00_AXI_inst/inst_TOP/inst_fun_ssd1309/inst_fun_display_am2302/inst_fun_d_ram_ssd1309/d_ram_offset_line_reg[2]/C (clocked by clk_fpga_0) and system_i/Pro_FPGA_ctrl_0/U0/Pro_FPGA_ctrl_v1_0_S00_AXI_inst/inst_TOP/inst_fun_ssd1309/inst_fun_display_am2302/inst_fun_d_ram_ssd1309/inst_d_ram_ssd1309/ssd1309_ram_reg[100][22]/D (clocked by clk_fpga_0). Large setup violations at the end of those stages might be difficult to fix during the post-placement implementation flow and could be the result of non-optimal XDC constraints or non-optimal design architecture
Related violations: <none>

TIMING-16#63 Warning
Large setup violation  
There is a large setup violation of -1.212 ns between system_i/Pro_FPGA_ctrl_0/U0/Pro_FPGA_ctrl_v1_0_S00_AXI_inst/inst_TOP/inst_fun_ssd1309/inst_fun_display_am2302/inst_fun_d_ram_ssd1309/d_ram_offset_line_reg[2]/C (clocked by clk_fpga_0) and system_i/Pro_FPGA_ctrl_0/U0/Pro_FPGA_ctrl_v1_0_S00_AXI_inst/inst_TOP/inst_fun_ssd1309/inst_fun_display_am2302/inst_fun_d_ram_ssd1309/inst_d_ram_ssd1309/ssd1309_ram_reg[116][39]/D (clocked by clk_fpga_0). Large setup violations at the end of those stages might be difficult to fix during the post-placement implementation flow and could be the result of non-optimal XDC constraints or non-optimal design architecture
Related violations: <none>

TIMING-16#64 Warning
Large setup violation  
There is a large setup violation of -1.212 ns between system_i/Pro_FPGA_ctrl_0/U0/Pro_FPGA_ctrl_v1_0_S00_AXI_inst/inst_TOP/inst_fun_ssd1309/inst_fun_display_am2302/inst_fun_d_ram_ssd1309/d_ram_offset_line_reg[2]/C (clocked by clk_fpga_0) and system_i/Pro_FPGA_ctrl_0/U0/Pro_FPGA_ctrl_v1_0_S00_AXI_inst/inst_TOP/inst_fun_ssd1309/inst_fun_display_am2302/inst_fun_d_ram_ssd1309/inst_d_ram_ssd1309/ssd1309_ram_reg[59][35]/D (clocked by clk_fpga_0). Large setup violations at the end of those stages might be difficult to fix during the post-placement implementation flow and could be the result of non-optimal XDC constraints or non-optimal design architecture
Related violations: <none>

TIMING-16#65 Warning
Large setup violation  
There is a large setup violation of -1.212 ns between system_i/Pro_FPGA_ctrl_0/U0/Pro_FPGA_ctrl_v1_0_S00_AXI_inst/inst_TOP/inst_fun_ssd1309/inst_fun_display_am2302/inst_fun_d_ram_ssd1309/d_ram_offset_line_reg[2]/C (clocked by clk_fpga_0) and system_i/Pro_FPGA_ctrl_0/U0/Pro_FPGA_ctrl_v1_0_S00_AXI_inst/inst_TOP/inst_fun_ssd1309/inst_fun_display_am2302/inst_fun_d_ram_ssd1309/inst_d_ram_ssd1309/ssd1309_ram_reg[88][15]/D (clocked by clk_fpga_0). Large setup violations at the end of those stages might be difficult to fix during the post-placement implementation flow and could be the result of non-optimal XDC constraints or non-optimal design architecture
Related violations: <none>

TIMING-16#66 Warning
Large setup violation  
There is a large setup violation of -1.214 ns between system_i/Pro_FPGA_ctrl_0/U0/Pro_FPGA_ctrl_v1_0_S00_AXI_inst/inst_TOP/inst_fun_ssd1309/inst_fun_display_am2302/inst_fun_d_ram_ssd1309/d_ram_offset_line_reg[7]/C (clocked by clk_fpga_0) and system_i/Pro_FPGA_ctrl_0/U0/Pro_FPGA_ctrl_v1_0_S00_AXI_inst/inst_TOP/inst_fun_ssd1309/inst_fun_display_am2302/inst_fun_d_ram_ssd1309/inst_d_ram_ssd1309/ssd1309_ram_reg[69][6]/D (clocked by clk_fpga_0). Large setup violations at the end of those stages might be difficult to fix during the post-placement implementation flow and could be the result of non-optimal XDC constraints or non-optimal design architecture
Related violations: <none>

TIMING-16#67 Warning
Large setup violation  
There is a large setup violation of -1.215 ns between system_i/Pro_FPGA_ctrl_0/U0/Pro_FPGA_ctrl_v1_0_S00_AXI_inst/inst_TOP/inst_fun_ssd1309/inst_fun_display_am2302/inst_fun_d_ram_ssd1309/d_ram_offset_line_reg[2]/C (clocked by clk_fpga_0) and system_i/Pro_FPGA_ctrl_0/U0/Pro_FPGA_ctrl_v1_0_S00_AXI_inst/inst_TOP/inst_fun_ssd1309/inst_fun_display_am2302/inst_fun_d_ram_ssd1309/inst_d_ram_ssd1309/ssd1309_ram_reg[59][39]/D (clocked by clk_fpga_0). Large setup violations at the end of those stages might be difficult to fix during the post-placement implementation flow and could be the result of non-optimal XDC constraints or non-optimal design architecture
Related violations: <none>

TIMING-16#68 Warning
Large setup violation  
There is a large setup violation of -1.216 ns between system_i/Pro_FPGA_ctrl_0/U0/Pro_FPGA_ctrl_v1_0_S00_AXI_inst/inst_TOP/inst_fun_ssd1309/inst_fun_display_am2302/inst_fun_d_ram_ssd1309/d_ram_offset_line_reg[7]/C (clocked by clk_fpga_0) and system_i/Pro_FPGA_ctrl_0/U0/Pro_FPGA_ctrl_v1_0_S00_AXI_inst/inst_TOP/inst_fun_ssd1309/inst_fun_display_am2302/inst_fun_d_ram_ssd1309/inst_d_ram_ssd1309/ssd1309_ram_reg[66][59]/D (clocked by clk_fpga_0). Large setup violations at the end of those stages might be difficult to fix during the post-placement implementation flow and could be the result of non-optimal XDC constraints or non-optimal design architecture
Related violations: <none>

TIMING-16#69 Warning
Large setup violation  
There is a large setup violation of -1.218 ns between system_i/Pro_FPGA_ctrl_0/U0/Pro_FPGA_ctrl_v1_0_S00_AXI_inst/inst_TOP/inst_fun_ssd1309/inst_fun_display_am2302/inst_fun_d_ram_ssd1309/d_ram_offset_line_reg[7]/C (clocked by clk_fpga_0) and system_i/Pro_FPGA_ctrl_0/U0/Pro_FPGA_ctrl_v1_0_S00_AXI_inst/inst_TOP/inst_fun_ssd1309/inst_fun_display_am2302/inst_fun_d_ram_ssd1309/inst_d_ram_ssd1309/ssd1309_ram_reg[71][15]/D (clocked by clk_fpga_0). Large setup violations at the end of those stages might be difficult to fix during the post-placement implementation flow and could be the result of non-optimal XDC constraints or non-optimal design architecture
Related violations: <none>

TIMING-16#70 Warning
Large setup violation  
There is a large setup violation of -1.219 ns between system_i/Pro_FPGA_ctrl_0/U0/Pro_FPGA_ctrl_v1_0_S00_AXI_inst/inst_TOP/inst_fun_ssd1309/inst_fun_display_am2302/inst_fun_d_ram_ssd1309/d_ram_offset_line_reg[7]/C (clocked by clk_fpga_0) and system_i/Pro_FPGA_ctrl_0/U0/Pro_FPGA_ctrl_v1_0_S00_AXI_inst/inst_TOP/inst_fun_ssd1309/inst_fun_display_am2302/inst_fun_d_ram_ssd1309/inst_d_ram_ssd1309/ssd1309_ram_reg[68][3]/D (clocked by clk_fpga_0). Large setup violations at the end of those stages might be difficult to fix during the post-placement implementation flow and could be the result of non-optimal XDC constraints or non-optimal design architecture
Related violations: <none>

TIMING-16#71 Warning
Large setup violation  
There is a large setup violation of -1.254 ns between system_i/Pro_FPGA_ctrl_0/U0/Pro_FPGA_ctrl_v1_0_S00_AXI_inst/inst_TOP/inst_fun_ssd1309/inst_fun_display_am2302/inst_fun_d_ram_ssd1309/d_ram_offset_line_reg[7]/C (clocked by clk_fpga_0) and system_i/Pro_FPGA_ctrl_0/U0/Pro_FPGA_ctrl_v1_0_S00_AXI_inst/inst_TOP/inst_fun_ssd1309/inst_fun_display_am2302/inst_fun_d_ram_ssd1309/inst_d_ram_ssd1309/ssd1309_ram_reg[71][35]/D (clocked by clk_fpga_0). Large setup violations at the end of those stages might be difficult to fix during the post-placement implementation flow and could be the result of non-optimal XDC constraints or non-optimal design architecture
Related violations: <none>

TIMING-16#72 Warning
Large setup violation  
There is a large setup violation of -1.255 ns between system_i/Pro_FPGA_ctrl_0/U0/Pro_FPGA_ctrl_v1_0_S00_AXI_inst/inst_TOP/inst_fun_ssd1309/inst_fun_display_am2302/inst_fun_d_ram_ssd1309/d_ram_offset_line_reg[2]/C (clocked by clk_fpga_0) and system_i/Pro_FPGA_ctrl_0/U0/Pro_FPGA_ctrl_v1_0_S00_AXI_inst/inst_TOP/inst_fun_ssd1309/inst_fun_display_am2302/inst_fun_d_ram_ssd1309/inst_d_ram_ssd1309/ssd1309_ram_reg[94][47]/D (clocked by clk_fpga_0). Large setup violations at the end of those stages might be difficult to fix during the post-placement implementation flow and could be the result of non-optimal XDC constraints or non-optimal design architecture
Related violations: <none>

TIMING-16#73 Warning
Large setup violation  
There is a large setup violation of -1.257 ns between system_i/Pro_FPGA_ctrl_0/U0/Pro_FPGA_ctrl_v1_0_S00_AXI_inst/inst_TOP/inst_fun_ssd1309/inst_fun_display_am2302/inst_fun_d_ram_ssd1309/d_ram_offset_line_reg[2]/C (clocked by clk_fpga_0) and system_i/Pro_FPGA_ctrl_0/U0/Pro_FPGA_ctrl_v1_0_S00_AXI_inst/inst_TOP/inst_fun_ssd1309/inst_fun_display_am2302/inst_fun_d_ram_ssd1309/inst_d_ram_ssd1309/ssd1309_ram_reg[53][31]/D (clocked by clk_fpga_0). Large setup violations at the end of those stages might be difficult to fix during the post-placement implementation flow and could be the result of non-optimal XDC constraints or non-optimal design architecture
Related violations: <none>

TIMING-16#74 Warning
Large setup violation  
There is a large setup violation of -1.262 ns between system_i/Pro_FPGA_ctrl_0/U0/Pro_FPGA_ctrl_v1_0_S00_AXI_inst/inst_TOP/inst_fun_ssd1309/inst_fun_display_am2302/inst_fun_d_ram_ssd1309/d_ram_offset_line_reg[7]/C (clocked by clk_fpga_0) and system_i/Pro_FPGA_ctrl_0/U0/Pro_FPGA_ctrl_v1_0_S00_AXI_inst/inst_TOP/inst_fun_ssd1309/inst_fun_display_am2302/inst_fun_d_ram_ssd1309/inst_d_ram_ssd1309/ssd1309_ram_reg[67][59]/D (clocked by clk_fpga_0). Large setup violations at the end of those stages might be difficult to fix during the post-placement implementation flow and could be the result of non-optimal XDC constraints or non-optimal design architecture
Related violations: <none>

TIMING-16#75 Warning
Large setup violation  
There is a large setup violation of -1.262 ns between system_i/Pro_FPGA_ctrl_0/U0/Pro_FPGA_ctrl_v1_0_S00_AXI_inst/inst_TOP/inst_fun_ssd1309/inst_fun_display_am2302/inst_fun_d_ram_ssd1309/d_ram_offset_line_reg[7]/C (clocked by clk_fpga_0) and system_i/Pro_FPGA_ctrl_0/U0/Pro_FPGA_ctrl_v1_0_S00_AXI_inst/inst_TOP/inst_fun_ssd1309/inst_fun_display_am2302/inst_fun_d_ram_ssd1309/inst_d_ram_ssd1309/ssd1309_ram_reg[72][0]/D (clocked by clk_fpga_0). Large setup violations at the end of those stages might be difficult to fix during the post-placement implementation flow and could be the result of non-optimal XDC constraints or non-optimal design architecture
Related violations: <none>

TIMING-16#76 Warning
Large setup violation  
There is a large setup violation of -1.267 ns between system_i/Pro_FPGA_ctrl_0/U0/Pro_FPGA_ctrl_v1_0_S00_AXI_inst/inst_TOP/inst_fun_ssd1309/inst_fun_display_am2302/inst_fun_d_ram_ssd1309/d_ram_offset_line_reg[7]/C (clocked by clk_fpga_0) and system_i/Pro_FPGA_ctrl_0/U0/Pro_FPGA_ctrl_v1_0_S00_AXI_inst/inst_TOP/inst_fun_ssd1309/inst_fun_display_am2302/inst_fun_d_ram_ssd1309/inst_d_ram_ssd1309/ssd1309_ram_reg[70][7]/D (clocked by clk_fpga_0). Large setup violations at the end of those stages might be difficult to fix during the post-placement implementation flow and could be the result of non-optimal XDC constraints or non-optimal design architecture
Related violations: <none>

TIMING-16#77 Warning
Large setup violation  
There is a large setup violation of -1.274 ns between system_i/Pro_FPGA_ctrl_0/U0/Pro_FPGA_ctrl_v1_0_S00_AXI_inst/inst_TOP/inst_fun_ssd1309/inst_fun_display_am2302/inst_fun_d_ram_ssd1309/d_ram_offset_line_reg[2]/C (clocked by clk_fpga_0) and system_i/Pro_FPGA_ctrl_0/U0/Pro_FPGA_ctrl_v1_0_S00_AXI_inst/inst_TOP/inst_fun_ssd1309/inst_fun_display_am2302/inst_fun_d_ram_ssd1309/inst_d_ram_ssd1309/ssd1309_ram_reg[21][23]/D (clocked by clk_fpga_0). Large setup violations at the end of those stages might be difficult to fix during the post-placement implementation flow and could be the result of non-optimal XDC constraints or non-optimal design architecture
Related violations: <none>

TIMING-16#78 Warning
Large setup violation  
There is a large setup violation of -1.284 ns between system_i/Pro_FPGA_ctrl_0/U0/Pro_FPGA_ctrl_v1_0_S00_AXI_inst/inst_TOP/inst_fun_ssd1309/inst_fun_display_am2302/inst_fun_d_ram_ssd1309/d_ram_offset_line_reg[2]/C (clocked by clk_fpga_0) and system_i/Pro_FPGA_ctrl_0/U0/Pro_FPGA_ctrl_v1_0_S00_AXI_inst/inst_TOP/inst_fun_ssd1309/inst_fun_display_am2302/inst_fun_d_ram_ssd1309/inst_d_ram_ssd1309/ssd1309_ram_reg[118][39]/D (clocked by clk_fpga_0). Large setup violations at the end of those stages might be difficult to fix during the post-placement implementation flow and could be the result of non-optimal XDC constraints or non-optimal design architecture
Related violations: <none>

TIMING-16#79 Warning
Large setup violation  
There is a large setup violation of -1.284 ns between system_i/Pro_FPGA_ctrl_0/U0/Pro_FPGA_ctrl_v1_0_S00_AXI_inst/inst_TOP/inst_fun_ssd1309/inst_fun_display_am2302/inst_fun_d_ram_ssd1309/d_ram_offset_line_reg[2]/C (clocked by clk_fpga_0) and system_i/Pro_FPGA_ctrl_0/U0/Pro_FPGA_ctrl_v1_0_S00_AXI_inst/inst_TOP/inst_fun_ssd1309/inst_fun_display_am2302/inst_fun_d_ram_ssd1309/inst_d_ram_ssd1309/ssd1309_ram_reg[91][31]/D (clocked by clk_fpga_0). Large setup violations at the end of those stages might be difficult to fix during the post-placement implementation flow and could be the result of non-optimal XDC constraints or non-optimal design architecture
Related violations: <none>

TIMING-16#80 Warning
Large setup violation  
There is a large setup violation of -1.289 ns between system_i/Pro_FPGA_ctrl_0/U0/Pro_FPGA_ctrl_v1_0_S00_AXI_inst/inst_TOP/inst_fun_ssd1309/inst_fun_display_am2302/inst_fun_d_ram_ssd1309/d_ram_offset_line_reg[2]/C (clocked by clk_fpga_0) and system_i/Pro_FPGA_ctrl_0/U0/Pro_FPGA_ctrl_v1_0_S00_AXI_inst/inst_TOP/inst_fun_ssd1309/inst_fun_display_am2302/inst_fun_d_ram_ssd1309/inst_d_ram_ssd1309/ssd1309_ram_reg[94][21]/D (clocked by clk_fpga_0). Large setup violations at the end of those stages might be difficult to fix during the post-placement implementation flow and could be the result of non-optimal XDC constraints or non-optimal design architecture
Related violations: <none>

TIMING-16#81 Warning
Large setup violation  
There is a large setup violation of -1.304 ns between system_i/Pro_FPGA_ctrl_0/U0/Pro_FPGA_ctrl_v1_0_S00_AXI_inst/inst_TOP/inst_fun_ssd1309/inst_fun_display_am2302/inst_fun_d_ram_ssd1309/d_ram_offset_line_reg[2]/C (clocked by clk_fpga_0) and system_i/Pro_FPGA_ctrl_0/U0/Pro_FPGA_ctrl_v1_0_S00_AXI_inst/inst_TOP/inst_fun_ssd1309/inst_fun_display_am2302/inst_fun_d_ram_ssd1309/inst_d_ram_ssd1309/ssd1309_ram_reg[53][39]/D (clocked by clk_fpga_0). Large setup violations at the end of those stages might be difficult to fix during the post-placement implementation flow and could be the result of non-optimal XDC constraints or non-optimal design architecture
Related violations: <none>

TIMING-16#82 Warning
Large setup violation  
There is a large setup violation of -1.309 ns between system_i/Pro_FPGA_ctrl_0/U0/Pro_FPGA_ctrl_v1_0_S00_AXI_inst/inst_TOP/inst_fun_ssd1309/inst_fun_display_am2302/inst_fun_d_ram_ssd1309/d_ram_offset_line_reg[2]/C (clocked by clk_fpga_0) and system_i/Pro_FPGA_ctrl_0/U0/Pro_FPGA_ctrl_v1_0_S00_AXI_inst/inst_TOP/inst_fun_ssd1309/inst_fun_display_am2302/inst_fun_d_ram_ssd1309/inst_d_ram_ssd1309/ssd1309_ram_reg[55][39]/D (clocked by clk_fpga_0). Large setup violations at the end of those stages might be difficult to fix during the post-placement implementation flow and could be the result of non-optimal XDC constraints or non-optimal design architecture
Related violations: <none>

TIMING-16#83 Warning
Large setup violation  
There is a large setup violation of -1.314 ns between system_i/Pro_FPGA_ctrl_0/U0/Pro_FPGA_ctrl_v1_0_S00_AXI_inst/inst_TOP/inst_fun_ssd1309/inst_fun_display_am2302/inst_fun_d_ram_ssd1309/d_ram_offset_line_reg[2]/C (clocked by clk_fpga_0) and system_i/Pro_FPGA_ctrl_0/U0/Pro_FPGA_ctrl_v1_0_S00_AXI_inst/inst_TOP/inst_fun_ssd1309/inst_fun_display_am2302/inst_fun_d_ram_ssd1309/inst_d_ram_ssd1309/ssd1309_ram_reg[56][31]/D (clocked by clk_fpga_0). Large setup violations at the end of those stages might be difficult to fix during the post-placement implementation flow and could be the result of non-optimal XDC constraints or non-optimal design architecture
Related violations: <none>

TIMING-16#84 Warning
Large setup violation  
There is a large setup violation of -1.315 ns between system_i/Pro_FPGA_ctrl_0/U0/Pro_FPGA_ctrl_v1_0_S00_AXI_inst/inst_TOP/inst_fun_ssd1309/inst_fun_display_am2302/inst_fun_d_ram_ssd1309/d_ram_offset_line_reg[7]/C (clocked by clk_fpga_0) and system_i/Pro_FPGA_ctrl_0/U0/Pro_FPGA_ctrl_v1_0_S00_AXI_inst/inst_TOP/inst_fun_ssd1309/inst_fun_display_am2302/inst_fun_d_ram_ssd1309/inst_d_ram_ssd1309/ssd1309_ram_reg[68][6]/D (clocked by clk_fpga_0). Large setup violations at the end of those stages might be difficult to fix during the post-placement implementation flow and could be the result of non-optimal XDC constraints or non-optimal design architecture
Related violations: <none>

TIMING-16#85 Warning
Large setup violation  
There is a large setup violation of -1.322 ns between system_i/Pro_FPGA_ctrl_0/U0/Pro_FPGA_ctrl_v1_0_S00_AXI_inst/inst_TOP/inst_fun_ssd1309/inst_fun_display_am2302/inst_fun_d_ram_ssd1309/d_ram_offset_line_reg[7]/C (clocked by clk_fpga_0) and system_i/Pro_FPGA_ctrl_0/U0/Pro_FPGA_ctrl_v1_0_S00_AXI_inst/inst_TOP/inst_fun_ssd1309/inst_fun_display_am2302/inst_fun_d_ram_ssd1309/inst_d_ram_ssd1309/ssd1309_ram_reg[72][6]/D (clocked by clk_fpga_0). Large setup violations at the end of those stages might be difficult to fix during the post-placement implementation flow and could be the result of non-optimal XDC constraints or non-optimal design architecture
Related violations: <none>

TIMING-16#86 Warning
Large setup violation  
There is a large setup violation of -1.343 ns between system_i/Pro_FPGA_ctrl_0/U0/Pro_FPGA_ctrl_v1_0_S00_AXI_inst/inst_TOP/inst_fun_ssd1309/inst_fun_display_am2302/inst_fun_d_ram_ssd1309/d_ram_offset_line_reg[2]/C (clocked by clk_fpga_0) and system_i/Pro_FPGA_ctrl_0/U0/Pro_FPGA_ctrl_v1_0_S00_AXI_inst/inst_TOP/inst_fun_ssd1309/inst_fun_display_am2302/inst_fun_d_ram_ssd1309/inst_d_ram_ssd1309/ssd1309_ram_reg[55][31]/D (clocked by clk_fpga_0). Large setup violations at the end of those stages might be difficult to fix during the post-placement implementation flow and could be the result of non-optimal XDC constraints or non-optimal design architecture
Related violations: <none>

TIMING-16#87 Warning
Large setup violation  
There is a large setup violation of -1.354 ns between system_i/Pro_FPGA_ctrl_0/U0/Pro_FPGA_ctrl_v1_0_S00_AXI_inst/inst_TOP/inst_fun_ssd1309/inst_fun_display_am2302/inst_fun_d_ram_ssd1309/d_ram_offset_line_reg[2]/C (clocked by clk_fpga_0) and system_i/Pro_FPGA_ctrl_0/U0/Pro_FPGA_ctrl_v1_0_S00_AXI_inst/inst_TOP/inst_fun_ssd1309/inst_fun_display_am2302/inst_fun_d_ram_ssd1309/inst_d_ram_ssd1309/ssd1309_ram_reg[51][35]/D (clocked by clk_fpga_0). Large setup violations at the end of those stages might be difficult to fix during the post-placement implementation flow and could be the result of non-optimal XDC constraints or non-optimal design architecture
Related violations: <none>

TIMING-16#88 Warning
Large setup violation  
There is a large setup violation of -1.368 ns between system_i/Pro_FPGA_ctrl_0/U0/Pro_FPGA_ctrl_v1_0_S00_AXI_inst/inst_TOP/inst_fun_ssd1309/inst_fun_display_am2302/inst_fun_d_ram_ssd1309/d_ram_offset_line_reg[7]/C (clocked by clk_fpga_0) and system_i/Pro_FPGA_ctrl_0/U0/Pro_FPGA_ctrl_v1_0_S00_AXI_inst/inst_TOP/inst_fun_ssd1309/inst_fun_display_am2302/inst_fun_d_ram_ssd1309/inst_d_ram_ssd1309/ssd1309_ram_reg[65][33]/D (clocked by clk_fpga_0). Large setup violations at the end of those stages might be difficult to fix during the post-placement implementation flow and could be the result of non-optimal XDC constraints or non-optimal design architecture
Related violations: <none>

TIMING-16#89 Warning
Large setup violation  
There is a large setup violation of -1.369 ns between system_i/Pro_FPGA_ctrl_0/U0/Pro_FPGA_ctrl_v1_0_S00_AXI_inst/inst_TOP/inst_fun_ssd1309/inst_fun_display_am2302/inst_fun_d_ram_ssd1309/d_ram_offset_line_reg[2]/C (clocked by clk_fpga_0) and system_i/Pro_FPGA_ctrl_0/U0/Pro_FPGA_ctrl_v1_0_S00_AXI_inst/inst_TOP/inst_fun_ssd1309/inst_fun_display_am2302/inst_fun_d_ram_ssd1309/inst_d_ram_ssd1309/ssd1309_ram_reg[51][31]/D (clocked by clk_fpga_0). Large setup violations at the end of those stages might be difficult to fix during the post-placement implementation flow and could be the result of non-optimal XDC constraints or non-optimal design architecture
Related violations: <none>

TIMING-16#90 Warning
Large setup violation  
There is a large setup violation of -1.382 ns between system_i/Pro_FPGA_ctrl_0/U0/Pro_FPGA_ctrl_v1_0_S00_AXI_inst/inst_TOP/inst_fun_ssd1309/inst_fun_display_am2302/inst_fun_d_ram_ssd1309/d_ram_offset_line_reg[2]/C (clocked by clk_fpga_0) and system_i/Pro_FPGA_ctrl_0/U0/Pro_FPGA_ctrl_v1_0_S00_AXI_inst/inst_TOP/inst_fun_ssd1309/inst_fun_display_am2302/inst_fun_d_ram_ssd1309/inst_d_ram_ssd1309/ssd1309_ram_reg[67][47]/D (clocked by clk_fpga_0). Large setup violations at the end of those stages might be difficult to fix during the post-placement implementation flow and could be the result of non-optimal XDC constraints or non-optimal design architecture
Related violations: <none>

TIMING-16#91 Warning
Large setup violation  
There is a large setup violation of -1.389 ns between system_i/Pro_FPGA_ctrl_0/U0/Pro_FPGA_ctrl_v1_0_S00_AXI_inst/inst_TOP/inst_fun_ssd1309/inst_fun_display_am2302/inst_fun_d_ram_ssd1309/d_ram_offset_line_reg[2]/C (clocked by clk_fpga_0) and system_i/Pro_FPGA_ctrl_0/U0/Pro_FPGA_ctrl_v1_0_S00_AXI_inst/inst_TOP/inst_fun_ssd1309/inst_fun_display_am2302/inst_fun_d_ram_ssd1309/inst_d_ram_ssd1309/ssd1309_ram_reg[52][35]/D (clocked by clk_fpga_0). Large setup violations at the end of those stages might be difficult to fix during the post-placement implementation flow and could be the result of non-optimal XDC constraints or non-optimal design architecture
Related violations: <none>

TIMING-16#92 Warning
Large setup violation  
There is a large setup violation of -1.391 ns between system_i/Pro_FPGA_ctrl_0/U0/Pro_FPGA_ctrl_v1_0_S00_AXI_inst/inst_TOP/inst_fun_ssd1309/inst_fun_display_am2302/inst_fun_d_ram_ssd1309/d_ram_offset_line_reg[2]/C (clocked by clk_fpga_0) and system_i/Pro_FPGA_ctrl_0/U0/Pro_FPGA_ctrl_v1_0_S00_AXI_inst/inst_TOP/inst_fun_ssd1309/inst_fun_display_am2302/inst_fun_d_ram_ssd1309/inst_d_ram_ssd1309/ssd1309_ram_reg[94][31]/D (clocked by clk_fpga_0). Large setup violations at the end of those stages might be difficult to fix during the post-placement implementation flow and could be the result of non-optimal XDC constraints or non-optimal design architecture
Related violations: <none>

TIMING-16#93 Warning
Large setup violation  
There is a large setup violation of -1.403 ns between system_i/Pro_FPGA_ctrl_0/U0/Pro_FPGA_ctrl_v1_0_S00_AXI_inst/inst_TOP/inst_fun_ssd1309/inst_fun_display_am2302/inst_fun_d_ram_ssd1309/d_ram_offset_line_reg[2]/C (clocked by clk_fpga_0) and system_i/Pro_FPGA_ctrl_0/U0/Pro_FPGA_ctrl_v1_0_S00_AXI_inst/inst_TOP/inst_fun_ssd1309/inst_fun_display_am2302/inst_fun_d_ram_ssd1309/inst_d_ram_ssd1309/ssd1309_ram_reg[48][31]/D (clocked by clk_fpga_0). Large setup violations at the end of those stages might be difficult to fix during the post-placement implementation flow and could be the result of non-optimal XDC constraints or non-optimal design architecture
Related violations: <none>

TIMING-16#94 Warning
Large setup violation  
There is a large setup violation of -1.418 ns between system_i/Pro_FPGA_ctrl_0/U0/Pro_FPGA_ctrl_v1_0_S00_AXI_inst/inst_TOP/inst_fun_ssd1309/inst_fun_display_am2302/inst_fun_d_ram_ssd1309/d_ram_offset_line_reg[2]/C (clocked by clk_fpga_0) and system_i/Pro_FPGA_ctrl_0/U0/Pro_FPGA_ctrl_v1_0_S00_AXI_inst/inst_TOP/inst_fun_ssd1309/inst_fun_display_am2302/inst_fun_d_ram_ssd1309/inst_d_ram_ssd1309/ssd1309_ram_reg[56][39]/D (clocked by clk_fpga_0). Large setup violations at the end of those stages might be difficult to fix during the post-placement implementation flow and could be the result of non-optimal XDC constraints or non-optimal design architecture
Related violations: <none>

TIMING-16#95 Warning
Large setup violation  
There is a large setup violation of -1.424 ns between system_i/Pro_FPGA_ctrl_0/U0/Pro_FPGA_ctrl_v1_0_S00_AXI_inst/inst_TOP/inst_fun_ssd1309/inst_fun_display_am2302/inst_fun_d_ram_ssd1309/d_ram_offset_line_reg[2]/C (clocked by clk_fpga_0) and system_i/Pro_FPGA_ctrl_0/U0/Pro_FPGA_ctrl_v1_0_S00_AXI_inst/inst_TOP/inst_fun_ssd1309/inst_fun_display_am2302/inst_fun_d_ram_ssd1309/inst_d_ram_ssd1309/ssd1309_ram_reg[123][31]/D (clocked by clk_fpga_0). Large setup violations at the end of those stages might be difficult to fix during the post-placement implementation flow and could be the result of non-optimal XDC constraints or non-optimal design architecture
Related violations: <none>

TIMING-16#96 Warning
Large setup violation  
There is a large setup violation of -1.437 ns between system_i/Pro_FPGA_ctrl_0/U0/Pro_FPGA_ctrl_v1_0_S00_AXI_inst/inst_TOP/inst_fun_ssd1309/inst_fun_display_am2302/inst_fun_d_ram_ssd1309/d_ram_offset_line_reg[2]/C (clocked by clk_fpga_0) and system_i/Pro_FPGA_ctrl_0/U0/Pro_FPGA_ctrl_v1_0_S00_AXI_inst/inst_TOP/inst_fun_ssd1309/inst_fun_display_am2302/inst_fun_d_ram_ssd1309/inst_d_ram_ssd1309/ssd1309_ram_reg[54][31]/D (clocked by clk_fpga_0). Large setup violations at the end of those stages might be difficult to fix during the post-placement implementation flow and could be the result of non-optimal XDC constraints or non-optimal design architecture
Related violations: <none>

TIMING-16#97 Warning
Large setup violation  
There is a large setup violation of -1.463 ns between system_i/Pro_FPGA_ctrl_0/U0/Pro_FPGA_ctrl_v1_0_S00_AXI_inst/inst_TOP/inst_fun_ssd1309/inst_fun_display_am2302/inst_fun_d_ram_ssd1309/d_ram_offset_line_reg[2]/C (clocked by clk_fpga_0) and system_i/Pro_FPGA_ctrl_0/U0/Pro_FPGA_ctrl_v1_0_S00_AXI_inst/inst_TOP/inst_fun_ssd1309/inst_fun_display_am2302/inst_fun_d_ram_ssd1309/inst_d_ram_ssd1309/ssd1309_ram_reg[124][31]/D (clocked by clk_fpga_0). Large setup violations at the end of those stages might be difficult to fix during the post-placement implementation flow and could be the result of non-optimal XDC constraints or non-optimal design architecture
Related violations: <none>

TIMING-16#98 Warning
Large setup violation  
There is a large setup violation of -1.485 ns between system_i/Pro_FPGA_ctrl_0/U0/Pro_FPGA_ctrl_v1_0_S00_AXI_inst/inst_TOP/inst_fun_ssd1309/inst_fun_display_am2302/inst_fun_d_ram_ssd1309/d_ram_offset_line_reg[2]/C (clocked by clk_fpga_0) and system_i/Pro_FPGA_ctrl_0/U0/Pro_FPGA_ctrl_v1_0_S00_AXI_inst/inst_TOP/inst_fun_ssd1309/inst_fun_display_am2302/inst_fun_d_ram_ssd1309/inst_d_ram_ssd1309/ssd1309_ram_reg[121][31]/D (clocked by clk_fpga_0). Large setup violations at the end of those stages might be difficult to fix during the post-placement implementation flow and could be the result of non-optimal XDC constraints or non-optimal design architecture
Related violations: <none>

TIMING-16#99 Warning
Large setup violation  
There is a large setup violation of -1.496 ns between system_i/Pro_FPGA_ctrl_0/U0/Pro_FPGA_ctrl_v1_0_S00_AXI_inst/inst_TOP/inst_fun_ssd1309/inst_fun_display_am2302/inst_fun_d_ram_ssd1309/d_ram_offset_line_reg[2]/C (clocked by clk_fpga_0) and system_i/Pro_FPGA_ctrl_0/U0/Pro_FPGA_ctrl_v1_0_S00_AXI_inst/inst_TOP/inst_fun_ssd1309/inst_fun_display_am2302/inst_fun_d_ram_ssd1309/inst_d_ram_ssd1309/ssd1309_ram_reg[58][39]/D (clocked by clk_fpga_0). Large setup violations at the end of those stages might be difficult to fix during the post-placement implementation flow and could be the result of non-optimal XDC constraints or non-optimal design architecture
Related violations: <none>

TIMING-16#100 Warning
Large setup violation  
There is a large setup violation of -1.499 ns between system_i/Pro_FPGA_ctrl_0/U0/Pro_FPGA_ctrl_v1_0_S00_AXI_inst/inst_TOP/inst_fun_ssd1309/inst_fun_display_am2302/inst_fun_d_ram_ssd1309/d_ram_offset_line_reg[2]/C (clocked by clk_fpga_0) and system_i/Pro_FPGA_ctrl_0/U0/Pro_FPGA_ctrl_v1_0_S00_AXI_inst/inst_TOP/inst_fun_ssd1309/inst_fun_display_am2302/inst_fun_d_ram_ssd1309/inst_d_ram_ssd1309/ssd1309_ram_reg[52][31]/D (clocked by clk_fpga_0). Large setup violations at the end of those stages might be difficult to fix during the post-placement implementation flow and could be the result of non-optimal XDC constraints or non-optimal design architecture
Related violations: <none>

TIMING-16#101 Warning
Large setup violation  
There is a large setup violation of -1.514 ns between system_i/Pro_FPGA_ctrl_0/U0/Pro_FPGA_ctrl_v1_0_S00_AXI_inst/inst_TOP/inst_fun_ssd1309/inst_fun_display_am2302/inst_fun_d_ram_ssd1309/d_ram_offset_line_reg[2]/C (clocked by clk_fpga_0) and system_i/Pro_FPGA_ctrl_0/U0/Pro_FPGA_ctrl_v1_0_S00_AXI_inst/inst_TOP/inst_fun_ssd1309/inst_fun_display_am2302/inst_fun_d_ram_ssd1309/inst_d_ram_ssd1309/ssd1309_ram_reg[57][39]/D (clocked by clk_fpga_0). Large setup violations at the end of those stages might be difficult to fix during the post-placement implementation flow and could be the result of non-optimal XDC constraints or non-optimal design architecture
Related violations: <none>

TIMING-16#102 Warning
Large setup violation  
There is a large setup violation of -1.600 ns between system_i/Pro_FPGA_ctrl_0/U0/Pro_FPGA_ctrl_v1_0_S00_AXI_inst/inst_TOP/inst_fun_ssd1309/inst_fun_display_am2302/inst_fun_d_ram_ssd1309/d_ram_offset_line_reg[7]/C (clocked by clk_fpga_0) and system_i/Pro_FPGA_ctrl_0/U0/Pro_FPGA_ctrl_v1_0_S00_AXI_inst/inst_TOP/inst_fun_ssd1309/inst_fun_display_am2302/inst_fun_d_ram_ssd1309/inst_d_ram_ssd1309/ssd1309_ram_reg[71][47]/D (clocked by clk_fpga_0). Large setup violations at the end of those stages might be difficult to fix during the post-placement implementation flow and could be the result of non-optimal XDC constraints or non-optimal design architecture
Related violations: <none>

TIMING-16#103 Warning
Large setup violation  
There is a large setup violation of -1.623 ns between system_i/Pro_FPGA_ctrl_0/U0/Pro_FPGA_ctrl_v1_0_S00_AXI_inst/inst_TOP/inst_fun_ssd1309/inst_fun_display_am2302/inst_fun_d_ram_ssd1309/d_ram_offset_line_reg[7]/C (clocked by clk_fpga_0) and system_i/Pro_FPGA_ctrl_0/U0/Pro_FPGA_ctrl_v1_0_S00_AXI_inst/inst_TOP/inst_fun_ssd1309/inst_fun_display_am2302/inst_fun_d_ram_ssd1309/inst_d_ram_ssd1309/ssd1309_ram_reg[65][39]/D (clocked by clk_fpga_0). Large setup violations at the end of those stages might be difficult to fix during the post-placement implementation flow and could be the result of non-optimal XDC constraints or non-optimal design architecture
Related violations: <none>

TIMING-16#104 Warning
Large setup violation  
There is a large setup violation of -1.677 ns between system_i/Pro_FPGA_ctrl_0/U0/Pro_FPGA_ctrl_v1_0_S00_AXI_inst/inst_TOP/inst_fun_ssd1309/inst_fun_display_am2302/inst_fun_d_ram_ssd1309/d_ram_offset_line_reg[7]/C (clocked by clk_fpga_0) and system_i/Pro_FPGA_ctrl_0/U0/Pro_FPGA_ctrl_v1_0_S00_AXI_inst/inst_TOP/inst_fun_ssd1309/inst_fun_display_am2302/inst_fun_d_ram_ssd1309/inst_d_ram_ssd1309/ssd1309_ram_reg[71][39]/D (clocked by clk_fpga_0). Large setup violations at the end of those stages might be difficult to fix during the post-placement implementation flow and could be the result of non-optimal XDC constraints or non-optimal design architecture
Related violations: <none>

TIMING-16#105 Warning
Large setup violation  
There is a large setup violation of -1.710 ns between system_i/Pro_FPGA_ctrl_0/U0/Pro_FPGA_ctrl_v1_0_S00_AXI_inst/inst_TOP/inst_fun_ssd1309/inst_fun_display_am2302/inst_fun_d_ram_ssd1309/d_ram_offset_line_reg[7]/C (clocked by clk_fpga_0) and system_i/Pro_FPGA_ctrl_0/U0/Pro_FPGA_ctrl_v1_0_S00_AXI_inst/inst_TOP/inst_fun_ssd1309/inst_fun_display_am2302/inst_fun_d_ram_ssd1309/inst_d_ram_ssd1309/ssd1309_ram_reg[73][35]/D (clocked by clk_fpga_0). Large setup violations at the end of those stages might be difficult to fix during the post-placement implementation flow and could be the result of non-optimal XDC constraints or non-optimal design architecture
Related violations: <none>

TIMING-16#106 Warning
Large setup violation  
There is a large setup violation of -1.805 ns between system_i/Pro_FPGA_ctrl_0/U0/Pro_FPGA_ctrl_v1_0_S00_AXI_inst/inst_TOP/inst_fun_ssd1309/inst_fun_display_am2302/inst_fun_d_ram_ssd1309/d_ram_offset_line_reg[7]/C (clocked by clk_fpga_0) and system_i/Pro_FPGA_ctrl_0/U0/Pro_FPGA_ctrl_v1_0_S00_AXI_inst/inst_TOP/inst_fun_ssd1309/inst_fun_display_am2302/inst_fun_d_ram_ssd1309/inst_d_ram_ssd1309/ssd1309_ram_reg[73][15]/D (clocked by clk_fpga_0). Large setup violations at the end of those stages might be difficult to fix during the post-placement implementation flow and could be the result of non-optimal XDC constraints or non-optimal design architecture
Related violations: <none>

TIMING-16#107 Warning
Large setup violation  
There is a large setup violation of -1.831 ns between system_i/Pro_FPGA_ctrl_0/U0/Pro_FPGA_ctrl_v1_0_S00_AXI_inst/inst_TOP/inst_fun_ssd1309/inst_fun_display_am2302/inst_fun_d_ram_ssd1309/d_ram_offset_line_reg[7]/C (clocked by clk_fpga_0) and system_i/Pro_FPGA_ctrl_0/U0/Pro_FPGA_ctrl_v1_0_S00_AXI_inst/inst_TOP/inst_fun_ssd1309/inst_fun_display_am2302/inst_fun_d_ram_ssd1309/inst_d_ram_ssd1309/ssd1309_ram_reg[73][39]/D (clocked by clk_fpga_0). Large setup violations at the end of those stages might be difficult to fix during the post-placement implementation flow and could be the result of non-optimal XDC constraints or non-optimal design architecture
Related violations: <none>

TIMING-16#108 Warning
Large setup violation  
There is a large setup violation of -1.841 ns between system_i/Pro_FPGA_ctrl_0/U0/Pro_FPGA_ctrl_v1_0_S00_AXI_inst/inst_TOP/inst_fun_ssd1309/inst_fun_display_am2302/inst_fun_d_ram_ssd1309/d_ram_offset_line_reg[7]/C (clocked by clk_fpga_0) and system_i/Pro_FPGA_ctrl_0/U0/Pro_FPGA_ctrl_v1_0_S00_AXI_inst/inst_TOP/inst_fun_ssd1309/inst_fun_display_am2302/inst_fun_d_ram_ssd1309/inst_d_ram_ssd1309/ssd1309_ram_reg[65][35]/D (clocked by clk_fpga_0). Large setup violations at the end of those stages might be difficult to fix during the post-placement implementation flow and could be the result of non-optimal XDC constraints or non-optimal design architecture
Related violations: <none>

TIMING-16#109 Warning
Large setup violation  
There is a large setup violation of -2.091 ns between system_i/Pro_FPGA_ctrl_0/U0/Pro_FPGA_ctrl_v1_0_S00_AXI_inst/inst_TOP/inst_fun_ssd1309/inst_fun_display_am2302/inst_fun_d_ram_ssd1309/d_ram_offset_line_reg[7]/C (clocked by clk_fpga_0) and system_i/Pro_FPGA_ctrl_0/U0/Pro_FPGA_ctrl_v1_0_S00_AXI_inst/inst_TOP/inst_fun_ssd1309/inst_fun_display_am2302/inst_fun_d_ram_ssd1309/inst_d_ram_ssd1309/ssd1309_ram_reg[65][15]/D (clocked by clk_fpga_0). Large setup violations at the end of those stages might be difficult to fix during the post-placement implementation flow and could be the result of non-optimal XDC constraints or non-optimal design architecture
Related violations: <none>

TIMING-16#110 Warning
Large setup violation  
There is a large setup violation of -2.190 ns between system_i/Pro_FPGA_ctrl_0/U0/Pro_FPGA_ctrl_v1_0_S00_AXI_inst/inst_TOP/inst_fun_ssd1309/inst_fun_display_am2302/inst_fun_d_ram_ssd1309/d_ram_offset_line_reg[7]/C (clocked by clk_fpga_0) and system_i/Pro_FPGA_ctrl_0/U0/Pro_FPGA_ctrl_v1_0_S00_AXI_inst/inst_TOP/inst_fun_ssd1309/inst_fun_display_am2302/inst_fun_d_ram_ssd1309/inst_d_ram_ssd1309/ssd1309_ram_reg[65][31]/D (clocked by clk_fpga_0). Large setup violations at the end of those stages might be difficult to fix during the post-placement implementation flow and could be the result of non-optimal XDC constraints or non-optimal design architecture
Related violations: <none>

TIMING-18#1 Warning
Missing input or output delay  
An input delay is missing on J_E17 relative to clock(s) clk_fpga_0
Related violations: <none>

TIMING-18#2 Warning
Missing input or output delay  
An input delay is missing on J_F16 relative to clock(s) clk_fpga_0
Related violations: <none>

TIMING-18#3 Warning
Missing input or output delay  
An input delay is missing on J_G14 relative to clock(s) clk_fpga_0
Related violations: <none>

TIMING-18#4 Warning
Missing input or output delay  
An input delay is missing on J_G17 relative to clock(s) clk_fpga_0
Related violations: <none>

TIMING-18#5 Warning
Missing input or output delay  
An input delay is missing on J_L14 relative to clock(s) clk_fpga_0
Related violations: <none>

TIMING-18#6 Warning
Missing input or output delay  
An input delay is missing on J_N20 relative to clock(s) clk_fpga_0
Related violations: <none>

TIMING-18#7 Warning
Missing input or output delay  
An output delay is missing on J_D18 relative to clock(s) clk_fpga_0
Related violations: <none>

TIMING-18#8 Warning
Missing input or output delay  
An output delay is missing on J_IN_0[0] relative to clock(s) clk_fpga_0
Related violations: <none>

TIMING-18#9 Warning
Missing input or output delay  
An output delay is missing on J_IN_0[1] relative to clock(s) clk_fpga_0
Related violations: <none>

TIMING-18#10 Warning
Missing input or output delay  
An output delay is missing on J_IN_0[2] relative to clock(s) clk_fpga_0
Related violations: <none>

TIMING-18#11 Warning
Missing input or output delay  
An output delay is missing on J_IN_0[3] relative to clock(s) clk_fpga_0
Related violations: <none>

TIMING-18#12 Warning
Missing input or output delay  
An output delay is missing on J_J15 relative to clock(s) clk_fpga_0
Related violations: <none>

TIMING-18#13 Warning
Missing input or output delay  
An output delay is missing on J_M17 relative to clock(s) clk_fpga_0
Related violations: <none>

TIMING-18#14 Warning
Missing input or output delay  
An output delay is missing on J_N16 relative to clock(s) clk_fpga_0
Related violations: <none>

TIMING-18#15 Warning
Missing input or output delay  
An output delay is missing on J_P20 relative to clock(s) clk_fpga_0
Related violations: <none>

TIMING-18#16 Warning
Missing input or output delay  
An output delay is missing on J_T5 relative to clock(s) clk_fpga_0
Related violations: <none>

TIMING-18#17 Warning
Missing input or output delay  
An output delay is missing on J_U5 relative to clock(s) clk_fpga_0
Related violations: <none>

TIMING-18#18 Warning
Missing input or output delay  
An output delay is missing on J_U7 relative to clock(s) clk_fpga_0
Related violations: <none>

TIMING-18#19 Warning
Missing input or output delay  
An output delay is missing on J_V7 relative to clock(s) clk_fpga_0
Related violations: <none>

TIMING-18#20 Warning
Missing input or output delay  
An output delay is missing on J_V8 relative to clock(s) clk_fpga_0
Related violations: <none>


