16:03:35 **** Auto Build of configuration Debug for project Mini_ctrl_brd_zynq_1 ****
make pre-build main-build 
a9-linaro-pre-build-step
' '
'Building file: ../src/Angle_Sensor.c'
'Invoking: ARM v7 gcc compiler'
arm-none-eabi-gcc -Wall -O0 -g3 -c -fmessage-length=0 -MT"src/Angle_Sensor.o" -mcpu=cortex-a9 -mfpu=vfpv3 -mfloat-abi=hard -I../../Mini_ctrl_brd_zynq_1_bsp/ps7_cortexa9_0/include -MMD -MP -MF"src/Angle_Sensor.d" -MT"src/Angle_Sensor.o" -o "src/Angle_Sensor.o" "../src/Angle_Sensor.c"
'Finished building: ../src/Angle_Sensor.c'
' '
'Building file: ../src/am2302.c'
'Invoking: ARM v7 gcc compiler'
arm-none-eabi-gcc -Wall -O0 -g3 -c -fmessage-length=0 -MT"src/am2302.o" -mcpu=cortex-a9 -mfpu=vfpv3 -mfloat-abi=hard -I../../Mini_ctrl_brd_zynq_1_bsp/ps7_cortexa9_0/include -MMD -MP -MF"src/am2302.d" -MT"src/am2302.o" -o "src/am2302.o" "../src/am2302.c"
'Finished building: ../src/am2302.c'
' '
'Building file: ../src/bram.c'
'Invoking: ARM v7 gcc compiler'
arm-none-eabi-gcc -Wall -O0 -g3 -c -fmessage-length=0 -MT"src/bram.o" -mcpu=cortex-a9 -mfpu=vfpv3 -mfloat-abi=hard -I../../Mini_ctrl_brd_zynq_1_bsp/ps7_cortexa9_0/include -MMD -MP -MF"src/bram.d" -MT"src/bram.o" -o "src/bram.o" "../src/bram.c"
'Finished building: ../src/bram.c'
' '
'Building file: ../src/freertos_tcp_perf_server.c'
'Invoking: ARM v7 gcc compiler'
arm-none-eabi-gcc -Wall -O0 -g3 -c -fmessage-length=0 -MT"src/freertos_tcp_perf_server.o" -mcpu=cortex-a9 -mfpu=vfpv3 -mfloat-abi=hard -I../../Mini_ctrl_brd_zynq_1_bsp/ps7_cortexa9_0/include -MMD -MP -MF"src/freertos_tcp_perf_server.d" -MT"src/freertos_tcp_perf_server.o" -o "src/freertos_tcp_perf_server.o" "../src/freertos_tcp_perf_server.c"
'Finished building: ../src/freertos_tcp_perf_server.c'
' '
'Building file: ../src/led.c'
'Invoking: ARM v7 gcc compiler'
arm-none-eabi-gcc -Wall -O0 -g3 -c -fmessage-length=0 -MT"src/led.o" -mcpu=cortex-a9 -mfpu=vfpv3 -mfloat-abi=hard -I../../Mini_ctrl_brd_zynq_1_bsp/ps7_cortexa9_0/include -MMD -MP -MF"src/led.d" -MT"src/led.o" -o "src/led.o" "../src/led.c"
'Finished building: ../src/led.c'
' '
'Building file: ../src/main.c'
'Invoking: ARM v7 gcc compiler'
arm-none-eabi-gcc -Wall -O0 -g3 -c -fmessage-length=0 -MT"src/main.o" -mcpu=cortex-a9 -mfpu=vfpv3 -mfloat-abi=hard -I../../Mini_ctrl_brd_zynq_1_bsp/ps7_cortexa9_0/include -MMD -MP -MF"src/main.d" -MT"src/main.o" -o "src/main.o" "../src/main.c"
../src/main.c: In function 'Angle_Sensor_Recv_thread':
../src/main.c:434:29: warning: passing argument 2 of 'memcpy' discards 'volatile' qualifier from pointer target type [-Wdiscarded-qualifiers]
    memcpy(&Rx_uart1_buf[0], &rx_buffer[0], rx_head);
                             ^
In file included from d:\app\vivado-xilinx\xilinx\sdk\2018.3\gnu\aarch32\nt\gcc-arm-none-eabi\arm-none-eabi\libc\usr\include\ctype.h:4:0,
                 from ../../Mini_ctrl_brd_zynq_1_bsp/ps7_cortexa9_0/include/xil_printf.h:8,
                 from ../../Mini_ctrl_brd_zynq_1_bsp/ps7_cortexa9_0/include/xil_io.h:61,
                 from ../../Mini_ctrl_brd_zynq_1_bsp/ps7_cortexa9_0/include/sleep.h:52,
                 from ../src/main.h:4,
                 from ../src/main.c:29:
d:\app\vivado-xilinx\xilinx\sdk\2018.3\gnu\aarch32\nt\gcc-arm-none-eabi\arm-none-eabi\libc\usr\include\string.h:23:8: note: expected 'const void * restrict' but argument is of type 'volatile u8 * {aka volatile unsigned char *}'
 _PTR   _EXFUN(memcpy,(_PTR __restrict, const _PTR __restrict, size_t));
        ^
../src/main.c:435:11: warning: passing argument 1 of 'memset' discards 'volatile' qualifier from pointer target type [-Wdiscarded-qualifiers]
    memset(&rx_buffer[0] ,0, rx_head);
           ^
In file included from d:\app\vivado-xilinx\xilinx\sdk\2018.3\gnu\aarch32\nt\gcc-arm-none-eabi\arm-none-eabi\libc\usr\include\ctype.h:4:0,
                 from ../../Mini_ctrl_brd_zynq_1_bsp/ps7_cortexa9_0/include/xil_printf.h:8,
                 from ../../Mini_ctrl_brd_zynq_1_bsp/ps7_cortexa9_0/include/xil_io.h:61,
                 from ../../Mini_ctrl_brd_zynq_1_bsp/ps7_cortexa9_0/include/sleep.h:52,
                 from ../src/main.h:4,
                 from ../src/main.c:29:
d:\app\vivado-xilinx\xilinx\sdk\2018.3\gnu\aarch32\nt\gcc-arm-none-eabi\arm-none-eabi\libc\usr\include\string.h:25:7: note: expected 'void *' but argument is of type 'volatile u8 * {aka volatile unsigned char *}'
 _PTR  _EXFUN(memset,(_PTR, int, size_t));
       ^
../src/main.c: In function 'Angle_Sensor_processing_thread':
../src/main.c:460:42: warning: variable 'Yaw' set but not used [-Wunused-but-set-variable]
     float Ax,Ay,Az,T,Wx,Wy,Wz,Roll,Pitch,Yaw;
                                          ^~~
../src/main.c:460:36: warning: variable 'Pitch' set but not used [-Wunused-but-set-variable]
     float Ax,Ay,Az,T,Wx,Wy,Wz,Roll,Pitch,Yaw;
                                    ^~~~~
../src/main.c:460:31: warning: variable 'Roll' set but not used [-Wunused-but-set-variable]
     float Ax,Ay,Az,T,Wx,Wy,Wz,Roll,Pitch,Yaw;
                               ^~~~
../src/main.c:460:28: warning: variable 'Wz' set but not used [-Wunused-but-set-variable]
     float Ax,Ay,Az,T,Wx,Wy,Wz,Roll,Pitch,Yaw;
                            ^~
../src/main.c:460:25: warning: variable 'Wy' set but not used [-Wunused-but-set-variable]
     float Ax,Ay,Az,T,Wx,Wy,Wz,Roll,Pitch,Yaw;
                         ^~
../src/main.c:460:22: warning: variable 'Wx' set but not used [-Wunused-but-set-variable]
     float Ax,Ay,Az,T,Wx,Wy,Wz,Roll,Pitch,Yaw;
                      ^~
../src/main.c:460:20: warning: variable 'T' set but not used [-Wunused-but-set-variable]
     float Ax,Ay,Az,T,Wx,Wy,Wz,Roll,Pitch,Yaw;
                    ^
../src/main.c:460:17: warning: variable 'Az' set but not used [-Wunused-but-set-variable]
     float Ax,Ay,Az,T,Wx,Wy,Wz,Roll,Pitch,Yaw;
                 ^~
../src/main.c:460:14: warning: variable 'Ay' set but not used [-Wunused-but-set-variable]
     float Ax,Ay,Az,T,Wx,Wy,Wz,Roll,Pitch,Yaw;
              ^~
../src/main.c:460:11: warning: variable 'Ax' set but not used [-Wunused-but-set-variable]
     float Ax,Ay,Az,T,Wx,Wy,Wz,Roll,Pitch,Yaw;
           ^~
'Finished building: ../src/main.c'
' '
'Building file: ../src/oled.c'
'Invoking: ARM v7 gcc compiler'
arm-none-eabi-gcc -Wall -O0 -g3 -c -fmessage-length=0 -MT"src/oled.o" -mcpu=cortex-a9 -mfpu=vfpv3 -mfloat-abi=hard -I../../Mini_ctrl_brd_zynq_1_bsp/ps7_cortexa9_0/include -MMD -MP -MF"src/oled.d" -MT"src/oled.o" -o "src/oled.o" "../src/oled.c"
'Finished building: ../src/oled.c'
' '
'Building file: ../src/ssd1309_spi.c'
'Invoking: ARM v7 gcc compiler'
arm-none-eabi-gcc -Wall -O0 -g3 -c -fmessage-length=0 -MT"src/ssd1309_spi.o" -mcpu=cortex-a9 -mfpu=vfpv3 -mfloat-abi=hard -I../../Mini_ctrl_brd_zynq_1_bsp/ps7_cortexa9_0/include -MMD -MP -MF"src/ssd1309_spi.d" -MT"src/ssd1309_spi.o" -o "src/ssd1309_spi.o" "../src/ssd1309_spi.c"
'Finished building: ../src/ssd1309_spi.c'
' '
'Building file: ../src/timer_intr.c'
'Invoking: ARM v7 gcc compiler'
arm-none-eabi-gcc -Wall -O0 -g3 -c -fmessage-length=0 -MT"src/timer_intr.o" -mcpu=cortex-a9 -mfpu=vfpv3 -mfloat-abi=hard -I../../Mini_ctrl_brd_zynq_1_bsp/ps7_cortexa9_0/include -MMD -MP -MF"src/timer_intr.d" -MT"src/timer_intr.o" -o "src/timer_intr.o" "../src/timer_intr.c"
'Finished building: ../src/timer_intr.c'
' '
'Building target: Mini_ctrl_brd_zynq_1.elf'
'Invoking: ARM v7 gcc linker'
arm-none-eabi-gcc -mcpu=cortex-a9 -mfpu=vfpv3 -mfloat-abi=hard -Wl,-build-id=none -specs=Xilinx.spec -Wl,-T -Wl,../src/lscript.ld -L../../Mini_ctrl_brd_zynq_1_bsp/ps7_cortexa9_0/lib -o "Mini_ctrl_brd_zynq_1.elf"  ./src/Angle_Sensor.o ./src/am2302.o ./src/bram.o ./src/freertos_tcp_perf_server.o ./src/iic_phyreset.o ./src/led.o ./src/main.o ./src/oled.o ./src/ssd1309_spi.o ./src/timer_intr.o   -Wl,--start-group,-lxil,-lfreertos,-lgcc,-lc,--end-group -Wl,--start-group,-lxilffs,-lxil,-lgcc,-lc,--end-group -Wl,--start-group,-lxil,-llwip4,-lgcc,-lc,--end-group
'Finished building target: Mini_ctrl_brd_zynq_1.elf'
' '
'Invoking: ARM v7 Print Size'
arm-none-eabi-size Mini_ctrl_brd_zynq_1.elf  |tee "Mini_ctrl_brd_zynq_1.elf.size"
   text	   data	    bss	    dec	    hex	filename
 295076	   3496	32626976	32925548	1f6676c	Mini_ctrl_brd_zynq_1.elf
'Finished building: Mini_ctrl_brd_zynq_1.elf.size'
' '

16:03:37 Build Finished (took 1s.682ms)

