#-----------------------------------------------------------
# Vivado v2018.3 (64-bit)
# SW Build 2405991 on Thu Dec  6 23:38:27 MST 2018
# IP Build 2404404 on Fri Dec  7 01:43:56 MST 2018
# Start of session at: Fri May 16 08:57:33 2025
# Process ID: 23856
# Current directory: D:/ASUS-PC/Desktop/temporary/Mini_ctrl_brd_zynq
# Command line: vivado.exe -gui_launcher_event rodinguilauncherevent23040 D:\ASUS-PC\Desktop\temporary\Mini_ctrl_brd_zynq\Mini_ctrl_brd_zynq.xpr
# Log file: D:/ASUS-PC/Desktop/temporary/Mini_ctrl_brd_zynq/vivado.log
# Journal file: D:/ASUS-PC/Desktop/temporary/Mini_ctrl_brd_zynq\vivado.jou
#-----------------------------------------------------------
start_gui
open_project D:/ASUS-PC/Desktop/temporary/Mini_ctrl_brd_zynq/Mini_ctrl_brd_zynq.xpr
Scanning sources...
Finished scanning sources
INFO: [IP_Flow 19-234] Refreshing IP repositories
INFO: [IP_Flow 19-1700] Loaded user IP repository 'd:/ASUS-PC/Desktop/temporary/Mini_ctrl_brd_zynq/ip_repo'.
WARNING: [IP_Flow 19-3685] Ignored loading user repository 'd:/ASUS-PC/Desktop/temporary/Mini_ctrl_brd_zynq/ip_repo/AM2302_1.0'. The path is contained within another repository.
INFO: [IP_Flow 19-2313] Loaded Vivado IP repository 'D:/APP/Vivado-Xilinx/Xilinx/Vivado/2018.3/data/ip'.
open_project: Time (s): cpu = 00:00:12 ; elapsed = 00:00:06 . Memory (MB): peak = 890.980 ; gain = 213.848
update_compile_order -fileset sources_1
open_bd_design {D:/ASUS-PC/Desktop/temporary/Mini_ctrl_brd_zynq/Mini_ctrl_brd_zynq.srcs/sources_1/bd/system/system.bd}
Adding cell -- xilinx.com:ip:processing_system7:5.5 - processing_system7_0
Adding cell -- xilinx.com:ip:axi_bram_ctrl:4.1 - axi_bram_ctrl_0
Adding cell -- xilinx.com:ip:blk_mem_gen:8.4 - blk_mem_gen_0
Adding cell -- xilinx.com:ip:smartconnect:1.0 - axi_smc
Adding cell -- xilinx.com:ip:proc_sys_reset:5.0 - rst_ps7_0_50M
Adding cell -- xilinx.com:user:breath_led_ip:1.0 - breath_led_ip_0
Adding cell -- xilinx.com:user:breath_led_ip:1.0 - breath_led_ip_1
Adding cell -- xilinx.com:user:pl_bram_rd:1.0 - pl_bram_rd_0
Adding cell -- xilinx.com:user:AM2302:1.0 - AM2302_0
Successfully read diagram <system> from BD file <D:/ASUS-PC/Desktop/temporary/Mini_ctrl_brd_zynq/Mini_ctrl_brd_zynq.srcs/sources_1/bd/system/system.bd>
