#-----------------------------------------------------------
# Vivado v2018.3 (64-bit)
# SW Build 2405991 on Thu Dec  6 23:38:27 MST 2018
# IP Build 2404404 on Fri Dec  7 01:43:56 MST 2018
# Start of session at: Thu May 15 14:10:31 2025
# Process ID: 35728
# Current directory: D:/ASUS-PC/Desktop/temporary/Mini_ctrl_brd_zynq
# Command line: vivado.exe -gui_launcher_event rodinguilauncherevent40020 D:\ASUS-PC\Desktop\temporary\Mini_ctrl_brd_zynq\Mini_ctrl_brd_zynq.xpr
# Log file: D:/ASUS-PC/Desktop/temporary/Mini_ctrl_brd_zynq/vivado.log
# Journal file: D:/ASUS-PC/Desktop/temporary/Mini_ctrl_brd_zynq\vivado.jou
#-----------------------------------------------------------
start_gui
open_project D:/ASUS-PC/Desktop/temporary/Mini_ctrl_brd_zynq/Mini_ctrl_brd_zynq.xpr
Scanning sources...
Finished scanning sources
INFO: [IP_Flow 19-234] Refreshing IP repositories
INFO: [IP_Flow 19-1700] Loaded user IP repository 'd:/ASUS-PC/Desktop/temporary/Mini_ctrl_brd_zynq/ip_repo'.
INFO: [IP_Flow 19-2313] Loaded Vivado IP repository 'D:/APP/Vivado-Xilinx/Xilinx/Vivado/2018.3/data/ip'.
open_project: Time (s): cpu = 00:00:10 ; elapsed = 00:00:05 . Memory (MB): peak = 867.969 ; gain = 241.793
update_compile_order -fileset sources_1
open_bd_design {D:/ASUS-PC/Desktop/temporary/Mini_ctrl_brd_zynq/Mini_ctrl_brd_zynq.srcs/sources_1/bd/system/system.bd}
Adding cell -- xilinx.com:ip:processing_system7:5.5 - processing_system7_0
Adding cell -- xilinx.com:ip:axi_bram_ctrl:4.1 - axi_bram_ctrl_0
Adding cell -- xilinx.com:ip:blk_mem_gen:8.4 - blk_mem_gen_0
Adding cell -- xilinx.com:ip:smartconnect:1.0 - axi_smc
Adding cell -- xilinx.com:ip:proc_sys_reset:5.0 - rst_ps7_0_50M
Adding cell -- xilinx.com:user:breath_led_ip:1.0 - breath_led_ip_0
Adding cell -- xilinx.com:user:breath_led_ip:1.0 - breath_led_ip_1
Adding cell -- xilinx.com:user:pl_bram_rd:1.0 - pl_bram_rd_0
Successfully read diagram <system> from BD file <D:/ASUS-PC/Desktop/temporary/Mini_ctrl_brd_zynq/Mini_ctrl_brd_zynq.srcs/sources_1/bd/system/system.bd>
startgroup
create_bd_cell -type ip -vlnv xilinx.com:user:AM2302:1.0 AM2302_0
endgroup
set_property location {3 842 -260} [get_bd_cells AM2302_0]
apply_bd_automation -rule xilinx.com:bd_rule:axi4 -config { Clk_master {/processing_system7_0/FCLK_CLK0 (50 MHz)} Clk_slave {Auto} Clk_xbar {/processing_system7_0/FCLK_CLK0 (50 MHz)} Master {/processing_system7_0/M_AXI_GP0} Slave {/AM2302_0/S00_AXI} intc_ip {/axi_smc} master_apm {0}}  [get_bd_intf_pins AM2302_0/S00_AXI]
</AM2302_0/S00_AXI/S00_AXI_reg> is being mapped into </processing_system7_0/Data> at <0x43C30000 [ 64K ]>
WARNING: [IP_Flow 19-474] Invalid Parameter 'Component_Name'
startgroup
set_property -dict [list CONFIG.PCW_FPGA1_PERIPHERAL_FREQMHZ {125} CONFIG.PCW_EN_CLK1_PORT {1}] [get_bd_cells processing_system7_0]
endgroup
delete_bd_objs [get_bd_nets processing_system7_0_FCLK_CLK0]
connect_bd_net [get_bd_pins processing_system7_0/FCLK_CLK1] [get_bd_pins AM2302_0/s00_axi_aclk]
startgroup
apply_bd_automation -rule xilinx.com:bd_rule:clkrst -config {Clk "/processing_system7_0/FCLK_CLK0 (50 MHz)" }  [get_bd_pins processing_system7_0/M_AXI_GP0_ACLK]
apply_bd_automation -rule xilinx.com:bd_rule:clkrst -config {Clk "/processing_system7_0/FCLK_CLK0 (50 MHz)" }  [get_bd_pins axi_bram_ctrl_0/s_axi_aclk]
apply_bd_automation -rule xilinx.com:bd_rule:clkrst -config {Clk "/processing_system7_0/FCLK_CLK0 (50 MHz)" }  [get_bd_pins rst_ps7_0_50M/slowest_sync_clk]
apply_bd_automation -rule xilinx.com:bd_rule:clkrst -config {Clk "/processing_system7_0/FCLK_CLK0 (50 MHz)" }  [get_bd_pins breath_led_ip_0/s0_axi_aclk]
apply_bd_automation -rule xilinx.com:bd_rule:clkrst -config {Clk "/processing_system7_0/FCLK_CLK0 (50 MHz)" }  [get_bd_pins breath_led_ip_1/s0_axi_aclk]
apply_bd_automation -rule xilinx.com:bd_rule:clkrst -config {Clk "/processing_system7_0/FCLK_CLK0 (50 MHz)" }  [get_bd_pins pl_bram_rd_0/s00_axi_aclk]
endgroup
startgroup
make_bd_pins_external  [get_bd_cells AM2302_0]
make_bd_intf_pins_external  [get_bd_cells AM2302_0]
endgroup
save_bd_design
Wrote  : <D:\ASUS-PC\Desktop\temporary\Mini_ctrl_brd_zynq\Mini_ctrl_brd_zynq.srcs\sources_1\bd\system\system.bd> 
Wrote  : <D:/ASUS-PC/Desktop/temporary/Mini_ctrl_brd_zynq/Mini_ctrl_brd_zynq.srcs/sources_1/bd/system/ui/bd_c954508f.ui> 
validate_bd_design
CRITICAL WARNING: [xilinx.com:ip:smartconnect:1.0-1] system_axi_smc_0: The device(s) attached to /M04_AXI do not share a common clock source with this smartconnect instance.   Re-customize this AXI SmartConnect instance to add a new clock pin and connect it to the same clock source of the IP attached to /M04_AXI to prevent futher clock DRC violations.
CRITICAL WARNING: [BD 41-1343] Reset pin /AM2302_0/s00_axi_aresetn (associated clock /AM2302_0/s00_axi_aclk) is connected to reset source /rst_ps7_0_50M/peripheral_aresetn (synchronous to clock source /processing_system7_0/FCLK_CLK0).
This may prevent design from meeting timing. Please add Processor System Reset module to create a reset that is synchronous to the associated clock source /processing_system7_0/FCLK_CLK1.
WARNING: [BD 41-2180] Resetting the memory initialization file of </blk_mem_gen_0> to default.
ERROR: [BD 41-237] Bus Interface property FREQ_HZ does not match between /AM2302_0/S00_AXI(125000000) and /axi_smc/M04_AXI(50000000)
ERROR: [BD 41-237] Bus Interface property CLK_DOMAIN does not match between /AM2302_0/S00_AXI(system_processing_system7_0_0_FCLK_CLK1) and /axi_smc/M04_AXI(system_processing_system7_0_0_FCLK_CLK0)
validate_bd_design: Time (s): cpu = 00:00:04 ; elapsed = 00:00:06 . Memory (MB): peak = 1332.422 ; gain = 0.000
ERROR: [Common 17-39] 'validate_bd_design' failed due to earlier errors.
ipx::edit_ip_in_project -upgrade true -name AM2302_v1_0_project -directory D:/ASUS-PC/Desktop/temporary/Mini_ctrl_brd_zynq/Mini_ctrl_brd_zynq.tmp/AM2302_v1_0_project d:/ASUS-PC/Desktop/temporary/Mini_ctrl_brd_zynq/ip_repo/AM2302_1.0/component.xml
INFO: [ProjectBase 1-489] The host OS only allows 260 characters in a normal path. The project is stored in a path with more than 80 characters. If you experience issues with IP, Block Designs, or files not being found, please consider moving the project to a location with a shorter path. Alternately consider using the OS subst command to map part of the path to a drive letter.
Current project path is 'd:/asus-pc/desktop/temporary/mini_ctrl_brd_zynq/mini_ctrl_brd_zynq.tmp/am2302_v1_0_project'
INFO: [IP_Flow 19-234] Refreshing IP repositories
INFO: [IP_Flow 19-1704] No user IP repositories specified
INFO: [IP_Flow 19-2313] Loaded Vivado IP repository 'D:/APP/Vivado-Xilinx/Xilinx/Vivado/2018.3/data/ip'.
INFO: [IP_Flow 19-234] Refreshing IP repositories
INFO: [IP_Flow 19-1700] Loaded user IP repository 'd:/ASUS-PC/Desktop/temporary/Mini_ctrl_brd_zynq/ip_repo'.
INFO: [IP_Flow 19-795] Syncing license key meta-data
update_compile_order -fileset sources_1
current_project Mini_ctrl_brd_zynq
validate_bd_design
CRITICAL WARNING: [xilinx.com:ip:smartconnect:1.0-1] system_axi_smc_0: The device(s) attached to /M04_AXI do not share a common clock source with this smartconnect instance.   Re-customize this AXI SmartConnect instance to add a new clock pin and connect it to the same clock source of the IP attached to /M04_AXI to prevent futher clock DRC violations.
CRITICAL WARNING: [BD 41-1343] Reset pin /AM2302_0/s00_axi_aresetn (associated clock /AM2302_0/s00_axi_aclk) is connected to reset source /rst_ps7_0_50M/peripheral_aresetn (synchronous to clock source /processing_system7_0/FCLK_CLK0).
This may prevent design from meeting timing. Please add Processor System Reset module to create a reset that is synchronous to the associated clock source /processing_system7_0/FCLK_CLK1.
WARNING: [BD 41-2180] Resetting the memory initialization file of </blk_mem_gen_0> to default.
ERROR: [BD 41-237] Bus Interface property FREQ_HZ does not match between /AM2302_0/S00_AXI(125000000) and /axi_smc/M04_AXI(50000000)
ERROR: [BD 41-237] Bus Interface property CLK_DOMAIN does not match between /AM2302_0/S00_AXI(system_processing_system7_0_0_FCLK_CLK1) and /axi_smc/M04_AXI(system_processing_system7_0_0_FCLK_CLK0)
validate_bd_design: Time (s): cpu = 00:00:07 ; elapsed = 00:00:06 . Memory (MB): peak = 1332.422 ; gain = 0.000
ERROR: [Common 17-39] 'validate_bd_design' failed due to earlier errors.
startgroup
set_property -dict [list CONFIG.NUM_CLKS {2}] [get_bd_cells axi_smc]
endgroup
connect_bd_net [get_bd_pins axi_smc/aclk1] [get_bd_pins processing_system7_0/FCLK_CLK1]
validate_bd_design
CRITICAL WARNING: [BD 41-1343] Reset pin /AM2302_0/s00_axi_aresetn (associated clock /AM2302_0/s00_axi_aclk) is connected to reset source /rst_ps7_0_50M/peripheral_aresetn (synchronous to clock source /processing_system7_0/FCLK_CLK0).
This may prevent design from meeting timing. Please add Processor System Reset module to create a reset that is synchronous to the associated clock source /processing_system7_0/FCLK_CLK1.
WARNING: [BD 41-2180] Resetting the memory initialization file of </blk_mem_gen_0> to default.
validate_bd_design: Time (s): cpu = 00:00:05 ; elapsed = 00:00:06 . Memory (MB): peak = 1810.309 ; gain = 0.000
WARNING: [IP_Flow 19-474] Invalid Parameter 'Component_Name'
startgroup
set_property -dict [list CONFIG.PCW_EN_RST1_PORT {1} CONFIG.PCW_QSPI_GRP_SINGLE_SS_ENABLE {1}] [get_bd_cells processing_system7_0]
endgroup
validate_bd_design
CRITICAL WARNING: [BD 41-1343] Reset pin /AM2302_0/s00_axi_aresetn (associated clock /AM2302_0/s00_axi_aclk) is connected to reset source /rst_ps7_0_50M/peripheral_aresetn (synchronous to clock source /processing_system7_0/FCLK_CLK0).
This may prevent design from meeting timing. Please add Processor System Reset module to create a reset that is synchronous to the associated clock source /processing_system7_0/FCLK_CLK1.
WARNING: [BD 41-2180] Resetting the memory initialization file of </blk_mem_gen_0> to default.
validate_bd_design: Time (s): cpu = 00:00:05 ; elapsed = 00:00:07 . Memory (MB): peak = 1810.309 ; gain = 0.000
validate_bd_design -force
CRITICAL WARNING: [BD 41-1343] Reset pin /AM2302_0/s00_axi_aresetn (associated clock /AM2302_0/s00_axi_aclk) is connected to reset source /rst_ps7_0_50M/peripheral_aresetn (synchronous to clock source /processing_system7_0/FCLK_CLK0).
This may prevent design from meeting timing. Please add Processor System Reset module to create a reset that is synchronous to the associated clock source /processing_system7_0/FCLK_CLK1.
WARNING: [BD 41-2180] Resetting the memory initialization file of </blk_mem_gen_0> to default.
validate_bd_design: Time (s): cpu = 00:00:06 ; elapsed = 00:00:07 . Memory (MB): peak = 1810.309 ; gain = 0.000
copy_bd_objs /  [get_bd_cells {rst_ps7_0_50M}]
undo
INFO: [Common 17-17] undo 'copy_bd_objs /  [get_bd_cells {rst_ps7_0_50M}]'
delete_bd_objs [get_bd_nets processing_system7_0_FCLK_CLK1]
apply_bd_automation -rule xilinx.com:bd_rule:clkrst -config {Clk "/processing_system7_0/FCLK_CLK1 (125 MHz)" }  [get_bd_pins AM2302_0/s00_axi_aclk]
current_project AM2302_v1_0_project
close_project
WARNING: [IP_Flow 19-4318] IP-XACT file does not exist: d:/ASUS-PC/Desktop/temporary/Mini_ctrl_brd_zynq/ip_repo/AM2302_1.0/component.xml. It will be created.
WARNING: [IP_Flow 19-395] Problem validating against XML schema: see 'xilinx:packagingInfo' : Bad end of element
exit
INFO: [Common 17-206] Exiting Vivado at Thu May 15 14:31:40 2025...
