#-----------------------------------------------------------
# Vivado v2018.3 (64-bit)
# SW Build 2405991 on Thu Dec  6 23:38:27 MST 2018
# IP Build 2404404 on Fri Dec  7 01:43:56 MST 2018
# Start of session at: Thu May 15 14:31:46 2025
# Process ID: 50972
# Current directory: D:/ASUS-PC/Desktop/temporary/Mini_ctrl_brd_zynq
# Command line: vivado.exe -gui_launcher_event rodinguilauncherevent50408 D:\ASUS-PC\Desktop\temporary\Mini_ctrl_brd_zynq\Mini_ctrl_brd_zynq.xpr
# Log file: D:/ASUS-PC/Desktop/temporary/Mini_ctrl_brd_zynq/vivado.log
# Journal file: D:/ASUS-PC/Desktop/temporary/Mini_ctrl_brd_zynq\vivado.jou
#-----------------------------------------------------------
start_gui
open_project D:/ASUS-PC/Desktop/temporary/Mini_ctrl_brd_zynq/Mini_ctrl_brd_zynq.xpr
Scanning sources...
Finished scanning sources
INFO: [IP_Flow 19-234] Refreshing IP repositories
WARNING: [IP_Flow 19-395] Problem validating against XML schema: see 'xilinx:packagingInfo' : Bad end of element
CRITICAL WARNING: [IP_Flow 19-1977] Unable to read IP file d:/ASUS-PC/Desktop/temporary/Mini_ctrl_brd_zynq/ip_repo/AM2302_1.0/component.xml. This IP will not be included in the IP Catalog.
INFO: [IP_Flow 19-1700] Loaded user IP repository 'd:/ASUS-PC/Desktop/temporary/Mini_ctrl_brd_zynq/ip_repo'.
INFO: [IP_Flow 19-2313] Loaded Vivado IP repository 'D:/APP/Vivado-Xilinx/Xilinx/Vivado/2018.3/data/ip'.
WARNING: [BD 41-1661] One or more IPs have been locked in the design 'system.bd'. Please run report_ip_status for more details and recommendations on how to fix this issue.
List of locked IPs:
system_AM2302_0_0

open_bd_design {D:/ASUS-PC/Desktop/temporary/Mini_ctrl_brd_zynq/Mini_ctrl_brd_zynq.srcs/sources_1/bd/system/system.bd}
Adding cell -- xilinx.com:ip:processing_system7:5.5 - processing_system7_0
Adding cell -- xilinx.com:ip:axi_bram_ctrl:4.1 - axi_bram_ctrl_0
Adding cell -- xilinx.com:ip:blk_mem_gen:8.4 - blk_mem_gen_0
Adding cell -- xilinx.com:ip:smartconnect:1.0 - axi_smc
Adding cell -- xilinx.com:ip:proc_sys_reset:5.0 - rst_ps7_0_50M
Adding cell -- xilinx.com:user:breath_led_ip:1.0 - breath_led_ip_0
Adding cell -- xilinx.com:user:breath_led_ip:1.0 - breath_led_ip_1
Adding cell -- xilinx.com:user:pl_bram_rd:1.0 - pl_bram_rd_0
Adding cell -- xilinx.com:user:AM2302:1.0 - AM2302_0
Successfully read diagram <system> from BD file <D:/ASUS-PC/Desktop/temporary/Mini_ctrl_brd_zynq/Mini_ctrl_brd_zynq.srcs/sources_1/bd/system/system.bd>
CRITICAL WARNING: [BD 41-1287] Associated interface by name M00_AXI not found for clock port /aclk
CRITICAL WARNING: [BD 41-1287] Associated interface by name M01_AXI not found for clock port /aclk
CRITICAL WARNING: [BD 41-1287] Associated interface by name M02_AXI not found for clock port /aclk
CRITICAL WARNING: [BD 41-1287] Associated interface by name M03_AXI not found for clock port /aclk
CRITICAL WARNING: [BD 41-1287] Associated interface by name M04_AXI not found for clock port /aclk
CRITICAL WARNING: [BD 41-1287] Associated interface by name S00_AXI not found for clock port /aclk
update_compile_order -fileset sources_1
delete_bd_objs [get_bd_intf_nets axi_smc_M04_AXI] [get_bd_nets Net] [get_bd_nets Net1] [get_bd_nets Net2] [get_bd_nets AM2302_0_AM2302_SDA_1_ctrl] [get_bd_nets AM2302_0_AM2302_SDA_2_ctrl] [get_bd_nets AM2302_0_AM2302_SDA_3_ctrl] [get_bd_nets processing_system7_0_FCLK_CLK1] [get_bd_cells AM2302_0]
WARNING: [IP_Flow 19-474] Invalid Parameter 'Component_Name'
startgroup
set_property -dict [list CONFIG.PCW_EN_CLK1_PORT {0}] [get_bd_cells processing_system7_0]
endgroup
startgroup
copy_bd_objs /  [get_bd_ports {AM2302_SDA_2_ctrl_0}]
copy_bd_objs /  [get_bd_ports {AM2302_SDA_3_0 AM2302_SDA_1_0 AM2302_SDA_2_0 AM2302_SDA_1_ctrl_0}]
set_property location {1502 -227} [get_bd_ports AM2302_SDA_2_ctrl_1]
set_property location {1502 -227} [get_bd_ports AM2302_SDA_1_1]
set_property location {1502 -227} [get_bd_ports AM2302_SDA_1_ctrl_1]
set_property location {1502 -227} [get_bd_ports AM2302_SDA_2_1]
set_property location {1502 -227} [get_bd_ports AM2302_SDA_3_1]
endgroup
delete_bd_objs [get_bd_ports AM2302_SDA_3_0] [get_bd_ports AM2302_SDA_1_1] [get_bd_ports AM2302_SDA_1_0] [get_bd_ports AM2302_SDA_2_1] [get_bd_ports AM2302_SDA_1_ctrl_1] [get_bd_ports AM2302_SDA_2_0] [get_bd_ports AM2302_SDA_1_ctrl_0] [get_bd_ports AM2302_SDA_2_ctrl_1] [get_bd_ports AM2302_SDA_2_ctrl_0]
delete_bd_objs [get_bd_ports AM2302_SDA_3_1] [get_bd_ports AM2302_SDA_3_ctrl_0]
set_property  ip_repo_paths  {d:/ASUS-PC/Desktop/temporary/Mini_ctrl_brd_zynq/ip_repo D:/ASUS-PC/Desktop/temporary/Mini_ctrl_brd_zynq/ip_repo/AM2302_1.0} [current_project]
update_ip_catalog
INFO: [IP_Flow 19-234] Refreshing IP repositories
INFO: [IP_Flow 19-1700] Loaded user IP repository 'd:/ASUS-PC/Desktop/temporary/Mini_ctrl_brd_zynq/ip_repo'.
WARNING: [IP_Flow 19-3685] Ignored loading user repository 'd:/ASUS-PC/Desktop/temporary/Mini_ctrl_brd_zynq/ip_repo/AM2302_1.0'. The path is contained within another repository.
set_property  ip_repo_paths  d:/ASUS-PC/Desktop/temporary/Mini_ctrl_brd_zynq/ip_repo [current_project]
update_ip_catalog
INFO: [IP_Flow 19-234] Refreshing IP repositories
INFO: [IP_Flow 19-1700] Loaded user IP repository 'd:/ASUS-PC/Desktop/temporary/Mini_ctrl_brd_zynq/ip_repo'.
set_property  ip_repo_paths  {} [current_project]
update_ip_catalog
INFO: [IP_Flow 19-234] Refreshing IP repositories
INFO: [IP_Flow 19-1704] No user IP repositories specified
set_property  ip_repo_paths  D:/ASUS-PC/Desktop/temporary/Mini_ctrl_brd_zynq/ip_repo [current_project]
update_ip_catalog
INFO: [IP_Flow 19-234] Refreshing IP repositories
WARNING: [IP_Flow 19-395] Problem validating against XML schema: see 'xilinx:packagingInfo' : Bad end of element
CRITICAL WARNING: [IP_Flow 19-1977] Unable to read IP file d:/ASUS-PC/Desktop/temporary/Mini_ctrl_brd_zynq/ip_repo/AM2302_1.0/component.xml. This IP will not be included in the IP Catalog.
INFO: [IP_Flow 19-1700] Loaded user IP repository 'd:/ASUS-PC/Desktop/temporary/Mini_ctrl_brd_zynq/ip_repo'.
update_ip_catalog -rebuild
INFO: [IP_Flow 19-234] Refreshing IP repositories
WARNING: [IP_Flow 19-395] Problem validating against XML schema: see 'xilinx:packagingInfo' : Bad end of element
CRITICAL WARNING: [IP_Flow 19-1977] Unable to read IP file d:/ASUS-PC/Desktop/temporary/Mini_ctrl_brd_zynq/ip_repo/AM2302_1.0/component.xml. This IP will not be included in the IP Catalog.
INFO: [IP_Flow 19-1700] Loaded user IP repository 'd:/ASUS-PC/Desktop/temporary/Mini_ctrl_brd_zynq/ip_repo'.
set_property  ip_repo_paths  {d:/ASUS-PC/Desktop/temporary/Mini_ctrl_brd_zynq/ip_repo d:/ASUS-PC/Desktop/temporary/Mini_ctrl_brd_zynq/ip_repo/AM2302_1.0} [current_project]
update_ip_catalog
INFO: [IP_Flow 19-234] Refreshing IP repositories
INFO: [IP_Flow 19-1700] Loaded user IP repository 'd:/ASUS-PC/Desktop/temporary/Mini_ctrl_brd_zynq/ip_repo'.
WARNING: [IP_Flow 19-3685] Ignored loading user repository 'd:/ASUS-PC/Desktop/temporary/Mini_ctrl_brd_zynq/ip_repo/AM2302_1.0'. The path is contained within another repository.
validate_bd_design
key "si_properties" not known in dictionary
ERROR: [Ipptcl 7-5] XIT evaluation error: key "si_properties" not known in dictionary
ERROR: [Common 17-39] 'xit::source_ipfile' failed due to earlier errors.
CRITICAL WARNING: [IP_Flow 19-1747] Failed to deliver file 'd:/APP/Vivado-Xilinx/Xilinx/Vivado/2018.3/data/ip/xilinx/smartconnect_v1_0/xit/update_contents.xit': ERROR: [Common 17-39] 'xit::source_ipfile' failed due to earlier errors.

ERROR: [IP_Flow 19-167] Failed to deliver one or more file(s).
ERROR: [IP_Flow 19-3541] IP Elaboration error: Failed to generate IP 'axi_smc'. Failed to generate 'Elaborate BD' outputs: Failed to elaborate IP.
ERROR: [Common 17-39] 'validate_bd_design' failed due to earlier errors.
startgroup
set_property -dict [list CONFIG.NUM_MI {4}] [get_bd_cells axi_smc]
endgroup
save_bd_design
Wrote  : <D:\ASUS-PC\Desktop\temporary\Mini_ctrl_brd_zynq\Mini_ctrl_brd_zynq.srcs\sources_1\bd\system\system.bd> 
Wrote  : <D:/ASUS-PC/Desktop/temporary/Mini_ctrl_brd_zynq/Mini_ctrl_brd_zynq.srcs/sources_1/bd/system/ui/bd_c954508f.ui> 
validate_bd_design
WARNING: [BD 41-2180] Resetting the memory initialization file of </blk_mem_gen_0> to default.
set_property  ip_repo_paths  d:/ASUS-PC/Desktop/temporary/Mini_ctrl_brd_zynq/ip_repo [current_project]
update_ip_catalog
INFO: [IP_Flow 19-234] Refreshing IP repositories
INFO: [IP_Flow 19-1700] Loaded user IP repository 'd:/ASUS-PC/Desktop/temporary/Mini_ctrl_brd_zynq/ip_repo'.
set_property  ip_repo_paths  {d:/ASUS-PC/Desktop/temporary/Mini_ctrl_brd_zynq/ip_repo D:/ASUS-PC/Desktop/temporary/Mini_ctrl_brd_zynq/ip_repo/AM2302_1.0} [current_project]
update_ip_catalog
INFO: [IP_Flow 19-234] Refreshing IP repositories
INFO: [IP_Flow 19-1700] Loaded user IP repository 'd:/ASUS-PC/Desktop/temporary/Mini_ctrl_brd_zynq/ip_repo'.
WARNING: [IP_Flow 19-3685] Ignored loading user repository 'd:/ASUS-PC/Desktop/temporary/Mini_ctrl_brd_zynq/ip_repo/AM2302_1.0'. The path is contained within another repository.
save_bd_design
Wrote  : <D:\ASUS-PC\Desktop\temporary\Mini_ctrl_brd_zynq\Mini_ctrl_brd_zynq.srcs\sources_1\bd\system\system.bd> 
exit
INFO: [Common 17-206] Exiting Vivado at Thu May 15 14:36:56 2025...
