#-----------------------------------------------------------
# Vivado v2018.3 (64-bit)
# SW Build 2405991 on Thu Dec  6 23:38:27 MST 2018
# IP Build 2404404 on Fri Dec  7 01:43:56 MST 2018
# Start of session at: Tue May  6 18:03:19 2025
# Process ID: 72288
# Current directory: D:/ASUS-PC/Desktop/temporary/test/Mini_ctrl_brd_zynq
# Command line: vivado.exe -gui_launcher_event rodinguilauncherevent79724 D:\ASUS-PC\Desktop\temporary\test\Mini_ctrl_brd_zynq\Mini_ctrl_brd_zynq.xpr
# Log file: D:/ASUS-PC/Desktop/temporary/test/Mini_ctrl_brd_zynq/vivado.log
# Journal file: D:/ASUS-PC/Desktop/temporary/test/Mini_ctrl_brd_zynq\vivado.jou
#-----------------------------------------------------------
start_gui
open_project D:/ASUS-PC/Desktop/temporary/test/Mini_ctrl_brd_zynq/Mini_ctrl_brd_zynq.xpr
INFO: [Project 1-313] Project file moved from 'D:/ASUS-PC/Desktop/temporary/Mini_ctrl_brd_zynq' since last save.
Scanning sources...
Finished scanning sources
INFO: [IP_Flow 19-234] Refreshing IP repositories
INFO: [IP_Flow 19-1700] Loaded user IP repository 'd:/ASUS-PC/Desktop/temporary/test/Mini_ctrl_brd_zynq/ip_repo'.
INFO: [IP_Flow 19-2313] Loaded Vivado IP repository 'D:/APP/Vivado-Xilinx/Xilinx/Vivado/2018.3/data/ip'.
launch_sdk -workspace D:/ASUS-PC/Desktop/temporary/test/Mini_ctrl_brd_zynq/Mini_ctrl_brd_zynq.sdk -hwspec D:/ASUS-PC/Desktop/temporary/test/Mini_ctrl_brd_zynq/Mini_ctrl_brd_zynq.sdk/system_wrapper.hdf
INFO: [Vivado 12-393] Launching SDK...
INFO: [Vivado 12-417] Running xsdk -workspace D:/ASUS-PC/Desktop/temporary/test/Mini_ctrl_brd_zynq/Mini_ctrl_brd_zynq.sdk -hwspec D:/ASUS-PC/Desktop/temporary/test/Mini_ctrl_brd_zynq/Mini_ctrl_brd_zynq.sdk/system_wrapper.hdf
INFO: [Vivado 12-3157] SDK launch initiated. Please check console for any further messages.
update_compile_order -fileset sources_1
launch_sdk -workspace D:/ASUS-PC/Desktop/temporary/test/Mini_ctrl_brd_zynq/Mini_ctrl_brd_zynq.sdk -hwspec D:/ASUS-PC/Desktop/temporary/test/Mini_ctrl_brd_zynq/Mini_ctrl_brd_zynq.sdk/system_wrapper.hdf
INFO: [Vivado 12-393] Launching SDK...
INFO: [Vivado 12-417] Running xsdk -workspace D:/ASUS-PC/Desktop/temporary/test/Mini_ctrl_brd_zynq/Mini_ctrl_brd_zynq.sdk -hwspec D:/ASUS-PC/Desktop/temporary/test/Mini_ctrl_brd_zynq/Mini_ctrl_brd_zynq.sdk/system_wrapper.hdf
INFO: [Vivado 12-3157] SDK launch initiated. Please check console for any further messages.
exit
INFO: [Common 17-206] Exiting Vivado at Tue May  6 18:06:00 2025...
