Copyright 1986-2018 Xilinx, Inc. All Rights Reserved.
----------------------------------------------------------------------------------------------------------------------------------------------------------------
| Tool Version     : Vivado v.2018.3 (win64) Build 2405991 Thu Dec  6 23:38:27 MST 2018
| Date             : Fri Apr 18 09:32:50 2025
| Host             : FXT333 running 64-bit major release  (build 9200)
| Command          : report_power -file system_wrapper_power_routed.rpt -pb system_wrapper_power_summary_routed.pb -rpx system_wrapper_power_routed.rpx
| Design           : system_wrapper
| Device           : xc7z020clg400-2
| Design State     : routed
| Grade            : commercial
| Process          : typical
| Characterization : Production
----------------------------------------------------------------------------------------------------------------------------------------------------------------

Power Report

Table of Contents
-----------------
1. Summary
1.1 On-Chip Components
1.2 Power Supply Summary
1.3 Confidence Level
2. Settings
2.1 Environment
2.2 Clock Constraints
3. Detailed Reports
3.1 By Hierarchy

1. Summary
----------

+--------------------------+----------------------------------+
| Total On-Chip Power (W)  | 27.202 (Junction temp exceeded!) |
| Design Power Budget (W)  | Unspecified*                     |
| Power Budget Margin (W)  | NA                               |
| Dynamic (W)              | 26.155                           |
| Device Static (W)        | 1.047                            |
| Effective TJA (C/W)      | 11.5                             |
| Max Ambient (C)          | 0.0                              |
| Junction Temperature (C) | 125.0                            |
| Confidence Level         | Low                              |
| Setting File             | ---                              |
| Simulation Activity File | ---                              |
| Design Nets Matched      | NA                               |
+--------------------------+----------------------------------+
* Specify Design Power Budget using, set_operating_conditions -design_power_budget <value in Watts>


1.1 On-Chip Components
----------------------

+----------------+-----------+----------+-----------+-----------------+
| On-Chip        | Power (W) | Used     | Available | Utilization (%) |
+----------------+-----------+----------+-----------+-----------------+
| Slice Logic    |     0.037 |      165 |       --- |             --- |
|   LUT as Logic |     0.037 |       32 |     53200 |            0.06 |
|   Others       |     0.000 |      133 |       --- |             --- |
| Signals        |     1.262 |      128 |       --- |             --- |
| I/O            |    23.446 |       32 |       125 |           25.60 |
| PS7            |     1.397 |        1 |       --- |             --- |
| Static Power   |     1.047 |          |           |                 |
| Total          |    27.189 |          |           |                 |
+----------------+-----------+----------+-----------+-----------------+


1.2 Power Supply Summary
------------------------

+-----------+-------------+-----------+-------------+------------+
| Source    | Voltage (V) | Total (A) | Dynamic (A) | Static (A) |
+-----------+-------------+-----------+-------------+------------+
| Vccint    |       1.000 |     1.738 |       1.440 |      0.299 |
| Vccaux    |       1.800 |     0.954 |       0.854 |      0.100 |
| Vcco33    |       3.300 |     6.601 |       6.600 |      0.001 |
| Vcco25    |       2.500 |     0.000 |       0.000 |      0.000 |
| Vcco18    |       1.800 |     0.000 |       0.000 |      0.000 |
| Vcco15    |       1.500 |     0.000 |       0.000 |      0.000 |
| Vcco135   |       1.350 |     0.000 |       0.000 |      0.000 |
| Vcco12    |       1.200 |     0.000 |       0.000 |      0.000 |
| Vccaux_io |       1.800 |     0.000 |       0.000 |      0.000 |
| Vccbram   |       1.000 |     0.026 |       0.000 |      0.026 |
| MGTAVcc   |       1.000 |     0.000 |       0.000 |      0.000 |
| MGTAVtt   |       1.200 |     0.000 |       0.000 |      0.000 |
| MGTVccaux |       1.800 |     0.000 |       0.000 |      0.000 |
| Vccpint   |       1.000 |     1.189 |       0.716 |      0.473 |
| Vccpaux   |       1.800 |     0.061 |       0.051 |      0.010 |
| Vccpll    |       1.800 |     0.017 |       0.014 |      0.003 |
| Vcco_ddr  |       1.350 |     0.413 |       0.411 |      0.002 |
| Vcco_mio0 |       1.800 |     0.004 |       0.003 |      0.001 |
| Vcco_mio1 |       1.800 |     0.003 |       0.002 |      0.001 |
| Vccadc    |       1.800 |     0.020 |       0.000 |      0.020 |
+-----------+-------------+-----------+-------------+------------+


1.3 Confidence Level
--------------------

+-----------------------------+------------+--------------------------------------------------------+------------------------------------------------------------------------------------------------------------+
| User Input Data             | Confidence | Details                                                | Action                                                                                                     |
+-----------------------------+------------+--------------------------------------------------------+------------------------------------------------------------------------------------------------------------+
| Design implementation state | High       | Design is routed                                       |                                                                                                            |
| Clock nodes activity        | High       | User specified more than 95% of clocks                 |                                                                                                            |
| I/O nodes activity          | Low        | More than 75% of inputs are missing user specification | Provide missing input activity with simulation results or by editing the "By Resource Type -> I/Os" view   |
| Internal nodes activity     | Medium     | User specified less than 25% of internal nodes         | Provide missing internal nodes activity with simulation results or by editing the "By Resource Type" views |
| Device models               | High       | Device models are Production                           |                                                                                                            |
|                             |            |                                                        |                                                                                                            |
| Overall confidence level    | Low        |                                                        |                                                                                                            |
+-----------------------------+------------+--------------------------------------------------------+------------------------------------------------------------------------------------------------------------+


2. Settings
-----------

2.1 Environment
---------------

+-----------------------+------------------------+
| Ambient Temp (C)      | 25.0                   |
| ThetaJA (C/W)         | 11.5                   |
| Airflow (LFM)         | 250                    |
| Heat Sink             | none                   |
| ThetaSA (C/W)         | 0.0                    |
| Board Selection       | medium (10"x10")       |
| # of Board Layers     | 8to11 (8 to 11 Layers) |
| Board Temperature (C) | 25.0                   |
+-----------------------+------------------------+


2.2 Clock Constraints
---------------------

+-------+--------+-----------------+
| Clock | Domain | Constraint (ns) |
+-------+--------+-----------------+


3. Detailed Reports
-------------------

3.1 By Hierarchy
----------------

+--------------------------+-----------+
| Name                     | Power (W) |
+--------------------------+-----------+
| system_wrapper           |    26.142 |
|   GPIO_0_0_tri_iobuf_0   |     0.744 |
|   GPIO_0_0_tri_iobuf_1   |     0.743 |
|   GPIO_0_0_tri_iobuf_10  |     0.749 |
|   GPIO_0_0_tri_iobuf_11  |     0.746 |
|   GPIO_0_0_tri_iobuf_12  |     0.747 |
|   GPIO_0_0_tri_iobuf_13  |     0.744 |
|   GPIO_0_0_tri_iobuf_14  |     0.744 |
|   GPIO_0_0_tri_iobuf_15  |     0.746 |
|   GPIO_0_0_tri_iobuf_16  |     0.744 |
|   GPIO_0_0_tri_iobuf_17  |     0.743 |
|   GPIO_0_0_tri_iobuf_18  |     0.744 |
|   GPIO_0_0_tri_iobuf_19  |     0.746 |
|   GPIO_0_0_tri_iobuf_2   |     0.745 |
|   GPIO_0_0_tri_iobuf_20  |     0.746 |
|   GPIO_0_0_tri_iobuf_21  |     0.743 |
|   GPIO_0_0_tri_iobuf_22  |     0.746 |
|   GPIO_0_0_tri_iobuf_23  |     0.744 |
|   GPIO_0_0_tri_iobuf_24  |     0.745 |
|   GPIO_0_0_tri_iobuf_25  |     0.749 |
|   GPIO_0_0_tri_iobuf_26  |     0.744 |
|   GPIO_0_0_tri_iobuf_27  |     0.745 |
|   GPIO_0_0_tri_iobuf_28  |     0.744 |
|   GPIO_0_0_tri_iobuf_29  |     0.744 |
|   GPIO_0_0_tri_iobuf_3   |     0.745 |
|   GPIO_0_0_tri_iobuf_30  |     0.744 |
|   GPIO_0_0_tri_iobuf_31  |     0.743 |
|   GPIO_0_0_tri_iobuf_4   |     0.743 |
|   GPIO_0_0_tri_iobuf_5   |     0.743 |
|   GPIO_0_0_tri_iobuf_6   |     0.748 |
|   GPIO_0_0_tri_iobuf_7   |     0.748 |
|   GPIO_0_0_tri_iobuf_8   |     0.749 |
|   GPIO_0_0_tri_iobuf_9   |     0.749 |
|   system_i               |     2.293 |
|     processing_system7_0 |     2.293 |
|       inst               |     2.293 |
+--------------------------+-----------+


