#-----------------------------------------------------------
# Vivado v2021.1 (64-bit)
# SW Build 3247384 on Thu Jun 10 19:36:33 MDT 2021
# IP Build 3246043 on Fri Jun 11 00:30:35 MDT 2021
# Start of session at: Thu May 29 10:06:43 2025
# Process ID: 105348
# Current directory: D:/ASUS-PC/Desktop/Mini_ctrl_brd_zynq_v1.1
# Command line: vivado.exe -gui_launcher_event rodinguilauncherevent93864 D:\ASUS-PC\Desktop\Mini_ctrl_brd_zynq_v1.1\Mini_ctrl_brd_zynq_v1.1.xpr
# Log file: D:/ASUS-PC/Desktop/Mini_ctrl_brd_zynq_v1.1/vivado.log
# Journal file: D:/ASUS-PC/Desktop/Mini_ctrl_brd_zynq_v1.1\vivado.jou
#-----------------------------------------------------------
start_gui
open_project D:/ASUS-PC/Desktop/Mini_ctrl_brd_zynq_v1.1/Mini_ctrl_brd_zynq_v1.1.xpr
INFO: [Project 1-313] Project file moved from 'C:/Users/fxt/AppData/Roaming/Xilinx/Vivado/.Xil/Vivado-12596-DESKTOP-NM77GB4/PrjAr/_X_' since last save.
Scanning sources...
Finished scanning sources
INFO: [IP_Flow 19-234] Refreshing IP repositories
INFO: [IP_Flow 19-1700] Loaded user IP repository 'd:/ASUS-PC/Desktop/Mini_ctrl_brd_zynq_v1.1/Mini_ctrl_brd_zynq_v1.1.ipdefs/ip_repo'.
INFO: [IP_Flow 19-2313] Loaded Vivado IP repository 'E:/Xilinx2021/Vivado/2021.1/data/ip'.
open_bd_design {D:/ASUS-PC/Desktop/Mini_ctrl_brd_zynq_v1.1/Mini_ctrl_brd_zynq_v1.1.srcs/sources_1/bd/system/system.bd}
Reading block design file <D:/ASUS-PC/Desktop/Mini_ctrl_brd_zynq_v1.1/Mini_ctrl_brd_zynq_v1.1.srcs/sources_1/bd/system/system.bd>...
Adding component instance block -- xilinx.com:ip:processing_system7:5.5 - processing_system7_0
Adding component instance block -- xilinx.com:ip:axi_interconnect:2.1 - ps7_0_axi_periph
Adding component instance block -- xilinx.com:ip:axi_protocol_converter:2.1 - auto_pc
Adding component instance block -- xilinx.com:ip:proc_sys_reset:5.0 - rst_ps7_0_125M
Adding component instance block -- xilinx.com:user:ps_pl_axi4:1.0 - ps_pl_axi4_0
Adding component instance block -- xilinx.com:module_ref:TOP:1.0 - TOP_0
Successfully read diagram <system> from block design file <D:/ASUS-PC/Desktop/Mini_ctrl_brd_zynq_v1.1/Mini_ctrl_brd_zynq_v1.1.srcs/sources_1/bd/system/system.bd>
update_module_reference system_TOP_0_0
INFO: [IP_Flow 19-234] Refreshing IP repositories
INFO: [IP_Flow 19-1700] Loaded user IP repository 'd:/ASUS-PC/Desktop/Mini_ctrl_brd_zynq_v1.1/Mini_ctrl_brd_zynq_v1.1.ipdefs/ip_repo'.
Upgrading 'D:/ASUS-PC/Desktop/Mini_ctrl_brd_zynq_v1.1/Mini_ctrl_brd_zynq_v1.1.srcs/sources_1/bd/system/system.bd'
INFO: [IP_Flow 19-1972] Upgraded system_TOP_0_0 from TOP_v1_0 1.0 to TOP_v1_0 1.0
Wrote  : <D:\ASUS-PC\Desktop\Mini_ctrl_brd_zynq_v1.1\Mini_ctrl_brd_zynq_v1.1.srcs\sources_1\bd\system\system.bd> 
update_compile_order -fileset sources_1
generate_target all [get_files  D:/ASUS-PC/Desktop/Mini_ctrl_brd_zynq_v1.1/Mini_ctrl_brd_zynq_v1.1.srcs/sources_1/bd/system/system.bd]
Wrote  : <D:\ASUS-PC\Desktop\Mini_ctrl_brd_zynq_v1.1\Mini_ctrl_brd_zynq_v1.1.srcs\sources_1\bd\system\system.bd> 
VHDL Output written to : d:/ASUS-PC/Desktop/Mini_ctrl_brd_zynq_v1.1/Mini_ctrl_brd_zynq_v1.1.gen/sources_1/bd/system/synth/system.v
VHDL Output written to : d:/ASUS-PC/Desktop/Mini_ctrl_brd_zynq_v1.1/Mini_ctrl_brd_zynq_v1.1.gen/sources_1/bd/system/sim/system.v
VHDL Output written to : d:/ASUS-PC/Desktop/Mini_ctrl_brd_zynq_v1.1/Mini_ctrl_brd_zynq_v1.1.gen/sources_1/bd/system/hdl/system_wrapper.v
INFO: [BD 41-1029] Generation completed for the IP Integrator block TOP_0 .
INFO: [BD 41-1029] Generation completed for the IP Integrator block ps7_0_axi_periph/s00_couplers/auto_pc .
Exporting to file d:/ASUS-PC/Desktop/Mini_ctrl_brd_zynq_v1.1/Mini_ctrl_brd_zynq_v1.1.gen/sources_1/bd/system/hw_handoff/system.hwh
Generated Block Design Tcl file d:/ASUS-PC/Desktop/Mini_ctrl_brd_zynq_v1.1/Mini_ctrl_brd_zynq_v1.1.gen/sources_1/bd/system/hw_handoff/system_bd.tcl
Generated Hardware Definition File d:/ASUS-PC/Desktop/Mini_ctrl_brd_zynq_v1.1/Mini_ctrl_brd_zynq_v1.1.gen/sources_1/bd/system/synth/system.hwdef
export_ip_user_files -of_objects [get_files D:/ASUS-PC/Desktop/Mini_ctrl_brd_zynq_v1.1/Mini_ctrl_brd_zynq_v1.1.srcs/sources_1/bd/system/system.bd] -no_script -sync -force -quiet
export_simulation -of_objects [get_files D:/ASUS-PC/Desktop/Mini_ctrl_brd_zynq_v1.1/Mini_ctrl_brd_zynq_v1.1.srcs/sources_1/bd/system/system.bd] -directory D:/ASUS-PC/Desktop/Mini_ctrl_brd_zynq_v1.1/Mini_ctrl_brd_zynq_v1.1.ip_user_files/sim_scripts -ip_user_files_dir D:/ASUS-PC/Desktop/Mini_ctrl_brd_zynq_v1.1/Mini_ctrl_brd_zynq_v1.1.ip_user_files -ipstatic_source_dir D:/ASUS-PC/Desktop/Mini_ctrl_brd_zynq_v1.1/Mini_ctrl_brd_zynq_v1.1.ip_user_files/ipstatic -lib_map_path [list {modelsim=D:/ASUS-PC/Desktop/Mini_ctrl_brd_zynq_v1.1/Mini_ctrl_brd_zynq_v1.1.cache/compile_simlib/modelsim} {questa=D:/ASUS-PC/Desktop/Mini_ctrl_brd_zynq_v1.1/Mini_ctrl_brd_zynq_v1.1.cache/compile_simlib/questa} {riviera=D:/ASUS-PC/Desktop/Mini_ctrl_brd_zynq_v1.1/Mini_ctrl_brd_zynq_v1.1.cache/compile_simlib/riviera} {activehdl=D:/ASUS-PC/Desktop/Mini_ctrl_brd_zynq_v1.1/Mini_ctrl_brd_zynq_v1.1.cache/compile_simlib/activehdl}] -use_ip_compiled_libs -force -quiet
make_wrapper -files [get_files D:/ASUS-PC/Desktop/Mini_ctrl_brd_zynq_v1.1/Mini_ctrl_brd_zynq_v1.1.srcs/sources_1/bd/system/system.bd] -top
add_files -norecurse d:/ASUS-PC/Desktop/Mini_ctrl_brd_zynq_v1.1/Mini_ctrl_brd_zynq_v1.1.gen/sources_1/bd/system/hdl/system_wrapper.v
update_compile_order -fileset sources_1
reset_run synth_1
WARNING: [Vivado 12-1017] Problems encountered:
1. Failed to delete one or more files in run directory D:/ASUS-PC/Desktop/Mini_ctrl_brd_zynq_v1.1/Mini_ctrl_brd_zynq_v1.1.runs/synth_1

launch_runs impl_1 -to_step write_bitstream -jobs 28
INFO: [IP_Flow 19-1686] Generating 'Synthesis' target for IP 'blk_mem_gen_1'...
[Thu May 29 10:09:02 2025] Launched synth_1...
Run output will be captured here: D:/ASUS-PC/Desktop/Mini_ctrl_brd_zynq_v1.1/Mini_ctrl_brd_zynq_v1.1.runs/synth_1/runme.log
[Thu May 29 10:09:02 2025] Launched impl_1...
Run output will be captured here: D:/ASUS-PC/Desktop/Mini_ctrl_brd_zynq_v1.1/Mini_ctrl_brd_zynq_v1.1.runs/impl_1/runme.log
write_hw_platform -fixed -include_bit -force -file D:/ASUS-PC/Desktop/Mini_ctrl_brd_zynq_v1.1/Vitis/system_wrapper.xsa
INFO: [Vivado 12-4895] Creating Hardware Platform: D:/ASUS-PC/Desktop/Mini_ctrl_brd_zynq_v1.1/Vitis/system_wrapper.xsa ...
INFO: [Hsi 55-2053] elapsed time for repository (E:/Xilinx2021/Vivado/2021.1/data/embeddedsw) loading 0 seconds
INFO: [Vivado 12-12464] The Hardware Platform can be used for Hardware
INFO: [Vivado 12-4896] Successfully created Hardware Platform: D:/ASUS-PC/Desktop/Mini_ctrl_brd_zynq_v1.1/Vitis/system_wrapper.xsa
INFO: [Vivado 12-8231] Launching Vitis
INFO: [Vivado 12-417] Running vitis
INFO: [Vivado 12-8232] Vitis launch initiated. Please check console for any further messages.
exit
INFO: [Common 17-206] Exiting Vivado at Thu May 29 10:43:39 2025...
