#-----------------------------------------------------------
# Vivado v2021.1 (64-bit)
# SW Build 3247384 on Thu Jun 10 19:36:33 MDT 2021
# IP Build 3246043 on Fri Jun 11 00:30:35 MDT 2021
# Start of session at: Thu May 29 09:21:58 2025
# Process ID: 12596
# Current directory: C:/Users/fxt/AppData/Roaming/Xilinx/Vivado
# Command line: vivado.exe -gui_launcher_event rodinguilauncherevent15776
# Log file: C:/Users/fxt/AppData/Roaming/Xilinx/Vivado/vivado.log
# Journal file: C:/Users/fxt/AppData/Roaming/Xilinx/Vivado\vivado.jou
#-----------------------------------------------------------
start_gui
open_project G:/FPGA/Mini_ctrl_brd_zynq_v1.1/Mini_ctrl_brd_zynq_v1.1.xpr
Scanning sources...
Finished scanning sources
INFO: [IP_Flow 19-234] Refreshing IP repositories
INFO: [IP_Flow 19-1700] Loaded user IP repository 'g:/FPGA/ip_repo'.
INFO: [IP_Flow 19-2313] Loaded Vivado IP repository 'E:/Xilinx/Vivado/2021.1/data/ip'.
update_compile_order -fileset sources_1
open_bd_design {G:/FPGA/Mini_ctrl_brd_zynq_v1.1/Mini_ctrl_brd_zynq_v1.1.srcs/sources_1/bd/system/system.bd}
Reading block design file <G:/FPGA/Mini_ctrl_brd_zynq_v1.1/Mini_ctrl_brd_zynq_v1.1.srcs/sources_1/bd/system/system.bd>...
Adding component instance block -- xilinx.com:ip:processing_system7:5.5 - processing_system7_0
Adding component instance block -- xilinx.com:ip:axi_interconnect:2.1 - ps7_0_axi_periph
Adding component instance block -- xilinx.com:ip:axi_protocol_converter:2.1 - auto_pc
Adding component instance block -- xilinx.com:ip:proc_sys_reset:5.0 - rst_ps7_0_125M
Adding component instance block -- xilinx.com:module_ref:TOP:1.0 - TOP_0
Adding component instance block -- xilinx.com:user:ps_pl_axi4:1.0 - ps_pl_axi4_0
Successfully read diagram <system> from block design file <G:/FPGA/Mini_ctrl_brd_zynq_v1.1/Mini_ctrl_brd_zynq_v1.1.srcs/sources_1/bd/system/system.bd>
delete_ip_run [get_files -of_objects [get_fileset sources_1] G:/FPGA/Mini_ctrl_brd_zynq_v1.1/Mini_ctrl_brd_zynq_v1.1.srcs/sources_1/bd/system/system.bd]
set_property synth_checkpoint_mode None [get_files  G:/FPGA/Mini_ctrl_brd_zynq_v1.1/Mini_ctrl_brd_zynq_v1.1.srcs/sources_1/bd/system/system.bd]
generate_target all [get_files  G:/FPGA/Mini_ctrl_brd_zynq_v1.1/Mini_ctrl_brd_zynq_v1.1.srcs/sources_1/bd/system/system.bd]
INFO: [BD 41-1662] The design 'system.bd' is already validated. Therefore parameter propagation will not be re-run.
Wrote  : <G:\FPGA\Mini_ctrl_brd_zynq_v1.1\Mini_ctrl_brd_zynq_v1.1.srcs\sources_1\bd\system\system.bd> 
VHDL Output written to : g:/FPGA/Mini_ctrl_brd_zynq_v1.1/Mini_ctrl_brd_zynq_v1.1.gen/sources_1/bd/system/synth/system.v
VHDL Output written to : g:/FPGA/Mini_ctrl_brd_zynq_v1.1/Mini_ctrl_brd_zynq_v1.1.gen/sources_1/bd/system/sim/system.v
VHDL Output written to : g:/FPGA/Mini_ctrl_brd_zynq_v1.1/Mini_ctrl_brd_zynq_v1.1.gen/sources_1/bd/system/hdl/system_wrapper.v
INFO: [IP_Flow 19-5611] Unable to find an associated reset port for the interface 'M_AXI_GP0'. A default connection has been created.
INFO: [BD 41-1029] Generation completed for the IP Integrator block processing_system7_0 .
INFO: [BD 41-1029] Generation completed for the IP Integrator block ps7_0_axi_periph/s00_couplers/auto_pc .
INFO: [BD 41-1029] Generation completed for the IP Integrator block rst_ps7_0_125M .
INFO: [BD 41-1029] Generation completed for the IP Integrator block TOP_0 .
INFO: [BD 41-1029] Generation completed for the IP Integrator block ps_pl_axi4_0 .
Exporting to file g:/FPGA/Mini_ctrl_brd_zynq_v1.1/Mini_ctrl_brd_zynq_v1.1.gen/sources_1/bd/system/hw_handoff/system.hwh
Generated Block Design Tcl file g:/FPGA/Mini_ctrl_brd_zynq_v1.1/Mini_ctrl_brd_zynq_v1.1.gen/sources_1/bd/system/hw_handoff/system_bd.tcl
Generated Hardware Definition File g:/FPGA/Mini_ctrl_brd_zynq_v1.1/Mini_ctrl_brd_zynq_v1.1.gen/sources_1/bd/system/synth/system.hwdef
generate_target: Time (s): cpu = 00:00:09 ; elapsed = 00:00:10 . Memory (MB): peak = 1630.043 ; gain = 191.430
export_ip_user_files -of_objects [get_files G:/FPGA/Mini_ctrl_brd_zynq_v1.1/Mini_ctrl_brd_zynq_v1.1.srcs/sources_1/bd/system/system.bd] -no_script -sync -force -quiet
export_simulation -of_objects [get_files G:/FPGA/Mini_ctrl_brd_zynq_v1.1/Mini_ctrl_brd_zynq_v1.1.srcs/sources_1/bd/system/system.bd] -directory G:/FPGA/Mini_ctrl_brd_zynq_v1.1/Mini_ctrl_brd_zynq_v1.1.ip_user_files/sim_scripts -ip_user_files_dir G:/FPGA/Mini_ctrl_brd_zynq_v1.1/Mini_ctrl_brd_zynq_v1.1.ip_user_files -ipstatic_source_dir G:/FPGA/Mini_ctrl_brd_zynq_v1.1/Mini_ctrl_brd_zynq_v1.1.ip_user_files/ipstatic -lib_map_path [list {modelsim=G:/FPGA/Mini_ctrl_brd_zynq_v1.1/Mini_ctrl_brd_zynq_v1.1.cache/compile_simlib/modelsim} {questa=G:/FPGA/Mini_ctrl_brd_zynq_v1.1/Mini_ctrl_brd_zynq_v1.1.cache/compile_simlib/questa} {riviera=G:/FPGA/Mini_ctrl_brd_zynq_v1.1/Mini_ctrl_brd_zynq_v1.1.cache/compile_simlib/riviera} {activehdl=G:/FPGA/Mini_ctrl_brd_zynq_v1.1/Mini_ctrl_brd_zynq_v1.1.cache/compile_simlib/activehdl}] -use_ip_compiled_libs -force -quiet
launch_runs synth_1 -jobs 32
[Thu May 29 09:24:10 2025] Launched synth_1...
Run output will be captured here: G:/FPGA/Mini_ctrl_brd_zynq_v1.1/Mini_ctrl_brd_zynq_v1.1.runs/synth_1/runme.log
update_module_reference system_TOP_0_0
INFO: [IP_Flow 19-234] Refreshing IP repositories
INFO: [IP_Flow 19-1700] Loaded user IP repository 'g:/FPGA/ip_repo'.
Upgrading 'G:/FPGA/Mini_ctrl_brd_zynq_v1.1/Mini_ctrl_brd_zynq_v1.1.srcs/sources_1/bd/system/system.bd'
INFO: [IP_Flow 19-1972] Upgraded system_TOP_0_0 from TOP_v1_0 1.0 to TOP_v1_0 1.0
Wrote  : <G:\FPGA\Mini_ctrl_brd_zynq_v1.1\Mini_ctrl_brd_zynq_v1.1.srcs\sources_1\bd\system\system.bd> 
Wrote  : <G:/FPGA/Mini_ctrl_brd_zynq_v1.1/Mini_ctrl_brd_zynq_v1.1.srcs/sources_1/bd/system/ui/bd_c954508f.ui> 
generate_target all [get_files  G:/FPGA/Mini_ctrl_brd_zynq_v1.1/Mini_ctrl_brd_zynq_v1.1.srcs/sources_1/bd/system/system.bd]
Wrote  : <G:\FPGA\Mini_ctrl_brd_zynq_v1.1\Mini_ctrl_brd_zynq_v1.1.srcs\sources_1\bd\system\system.bd> 
VHDL Output written to : g:/FPGA/Mini_ctrl_brd_zynq_v1.1/Mini_ctrl_brd_zynq_v1.1.gen/sources_1/bd/system/synth/system.v
VHDL Output written to : g:/FPGA/Mini_ctrl_brd_zynq_v1.1/Mini_ctrl_brd_zynq_v1.1.gen/sources_1/bd/system/sim/system.v
VHDL Output written to : g:/FPGA/Mini_ctrl_brd_zynq_v1.1/Mini_ctrl_brd_zynq_v1.1.gen/sources_1/bd/system/hdl/system_wrapper.v
INFO: [BD 41-1029] Generation completed for the IP Integrator block TOP_0 .
INFO: [BD 41-1029] Generation completed for the IP Integrator block ps7_0_axi_periph/s00_couplers/auto_pc .
Exporting to file g:/FPGA/Mini_ctrl_brd_zynq_v1.1/Mini_ctrl_brd_zynq_v1.1.gen/sources_1/bd/system/hw_handoff/system.hwh
Generated Block Design Tcl file g:/FPGA/Mini_ctrl_brd_zynq_v1.1/Mini_ctrl_brd_zynq_v1.1.gen/sources_1/bd/system/hw_handoff/system_bd.tcl
Generated Hardware Definition File g:/FPGA/Mini_ctrl_brd_zynq_v1.1/Mini_ctrl_brd_zynq_v1.1.gen/sources_1/bd/system/synth/system.hwdef
export_ip_user_files -of_objects [get_files G:/FPGA/Mini_ctrl_brd_zynq_v1.1/Mini_ctrl_brd_zynq_v1.1.srcs/sources_1/bd/system/system.bd] -no_script -sync -force -quiet
export_simulation -of_objects [get_files G:/FPGA/Mini_ctrl_brd_zynq_v1.1/Mini_ctrl_brd_zynq_v1.1.srcs/sources_1/bd/system/system.bd] -directory G:/FPGA/Mini_ctrl_brd_zynq_v1.1/Mini_ctrl_brd_zynq_v1.1.ip_user_files/sim_scripts -ip_user_files_dir G:/FPGA/Mini_ctrl_brd_zynq_v1.1/Mini_ctrl_brd_zynq_v1.1.ip_user_files -ipstatic_source_dir G:/FPGA/Mini_ctrl_brd_zynq_v1.1/Mini_ctrl_brd_zynq_v1.1.ip_user_files/ipstatic -lib_map_path [list {modelsim=G:/FPGA/Mini_ctrl_brd_zynq_v1.1/Mini_ctrl_brd_zynq_v1.1.cache/compile_simlib/modelsim} {questa=G:/FPGA/Mini_ctrl_brd_zynq_v1.1/Mini_ctrl_brd_zynq_v1.1.cache/compile_simlib/questa} {riviera=G:/FPGA/Mini_ctrl_brd_zynq_v1.1/Mini_ctrl_brd_zynq_v1.1.cache/compile_simlib/riviera} {activehdl=G:/FPGA/Mini_ctrl_brd_zynq_v1.1/Mini_ctrl_brd_zynq_v1.1.cache/compile_simlib/activehdl}] -use_ip_compiled_libs -force -quiet
reset_run synth_1
launch_runs synth_1 -jobs 32
[Thu May 29 09:29:48 2025] Launched synth_1...
Run output will be captured here: G:/FPGA/Mini_ctrl_brd_zynq_v1.1/Mini_ctrl_brd_zynq_v1.1.runs/synth_1/runme.log
launch_runs impl_1 -jobs 32
[Thu May 29 09:32:47 2025] Launched impl_1...
Run output will be captured here: G:/FPGA/Mini_ctrl_brd_zynq_v1.1/Mini_ctrl_brd_zynq_v1.1.runs/impl_1/runme.log
open_run synth_1 -name synth_1
Design is defaulting to impl run constrset: constrs_1
Design is defaulting to synth run part: xc7z020clg400-2
INFO: [Device 21-403] Loading part xc7z020clg400-2
Netlist sorting complete. Time (s): cpu = 00:00:00 ; elapsed = 00:00:00.194 . Memory (MB): peak = 1875.938 ; gain = 0.000
INFO: [Netlist 29-17] Analyzing 4710 Unisim elements for replacement
INFO: [Netlist 29-28] Unisim Transformation completed in 1 CPU seconds
INFO: [Project 1-479] Netlist was created with Vivado 2021.1
INFO: [Project 1-570] Preparing netlist for logic optimization
Parsing XDC File [g:/FPGA/Mini_ctrl_brd_zynq_v1.1/Mini_ctrl_brd_zynq_v1.1.gen/sources_1/bd/system/ip/system_processing_system7_0_0/system_processing_system7_0_0.xdc] for cell 'system_i/processing_system7_0/inst'
Finished Parsing XDC File [g:/FPGA/Mini_ctrl_brd_zynq_v1.1/Mini_ctrl_brd_zynq_v1.1.gen/sources_1/bd/system/ip/system_processing_system7_0_0/system_processing_system7_0_0.xdc] for cell 'system_i/processing_system7_0/inst'
Parsing XDC File [g:/FPGA/Mini_ctrl_brd_zynq_v1.1/Mini_ctrl_brd_zynq_v1.1.gen/sources_1/bd/system/ip/system_rst_ps7_0_125M_0/system_rst_ps7_0_125M_0_board.xdc] for cell 'system_i/rst_ps7_0_125M/U0'
Finished Parsing XDC File [g:/FPGA/Mini_ctrl_brd_zynq_v1.1/Mini_ctrl_brd_zynq_v1.1.gen/sources_1/bd/system/ip/system_rst_ps7_0_125M_0/system_rst_ps7_0_125M_0_board.xdc] for cell 'system_i/rst_ps7_0_125M/U0'
Parsing XDC File [g:/FPGA/Mini_ctrl_brd_zynq_v1.1/Mini_ctrl_brd_zynq_v1.1.gen/sources_1/bd/system/ip/system_rst_ps7_0_125M_0/system_rst_ps7_0_125M_0.xdc] for cell 'system_i/rst_ps7_0_125M/U0'
Finished Parsing XDC File [g:/FPGA/Mini_ctrl_brd_zynq_v1.1/Mini_ctrl_brd_zynq_v1.1.gen/sources_1/bd/system/ip/system_rst_ps7_0_125M_0/system_rst_ps7_0_125M_0.xdc] for cell 'system_i/rst_ps7_0_125M/U0'
Parsing XDC File [G:/FPGA/Mini_ctrl_brd_zynq_v1.1/Mini_ctrl_brd_zynq_v1.1.srcs/constrs_1/new/const1.xdc]
Finished Parsing XDC File [G:/FPGA/Mini_ctrl_brd_zynq_v1.1/Mini_ctrl_brd_zynq_v1.1.srcs/constrs_1/new/const1.xdc]
INFO: [Opt 31-138] Pushed 0 inverter(s) to 0 load pin(s).
Netlist sorting complete. Time (s): cpu = 00:00:00 ; elapsed = 00:00:00.008 . Memory (MB): peak = 2048.992 ; gain = 0.000
INFO: [Project 1-111] Unisim Transformation Summary:
  A total of 34 instances were transformed.
  IOBUF => IOBUF (IBUF, OBUFT): 4 instances
  RAM16X1S => RAM32X1S (RAMS32): 24 instances
  RAM32M => RAM32M (RAMD32(x6), RAMS32(x2)): 2 instances
  RAM32X1D => RAM32X1D (RAMD32(x2)): 4 instances

open_run: Time (s): cpu = 00:00:12 ; elapsed = 00:00:08 . Memory (MB): peak = 2243.488 ; gain = 584.484
open_bd_design {G:/FPGA/Mini_ctrl_brd_zynq_v1.1/Mini_ctrl_brd_zynq_v1.1.srcs/sources_1/bd/system/system.bd}
delete_bd_objs [get_bd_nets clk_in_0_1] [get_bd_ports clk_in_0]
connect_bd_net [get_bd_pins TOP_0/clk_in] [get_bd_pins processing_system7_0/FCLK_CLK0]
save_bd_design
Wrote  : <G:\FPGA\Mini_ctrl_brd_zynq_v1.1\Mini_ctrl_brd_zynq_v1.1.srcs\sources_1\bd\system\system.bd> 
Wrote  : <G:/FPGA/Mini_ctrl_brd_zynq_v1.1/Mini_ctrl_brd_zynq_v1.1.srcs/sources_1/bd/system/ui/bd_c954508f.ui> 
validate_bd_design
generate_target all [get_files  G:/FPGA/Mini_ctrl_brd_zynq_v1.1/Mini_ctrl_brd_zynq_v1.1.srcs/sources_1/bd/system/system.bd]
INFO: [BD 41-1662] The design 'system.bd' is already validated. Therefore parameter propagation will not be re-run.
Wrote  : <G:\FPGA\Mini_ctrl_brd_zynq_v1.1\Mini_ctrl_brd_zynq_v1.1.srcs\sources_1\bd\system\system.bd> 
Wrote  : <G:/FPGA/Mini_ctrl_brd_zynq_v1.1/Mini_ctrl_brd_zynq_v1.1.srcs/sources_1/bd/system/ui/bd_c954508f.ui> 
VHDL Output written to : g:/FPGA/Mini_ctrl_brd_zynq_v1.1/Mini_ctrl_brd_zynq_v1.1.gen/sources_1/bd/system/synth/system.v
VHDL Output written to : g:/FPGA/Mini_ctrl_brd_zynq_v1.1/Mini_ctrl_brd_zynq_v1.1.gen/sources_1/bd/system/sim/system.v
VHDL Output written to : g:/FPGA/Mini_ctrl_brd_zynq_v1.1/Mini_ctrl_brd_zynq_v1.1.gen/sources_1/bd/system/hdl/system_wrapper.v
INFO: [BD 41-1029] Generation completed for the IP Integrator block ps7_0_axi_periph/s00_couplers/auto_pc .
Exporting to file g:/FPGA/Mini_ctrl_brd_zynq_v1.1/Mini_ctrl_brd_zynq_v1.1.gen/sources_1/bd/system/hw_handoff/system.hwh
Generated Block Design Tcl file g:/FPGA/Mini_ctrl_brd_zynq_v1.1/Mini_ctrl_brd_zynq_v1.1.gen/sources_1/bd/system/hw_handoff/system_bd.tcl
Generated Hardware Definition File g:/FPGA/Mini_ctrl_brd_zynq_v1.1/Mini_ctrl_brd_zynq_v1.1.gen/sources_1/bd/system/synth/system.hwdef
export_ip_user_files -of_objects [get_files G:/FPGA/Mini_ctrl_brd_zynq_v1.1/Mini_ctrl_brd_zynq_v1.1.srcs/sources_1/bd/system/system.bd] -no_script -sync -force -quiet
export_simulation -of_objects [get_files G:/FPGA/Mini_ctrl_brd_zynq_v1.1/Mini_ctrl_brd_zynq_v1.1.srcs/sources_1/bd/system/system.bd] -directory G:/FPGA/Mini_ctrl_brd_zynq_v1.1/Mini_ctrl_brd_zynq_v1.1.ip_user_files/sim_scripts -ip_user_files_dir G:/FPGA/Mini_ctrl_brd_zynq_v1.1/Mini_ctrl_brd_zynq_v1.1.ip_user_files -ipstatic_source_dir G:/FPGA/Mini_ctrl_brd_zynq_v1.1/Mini_ctrl_brd_zynq_v1.1.ip_user_files/ipstatic -lib_map_path [list {modelsim=G:/FPGA/Mini_ctrl_brd_zynq_v1.1/Mini_ctrl_brd_zynq_v1.1.cache/compile_simlib/modelsim} {questa=G:/FPGA/Mini_ctrl_brd_zynq_v1.1/Mini_ctrl_brd_zynq_v1.1.cache/compile_simlib/questa} {riviera=G:/FPGA/Mini_ctrl_brd_zynq_v1.1/Mini_ctrl_brd_zynq_v1.1.cache/compile_simlib/riviera} {activehdl=G:/FPGA/Mini_ctrl_brd_zynq_v1.1/Mini_ctrl_brd_zynq_v1.1.cache/compile_simlib/activehdl}] -use_ip_compiled_libs -force -quiet
reset_run synth_1
launch_runs synth_1 -jobs 32
[Thu May 29 09:38:32 2025] Launched synth_1...
Run output will be captured here: G:/FPGA/Mini_ctrl_brd_zynq_v1.1/Mini_ctrl_brd_zynq_v1.1.runs/synth_1/runme.log
launch_runs impl_1 -jobs 32
WARNING: [Project 1-478] Design 'synth_1' is stale and will not be used when launching 'impl_1'
[Thu May 29 09:41:45 2025] Launched impl_1...
Run output will be captured here: G:/FPGA/Mini_ctrl_brd_zynq_v1.1/Mini_ctrl_brd_zynq_v1.1.runs/impl_1/runme.log
open_run impl_1
Netlist sorting complete. Time (s): cpu = 00:00:00 ; elapsed = 00:00:00.182 . Memory (MB): peak = 2749.129 ; gain = 0.000
INFO: [Netlist 29-17] Analyzing 4670 Unisim elements for replacement
INFO: [Netlist 29-28] Unisim Transformation completed in 0 CPU seconds
INFO: [Project 1-479] Netlist was created with Vivado 2021.1
INFO: [Project 1-570] Preparing netlist for logic optimization
INFO: [Timing 38-478] Restoring timing data from binary archive.
INFO: [Timing 38-479] Binary timing data restore complete.
INFO: [Project 1-856] Restoring constraints from binary archive.
INFO: [Project 1-853] Binary constraint restore complete.
Reading XDEF placement.
Reading placer database...
Reading XDEF routing.
Read XDEF File: Time (s): cpu = 00:00:01 ; elapsed = 00:00:02 . Memory (MB): peak = 3118.328 ; gain = 6.348
Restored from archive | CPU: 1.000000 secs | Memory: 0.000000 MB |
Finished XDEF File Restore: Time (s): cpu = 00:00:01 ; elapsed = 00:00:02 . Memory (MB): peak = 3118.328 ; gain = 6.348
Netlist sorting complete. Time (s): cpu = 00:00:00 ; elapsed = 00:00:00.007 . Memory (MB): peak = 3118.328 ; gain = 0.000
INFO: [Project 1-111] Unisim Transformation Summary:
  A total of 34 instances were transformed.
  IOBUF => IOBUF (IBUF, OBUFT): 4 instances
  RAM16X1S => RAM32X1S (RAMS32): 24 instances
  RAM32M => RAM32M (RAMD32(x6), RAMS32(x2)): 2 instances
  RAM32X1D => RAM32X1D (RAMD32(x2)): 4 instances

open_run: Time (s): cpu = 00:00:09 ; elapsed = 00:00:06 . Memory (MB): peak = 3184.270 ; gain = 488.652
open_report: Time (s): cpu = 00:00:15 ; elapsed = 00:00:07 . Memory (MB): peak = 3499.688 ; gain = 293.914
close_design
launch_runs impl_1 -to_step write_bitstream -jobs 32
[Thu May 29 09:46:27 2025] Launched impl_1...
Run output will be captured here: G:/FPGA/Mini_ctrl_brd_zynq_v1.1/Mini_ctrl_brd_zynq_v1.1.runs/impl_1/runme.log
close_design
archive_project G:/FPGA/Mini_ctrl_brd_zynq_v1.13.xpr.zip -temp_dir C:/Users/fxt/AppData/Roaming/Xilinx/Vivado/.Xil/Vivado-12596-DESKTOP-NM77GB4 -force -include_local_ip_cache -include_config_settings
INFO: [Coretcl 2-137] starting archive...
INFO: [Coretcl 2-1499] Saving project copy to temporary location 'C:/Users/fxt/AppData/Roaming/Xilinx/Vivado/.Xil/Vivado-12596-DESKTOP-NM77GB4' for archiving project
Scanning sources...
Finished scanning sources
INFO: [IP_Flow 19-234] Refreshing IP repositories
INFO: [IP_Flow 19-1700] Loaded user IP repository 'g:/FPGA/ip_repo'.
INFO: [IP_Flow 19-2313] Loaded Vivado IP repository 'E:/Xilinx/Vivado/2021.1/data/ip'.
INFO: [Coretcl 2-1211] Creating project copy for archival...
INFO: [ProjectBase 1-495] The host OS only allows 260 characters in a normal path. The project is stored in a path with more than 80 characters. If you experience any problem with archiving the project, please consider setting environment variable $TEMP to a shorter path.
Current project path is 'C:/Users/fxt/AppData/Roaming/Xilinx/Vivado/.Xil/Vivado-12596-DESKTOP-NM77GB4/PrjAr/_X_'.
INFO: [IP_Flow 19-7005] Skipping external file g:/FPGA/Mini_ctrl_brd_zynq_v1.1/VHDL_TOP/coe_file/angle_c.coe
INFO: [IP_Flow 19-234] Refreshing IP repositories
INFO: [IP_Flow 19-1700] Loaded user IP repository 'g:/FPGA/ip_repo'.
INFO: [Coretcl 2-1213] Including run results for 'synth_1'
INFO: [Coretcl 2-1213] Including run results for 'impl_1'
INFO: [Coretcl 2-1212] Importing remotely added design sources and verilog include files (if any)...
INFO: [filemgmt 20-334] All file(s) are already imported in fileset: 'constrs_1'
INFO: [filemgmt 20-348] Importing the appropriate files for fileset: 'constrs_1'
INFO: [filemgmt 20-348] Importing the appropriate files for fileset: 'sources_1'
