Copyright 1986-2018 Xilinx, Inc. All Rights Reserved.
-------------------------------------------------------------------------------------------
| Tool Version : Vivado v.2018.3 (win64) Build 2405991 Thu Dec  6 23:38:27 MST 2018
| Date         : Fri May 16 18:13:56 2025
| Host         : FXT333 running 64-bit major release  (build 9200)
| Command      : report_control_sets -verbose -file system_wrapper_control_sets_placed.rpt
| Design       : system_wrapper
| Device       : xc7z020
-------------------------------------------------------------------------------------------

Control Set Information

Table of Contents
-----------------
1. Summary
2. Histogram
3. Flip-Flop Distribution
4. Detailed Control Set Information

1. Summary
----------

+----------------------------------------------------------+-------+
|                          Status                          | Count |
+----------------------------------------------------------+-------+
| Number of unique control sets                            |   211 |
| Unused register locations in slices containing registers |   620 |
+----------------------------------------------------------+-------+


2. Histogram
------------

+--------+--------------+
| Fanout | Control Sets |
+--------+--------------+
|      1 |           29 |
|      2 |            2 |
|      4 |           34 |
|      5 |           10 |
|      6 |           11 |
|      7 |            5 |
|      8 |           48 |
|      9 |           19 |
|     10 |            3 |
|     11 |            3 |
|     12 |            6 |
|    16+ |           41 |
+--------+--------------+


3. Flip-Flop Distribution
-------------------------

+--------------+-----------------------+------------------------+-----------------+--------------+
| Clock Enable | Synchronous Set/Reset | Asynchronous Set/Reset | Total Registers | Total Slices |
+--------------+-----------------------+------------------------+-----------------+--------------+
| No           | No                    | No                     |             359 |          138 |
| No           | No                    | Yes                    |               0 |            0 |
| No           | Yes                   | No                     |             266 |          138 |
| Yes          | No                    | No                     |             861 |          244 |
| Yes          | No                    | Yes                    |               0 |            0 |
| Yes          | Yes                   | No                     |             854 |          260 |
+--------------+-----------------------+------------------------+-----------------+--------------+


4. Detailed Control Set Information
-----------------------------------

+-----------------------------------------------+--------------------------------------------------------------------------------------------------------------------------------------------------------------------------+--------------------------------------------------------------------------------------------------------------------------------------------+------------------+----------------+
|                  Clock Signal                 |                                                                               Enable Signal                                                                              |                                                              Set/Reset Signal                                                              | Slice Load Count | Bel Load Count |
+-----------------------------------------------+--------------------------------------------------------------------------------------------------------------------------------------------------------------------------+--------------------------------------------------------------------------------------------------------------------------------------------+------------------+----------------+
|  system_i/processing_system7_0/inst/FCLK_CLK0 |                                                                                                                                                                          | system_i/axi_smc/inst/m01_nodes/m01_b_node/inst/s_sc_areset_pipe                                                                           |                1 |              1 |
|  system_i/processing_system7_0/inst/FCLK_CLK0 |                                                                                                                                                                          | system_i/axi_smc/inst/switchboards/i_nodes/i_w_node/inst/s_sc_areset_pipe                                                                  |                1 |              1 |
|  system_i/processing_system7_0/inst/FCLK_CLK0 |                                                                                                                                                                          | system_i/axi_smc/inst/m02_nodes/m02_ar_node/inst/s_sc_areset_pipe                                                                          |                1 |              1 |
|  system_i/processing_system7_0/inst/FCLK_CLK0 |                                                                                                                                                                          | system_i/axi_smc/inst/m02_nodes/m02_aw_node/inst/s_sc_areset_pipe                                                                          |                1 |              1 |
|  system_i/processing_system7_0/inst/FCLK_CLK0 |                                                                                                                                                                          | system_i/axi_smc/inst/m02_nodes/m02_b_node/inst/s_sc_areset_pipe                                                                           |                1 |              1 |
|  system_i/processing_system7_0/inst/FCLK_CLK0 |                                                                                                                                                                          | system_i/axi_smc/inst/m02_nodes/m02_r_node/inst/s_sc_areset_pipe                                                                           |                1 |              1 |
|  system_i/processing_system7_0/inst/FCLK_CLK0 | system_i/axi_smc/inst/s00_entry_pipeline/s00_si_converter/inst/converter.wrap_narrow_inst/w_cmd_fifo/gen_pipelined.mesg_reg[4]_i_1_n_0                                   | system_i/axi_smc/inst/s00_entry_pipeline/s00_si_converter/inst/converter.wrap_narrow_inst/w_cmd_fifo/gen_pipelined.mesg_reg[10]_i_1__2_n_0 |                1 |              1 |
|  system_i/processing_system7_0/inst/FCLK_CLK0 |                                                                                                                                                                          | system_i/axi_smc/inst/m02_nodes/m02_w_node/inst/s_sc_areset_pipe                                                                           |                1 |              1 |
|  system_i/processing_system7_0/inst/FCLK_CLK0 |                                                                                                                                                                          | system_i/axi_smc/inst/switchboards/i_nodes/i_r_node/inst/s_sc_areset_pipe                                                                  |                1 |              1 |
|  system_i/processing_system7_0/inst/FCLK_CLK0 |                                                                                                                                                                          | system_i/axi_smc/inst/switchboards/i_nodes/i_b_node/inst/s_sc_areset_pipe                                                                  |                1 |              1 |
|  system_i/processing_system7_0/inst/FCLK_CLK0 |                                                                                                                                                                          | system_i/axi_smc/inst/switchboards/i_nodes/i_aw_node/inst/s_sc_areset_pipe                                                                 |                1 |              1 |
|  system_i/processing_system7_0/inst/FCLK_CLK0 |                                                                                                                                                                          | system_i/axi_smc/inst/s00_nodes/s00_ar_node/inst/s_sc_areset_pipe                                                                          |                1 |              1 |
|  system_i/processing_system7_0/inst/FCLK_CLK0 |                                                                                                                                                                          | system_i/axi_smc/inst/s00_nodes/s00_aw_node/inst/s_sc_areset_pipe                                                                          |                1 |              1 |
|  system_i/processing_system7_0/inst/FCLK_CLK0 |                                                                                                                                                                          | system_i/axi_smc/inst/m00_nodes/m00_ar_node/inst/s_sc_areset_pipe                                                                          |                1 |              1 |
|  system_i/processing_system7_0/inst/FCLK_CLK0 |                                                                                                                                                                          | system_i/axi_smc/inst/m00_nodes/m00_aw_node/inst/s_sc_areset_pipe                                                                          |                1 |              1 |
|  system_i/processing_system7_0/inst/FCLK_CLK0 |                                                                                                                                                                          | system_i/axi_smc/inst/m00_nodes/m00_b_node/inst/s_sc_areset_pipe                                                                           |                1 |              1 |
|  system_i/processing_system7_0/inst/FCLK_CLK0 |                                                                                                                                                                          | system_i/axi_smc/inst/m00_nodes/m00_r_node/inst/s_sc_areset_pipe                                                                           |                1 |              1 |
|  system_i/processing_system7_0/inst/FCLK_CLK0 |                                                                                                                                                                          | system_i/axi_smc/inst/m00_nodes/m00_w_node/inst/s_sc_areset_pipe                                                                           |                1 |              1 |
|  system_i/processing_system7_0/inst/FCLK_CLK0 | system_i/AM2302_0/U0/AM2302_v1_0_S00_AXI_inst/fun_am2302_check_3/us_count                                                                                                |                                                                                                                                            |                1 |              1 |
|  system_i/processing_system7_0/inst/FCLK_CLK0 |                                                                                                                                                                          | system_i/axi_smc/inst/s00_nodes/s00_b_node/inst/s_sc_areset_pipe                                                                           |                1 |              1 |
|  system_i/processing_system7_0/inst/FCLK_CLK0 |                                                                                                                                                                          | system_i/axi_smc/inst/s00_nodes/s00_r_node/inst/s_sc_areset_pipe                                                                           |                1 |              1 |
|  system_i/processing_system7_0/inst/FCLK_CLK0 | system_i/AM2302_0/U0/AM2302_v1_0_S00_AXI_inst/fun_am2302_check_1/us_count_2                                                                                              |                                                                                                                                            |                1 |              1 |
|  system_i/processing_system7_0/inst/FCLK_CLK0 |                                                                                                                                                                          | system_i/axi_smc/inst/s00_nodes/s00_w_node/inst/s_sc_areset_pipe                                                                           |                1 |              1 |
|  system_i/processing_system7_0/inst/FCLK_CLK0 |                                                                                                                                                                          | system_i/axi_smc/inst/m01_nodes/m01_ar_node/inst/s_sc_areset_pipe                                                                          |                1 |              1 |
|  system_i/processing_system7_0/inst/FCLK_CLK0 |                                                                                                                                                                          | system_i/axi_smc/inst/m01_nodes/m01_aw_node/inst/s_sc_areset_pipe                                                                          |                1 |              1 |
|  system_i/processing_system7_0/inst/FCLK_CLK0 | system_i/AM2302_0/U0/AM2302_v1_0_S00_AXI_inst/fun_am2302_check_2/us_count                                                                                                |                                                                                                                                            |                1 |              1 |
|  system_i/processing_system7_0/inst/FCLK_CLK0 |                                                                                                                                                                          | system_i/axi_smc/inst/m01_nodes/m01_r_node/inst/s_sc_areset_pipe                                                                           |                1 |              1 |
|  system_i/processing_system7_0/inst/FCLK_CLK0 |                                                                                                                                                                          | system_i/axi_smc/inst/m01_nodes/m01_w_node/inst/s_sc_areset_pipe                                                                           |                1 |              1 |
|  system_i/processing_system7_0/inst/FCLK_CLK0 |                                                                                                                                                                          | system_i/axi_smc/inst/switchboards/i_nodes/i_ar_node/inst/s_sc_areset_pipe                                                                 |                1 |              1 |
|  system_i/processing_system7_0/inst/FCLK_CLK0 | system_i/axi_smc/inst/m00_exit_pipeline/m00_exit/inst/splitter_inst/gen_axi4lite.axilite_b2s/WR.aw_channel_0/null_beat_supress_0/first_beat                              |                                                                                                                                            |                1 |              2 |
|  system_i/processing_system7_0/inst/FCLK_CLK0 | system_i/axi_smc/inst/m02_exit_pipeline/m02_exit/inst/splitter_inst/gen_axi4lite.axilite_b2s/WR.aw_channel_0/null_beat_supress_0/first_beat                              |                                                                                                                                            |                1 |              2 |
|  system_i/processing_system7_0/inst/FCLK_CLK0 | system_i/axi_smc/inst/m01_exit_pipeline/m01_exit/inst/splitter_inst/gen_axi4lite.axilite_b2s/RD.ar_channel_0/ar_cmd_fsm_0/gen_r_cmd_reg.s_read_cmd_vacancy_i_reg[0]      |                                                                                                                                            |                2 |              4 |
|  system_i/processing_system7_0/inst/FCLK_CLK0 | system_i/axi_smc/inst/m00_exit_pipeline/m00_exit/inst/splitter_inst/gen_axi4lite.axilite_b2s/RD.ar_channel_0/ar_cmd_fsm_0/E[0]                                           |                                                                                                                                            |                1 |              4 |
|  system_i/processing_system7_0/inst/FCLK_CLK0 | system_i/axi_smc/inst/s00_entry_pipeline/s00_si_converter/inst/converter.wrap_narrow_inst/w_payld_fifo/cmd_fifo/fifoaddr[3]_i_1__4_n_0                                   | system_i/axi_smc/inst/s00_entry_pipeline/s00_si_converter/inst/areset                                                                      |                1 |              4 |
|  system_i/processing_system7_0/inst/FCLK_CLK0 | system_i/axi_smc/inst/m00_exit_pipeline/m00_exit/inst/splitter_inst/gen_axi4lite.axilite_b2s/RD.r_channel_0/rd_data_fifo_0/cnt_read[3]_i_1__0_n_0                        | system_i/axi_smc/inst/m00_exit_pipeline/m00_exit/inst/splitter_inst/gen_axi4lite.axilite_b2s/areset_d1                                     |                2 |              4 |
|  system_i/processing_system7_0/inst/FCLK_CLK0 | system_i/axi_smc/inst/s00_entry_pipeline/s00_si_converter/inst/converter.wrap_narrow_inst/w_cmd_fifo/fifoaddr[3]_i_1_n_0                                                 | system_i/axi_smc/inst/s00_entry_pipeline/s00_si_converter/inst/areset                                                                      |                2 |              4 |
|  system_i/processing_system7_0/inst/FCLK_CLK0 | system_i/axi_smc/inst/m01_exit_pipeline/m01_exit/inst/splitter_inst/gen_axi4lite.axilite_b2s/WR.aw_channel_0/aw_cmd_fsm_0/E[0]                                           |                                                                                                                                            |                1 |              4 |
|  system_i/processing_system7_0/inst/FCLK_CLK0 |                                                                                                                                                                          | system_i/axi_smc/inst/m00_exit_pipeline/m00_exit/inst/splitter_inst/gen_axi4lite.axilite_b2s/WR.b_channel_0/gen_b_reg.bresp_empty_i        |                3 |              4 |
|  system_i/processing_system7_0/inst/FCLK_CLK0 | system_i/axi_smc/inst/s00_entry_pipeline/s00_si_converter/inst/converter.wrap_narrow_inst/w_payld_fifo/cmd_fifo/E[0]                                                     |                                                                                                                                            |                2 |              4 |
|  system_i/processing_system7_0/inst/FCLK_CLK0 | system_i/axi_smc/inst/s00_entry_pipeline/s00_si_converter/inst/converter.wrap_narrow_inst/w_payld_fifo/w_payld_push_d0                                                   | system_i/axi_smc/inst/s00_entry_pipeline/s00_si_converter/inst/areset                                                                      |                2 |              4 |
|  system_i/processing_system7_0/inst/FCLK_CLK0 |                                                                                                                                                                          | system_i/axi_smc/inst/m00_exit_pipeline/m00_exit/inst/exit_inst/gen_w_cmd_reg.aresetn_d_reg[1]_0                                           |                2 |              4 |
|  system_i/processing_system7_0/inst/FCLK_CLK0 |                                                                                                                                                                          | system_i/axi_smc/inst/m01_exit_pipeline/m01_exit/inst/exit_inst/gen_w_cmd_reg.aresetn_d_reg[1]_0                                           |                3 |              4 |
|  system_i/processing_system7_0/inst/FCLK_CLK0 |                                                                                                                                                                          | system_i/axi_smc/inst/m01_exit_pipeline/m01_exit/inst/splitter_inst/gen_axi4lite.axilite_b2s/WR.b_channel_0/gen_b_reg.bresp_empty_i        |                2 |              4 |
|  system_i/processing_system7_0/inst/FCLK_CLK0 |                                                                                                                                                                          | system_i/axi_smc/inst/m02_exit_pipeline/m02_exit/inst/exit_inst/gen_w_cmd_reg.aresetn_d_reg[1]_0                                           |                3 |              4 |
|  system_i/processing_system7_0/inst/FCLK_CLK0 |                                                                                                                                                                          | system_i/axi_smc/inst/m02_exit_pipeline/m02_exit/inst/splitter_inst/gen_axi4lite.axilite_b2s/WR.b_channel_0/gen_b_reg.bresp_empty_i        |                3 |              4 |
|  system_i/processing_system7_0/inst/FCLK_CLK0 |                                                                                                                                                                          | system_i/axi_smc/inst/clk_map/psr_aclk/U0/EXT_LPF/lpf_int                                                                                  |                1 |              4 |
|  system_i/processing_system7_0/inst/FCLK_CLK0 | system_i/axi_smc/inst/s00_entry_pipeline/s00_si_converter/inst/converter.wrap_narrow_inst/gen_thread_loop[0].r_payld_fifo/cmd_fifo/E[0]                                  |                                                                                                                                            |                4 |              4 |
|  system_i/processing_system7_0/inst/FCLK_CLK0 | system_i/axi_smc/inst/s00_entry_pipeline/s00_si_converter/inst/converter.wrap_narrow_inst/gen_thread_loop[0].r_payld_fifo/cmd_fifo/fifoaddr[3]_i_1__2_n_0                | system_i/axi_smc/inst/s00_entry_pipeline/s00_si_converter/inst/areset                                                                      |                1 |              4 |
|  system_i/processing_system7_0/inst/FCLK_CLK0 |                                                                                                                                                                          | system_i/rst_ps7_0_50M/U0/EXT_LPF/lpf_int                                                                                                  |                2 |              4 |
|  system_i/processing_system7_0/inst/FCLK_CLK0 | system_i/axi_smc/inst/s00_entry_pipeline/s00_si_converter/inst/converter.wrap_narrow_inst/gen_thread_loop[0].r_cmd_fifo/fifoaddr[3]_i_1__1_n_0                           | system_i/axi_smc/inst/s00_entry_pipeline/s00_si_converter/inst/areset                                                                      |                1 |              4 |
|  system_i/processing_system7_0/inst/FCLK_CLK0 | system_i/axi_smc/inst/s00_entry_pipeline/s00_si_converter/inst/converter.wrap_narrow_inst/ar_reg_slice/E[0]                                                              | system_i/axi_smc/inst/s00_entry_pipeline/s00_si_converter/inst/areset                                                                      |                2 |              4 |
|  system_i/processing_system7_0/inst/FCLK_CLK0 | system_i/AM2302_0/U0/AM2302_v1_0_S00_AXI_inst/fun_am2302_check_2/state_am2302[3]_i_1__0_n_0                                                                              |                                                                                                                                            |                2 |              4 |
|  system_i/processing_system7_0/inst/FCLK_CLK0 | system_i/AM2302_0/U0/AM2302_v1_0_S00_AXI_inst/fun_am2302_check_1/state_am2302[3]_i_1_n_0                                                                                 |                                                                                                                                            |                3 |              4 |
|  system_i/processing_system7_0/inst/FCLK_CLK0 | system_i/axi_smc/inst/m02_exit_pipeline/m02_exit/inst/splitter_inst/gen_axi4lite.axilite_b2s/WR.aw_channel_0/aw_cmd_fsm_0/E[0]                                           |                                                                                                                                            |                1 |              4 |
|  system_i/processing_system7_0/inst/FCLK_CLK0 | system_i/axi_smc/inst/m02_exit_pipeline/m02_exit/inst/splitter_inst/gen_axi4lite.axilite_b2s/RD.r_channel_0/rd_data_fifo_0/E[0]                                          | system_i/axi_smc/inst/m02_exit_pipeline/m02_exit/inst/splitter_inst/gen_axi4lite.axilite_b2s/areset_d1                                     |                2 |              4 |
|  system_i/processing_system7_0/inst/FCLK_CLK0 | system_i/axi_smc/inst/m02_exit_pipeline/m02_exit/inst/splitter_inst/gen_axi4lite.axilite_b2s/RD.r_channel_0/rd_data_fifo_0/cnt_read[3]_i_1__0_n_0                        | system_i/axi_smc/inst/m02_exit_pipeline/m02_exit/inst/splitter_inst/gen_axi4lite.axilite_b2s/areset_d1                                     |                2 |              4 |
|  system_i/processing_system7_0/inst/FCLK_CLK0 | system_i/axi_smc/inst/m02_exit_pipeline/m02_exit/inst/splitter_inst/gen_axi4lite.axilite_b2s/RD.ar_channel_0/ar_cmd_fsm_0/E[0]                                           |                                                                                                                                            |                1 |              4 |
|  system_i/processing_system7_0/inst/FCLK_CLK0 | system_i/axi_smc/inst/m01_exit_pipeline/m01_exit/inst/splitter_inst/gen_axi4lite.axilite_b2s/SI_REG/aw_pipe/m_payload_i[14]_i_1_n_0                                      |                                                                                                                                            |                1 |              4 |
|  system_i/processing_system7_0/inst/FCLK_CLK0 | system_i/axi_smc/inst/m01_exit_pipeline/m01_exit/inst/splitter_inst/gen_axi4lite.axilite_b2s/RD.r_channel_0/transaction_fifo_0/cnt_read[3]_i_1_n_0                       | system_i/axi_smc/inst/m01_exit_pipeline/m01_exit/inst/splitter_inst/gen_axi4lite.axilite_b2s/areset_d1                                     |                2 |              4 |
|  system_i/processing_system7_0/inst/FCLK_CLK0 | system_i/axi_smc/inst/m01_exit_pipeline/m01_exit/inst/splitter_inst/gen_axi4lite.axilite_b2s/RD.r_channel_0/transaction_fifo_0/E[0]                                      | system_i/axi_smc/inst/m01_exit_pipeline/m01_exit/inst/splitter_inst/gen_axi4lite.axilite_b2s/areset_d1                                     |                2 |              4 |
|  system_i/processing_system7_0/inst/FCLK_CLK0 | system_i/axi_smc/inst/m01_exit_pipeline/m01_exit/inst/splitter_inst/gen_axi4lite.axilite_b2s/RD.ar_channel_0/ar_cmd_fsm_0/E[0]                                           |                                                                                                                                            |                2 |              4 |
|  system_i/processing_system7_0/inst/FCLK_CLK0 | system_i/axi_smc/inst/m00_exit_pipeline/m00_exit/inst/splitter_inst/gen_axi4lite.axilite_b2s/WR.aw_channel_0/aw_cmd_fsm_0/E[0]                                           |                                                                                                                                            |                1 |              4 |
|  system_i/processing_system7_0/inst/FCLK_CLK0 | system_i/AM2302_0/U0/AM2302_v1_0_S00_AXI_inst/fun_am2302_check_3/state_am2302[3]_i_1__1_n_0                                                                              |                                                                                                                                            |                3 |              4 |
|  system_i/processing_system7_0/inst/FCLK_CLK0 | system_i/AM2302_0/U0/AM2302_v1_0_S00_AXI_inst/axi_arready0                                                                                                               | system_i/AM2302_0/U0/AM2302_v1_0_S00_AXI_inst/axi_awready_i_1_n_0                                                                          |                1 |              4 |
|  system_i/processing_system7_0/inst/FCLK_CLK0 | system_i/axi_smc/inst/m00_exit_pipeline/m00_exit/inst/splitter_inst/gen_axi4lite.axilite_b2s/RD.r_channel_0/rd_data_fifo_0/E[0]                                          | system_i/axi_smc/inst/m00_exit_pipeline/m00_exit/inst/splitter_inst/gen_axi4lite.axilite_b2s/areset_d1                                     |                2 |              4 |
|  system_i/processing_system7_0/inst/FCLK_CLK0 | system_i/axi_smc/inst/s00_entry_pipeline/s00_si_converter/inst/converter.wrap_narrow_inst/w_cmd_fifo/gen_pipelined.mesg_reg[4]_i_1_n_0                                   |                                                                                                                                            |                2 |              5 |
|  system_i/processing_system7_0/inst/FCLK_CLK0 | system_i/axi_smc/inst/s00_entry_pipeline/s00_mmu/inst/ar_reg_stall/E[0]                                                                                                  | system_i/axi_smc/inst/s00_entry_pipeline/s00_mmu/inst/areset                                                                               |                2 |              5 |
|  system_i/processing_system7_0/inst/FCLK_CLK0 | system_i/breath_led_ip_1/inst/breath_led_ip_v1_0_S0_AXI_inst/u_breath_led/freq_step[6]_i_1_n_0                                                                           |                                                                                                                                            |                1 |              5 |
|  system_i/processing_system7_0/inst/FCLK_CLK0 | system_i/axi_smc/inst/s00_entry_pipeline/s00_si_converter/inst/converter.wrap_narrow_inst/gen_thread_loop[0].r_payld_fifo/fifoaddr[4]_i_1__0_n_0                         | system_i/axi_smc/inst/s00_entry_pipeline/s00_si_converter/inst/areset                                                                      |                4 |              5 |
|  system_i/processing_system7_0/inst/FCLK_CLK0 | system_i/breath_led_ip_0/inst/breath_led_ip_v1_0_S0_AXI_inst/u_breath_led/freq_step[6]_i_1_n_0                                                                           |                                                                                                                                            |                1 |              5 |
|  system_i/processing_system7_0/inst/FCLK_CLK0 | system_i/breath_led_ip_0/inst/breath_led_ip_v1_0_S0_AXI_inst/slv_reg1[31]                                                                                                | system_i/breath_led_ip_0/inst/breath_led_ip_v1_0_S0_AXI_inst/u_breath_led/s0_axi_aresetn_0                                                 |                3 |              5 |
|  system_i/processing_system7_0/inst/FCLK_CLK0 | system_i/breath_led_ip_1/inst/breath_led_ip_v1_0_S0_AXI_inst/slv_reg1[31]                                                                                                | system_i/breath_led_ip_1/inst/breath_led_ip_v1_0_S0_AXI_inst/u_breath_led/s0_axi_aresetn_0                                                 |                3 |              5 |
|  system_i/processing_system7_0/inst/FCLK_CLK0 | system_i/axi_smc/inst/s00_entry_pipeline/s00_mmu/inst/gen_wroute_reg.wroute_split/S00_AXI_wlast[0]                                                                       | system_i/axi_smc/inst/s00_entry_pipeline/s00_mmu/inst/areset                                                                               |                2 |              5 |
|  system_i/processing_system7_0/inst/FCLK_CLK0 | system_i/axi_smc/inst/s00_entry_pipeline/s00_si_converter/inst/converter.wrap_narrow_inst/w_payld_fifo/fifoaddr[4]_i_1_n_0                                               | system_i/axi_smc/inst/s00_entry_pipeline/s00_si_converter/inst/areset                                                                      |                5 |              5 |
|  system_i/processing_system7_0/inst/FCLK_CLK0 | system_i/axi_smc/inst/s00_entry_pipeline/s00_mmu/inst/gen_wroute_reg.wroute_split/E[0]                                                                                   | system_i/axi_smc/inst/s00_entry_pipeline/s00_mmu/inst/areset                                                                               |                2 |              5 |
|  system_i/processing_system7_0/inst/FCLK_CLK0 |                                                                                                                                                                          | system_i/AM2302_0/U0/AM2302_v1_0_S00_AXI_inst/axi_awready_i_1_n_0                                                                          |                2 |              6 |
|  system_i/processing_system7_0/inst/FCLK_CLK0 |                                                                                                                                                                          | system_i/axi_smc/inst/m00_exit_pipeline/m00_exit/inst/exit_inst/gen_r_cmd_reg.aresetn_d_reg[0]_0                                           |                4 |              6 |
|  system_i/processing_system7_0/inst/FCLK_CLK0 |                                                                                                                                                                          | system_i/axi_smc/inst/m02_exit_pipeline/m02_exit/inst/exit_inst/gen_r_cmd_reg.aresetn_d_reg[0]_0                                           |                6 |              6 |
|  system_i/processing_system7_0/inst/FCLK_CLK0 | system_i/axi_smc/inst/clk_map/psr_aclk/U0/SEQ/seq_cnt_en                                                                                                                 | system_i/axi_smc/inst/clk_map/psr_aclk/U0/SEQ/SEQ_COUNTER/clear                                                                            |                1 |              6 |
|  system_i/processing_system7_0/inst/FCLK_CLK0 |                                                                                                                                                                          | system_i/axi_smc/inst/m01_exit_pipeline/m01_exit/inst/exit_inst/gen_r_cmd_reg.aresetn_d_reg[0]_0                                           |                4 |              6 |
|  system_i/processing_system7_0/inst/FCLK_CLK0 | system_i/axi_smc/inst/m00_exit_pipeline/m00_exit/inst/splitter_inst/gen_axi4lite.axilite_b2s/SI_REG/aw_pipe/m_payload_i[14]_i_1_n_0                                      |                                                                                                                                            |                1 |              6 |
|  system_i/processing_system7_0/inst/FCLK_CLK0 | system_i/axi_smc/inst/m00_exit_pipeline/m00_exit/inst/splitter_inst/gen_axi4lite.axilite_b2s/SI_REG/ar_pipe/m_payload_i[14]_i_1__0_n_0                                   |                                                                                                                                            |                2 |              6 |
|  system_i/processing_system7_0/inst/FCLK_CLK0 | system_i/axi_smc/inst/m02_exit_pipeline/m02_exit/inst/splitter_inst/gen_axi4lite.axilite_b2s/SI_REG/ar_pipe/m_payload_i[14]_i_1__0_n_0                                   |                                                                                                                                            |                2 |              6 |
|  system_i/processing_system7_0/inst/FCLK_CLK0 | system_i/axi_smc/inst/s00_entry_pipeline/s00_si_converter/inst/converter.wrap_narrow_inst/w_cmd_fifo/gen_srls[10].srl_nx1/shift                                          |                                                                                                                                            |                3 |              6 |
|  system_i/processing_system7_0/inst/FCLK_CLK0 | system_i/rst_ps7_0_50M/U0/SEQ/seq_cnt_en                                                                                                                                 | system_i/rst_ps7_0_50M/U0/SEQ/SEQ_COUNTER/clear                                                                                            |                1 |              6 |
|  system_i/processing_system7_0/inst/FCLK_CLK0 | system_i/axi_smc/inst/m02_exit_pipeline/m02_exit/inst/splitter_inst/gen_axi4lite.axilite_b2s/SI_REG/aw_pipe/m_payload_i[14]_i_1_n_0                                      |                                                                                                                                            |                2 |              6 |
|  system_i/processing_system7_0/inst/FCLK_CLK0 | system_i/axi_smc/inst/s00_entry_pipeline/s00_si_converter/inst/converter.wrap_narrow_inst/w_cmd_fifo/w_accum_continue1                                                   |                                                                                                                                            |                2 |              7 |
|  system_i/processing_system7_0/inst/FCLK_CLK0 | system_i/AM2302_0/U0/AM2302_v1_0_S00_AXI_inst/fun_am2302_check_2/us_count                                                                                                | system_i/AM2302_0/U0/AM2302_v1_0_S00_AXI_inst/fun_am2302_check_2/us_count[7]_i_1__0_n_0                                                    |                4 |              7 |
|  system_i/processing_system7_0/inst/FCLK_CLK0 |                                                                                                                                                                          | system_i/axi_smc/inst/m01_exit_pipeline/m01_exit/inst/splitter_inst/gen_axi4lite.axilite_b2s/areset_d1                                     |                5 |              7 |
|  system_i/processing_system7_0/inst/FCLK_CLK0 | system_i/AM2302_0/U0/AM2302_v1_0_S00_AXI_inst/fun_am2302_check_3/us_count                                                                                                | system_i/AM2302_0/U0/AM2302_v1_0_S00_AXI_inst/fun_am2302_check_3/us_count[7]_i_1__1_n_0                                                    |                4 |              7 |
|  system_i/processing_system7_0/inst/FCLK_CLK0 | system_i/AM2302_0/U0/AM2302_v1_0_S00_AXI_inst/fun_am2302_check_1/us_count_2                                                                                              | system_i/AM2302_0/U0/AM2302_v1_0_S00_AXI_inst/fun_am2302_check_1/us_count[7]_i_1_n_0                                                       |                4 |              7 |
|  system_i/processing_system7_0/inst/FCLK_CLK0 | system_i/breath_led_ip_0/inst/breath_led_ip_v1_0_S0_AXI_inst/slv_reg1[7]_i_1_n_0                                                                                         | system_i/breath_led_ip_0/inst/breath_led_ip_v1_0_S0_AXI_inst/u_breath_led/s0_axi_aresetn_0                                                 |                3 |              8 |
|  system_i/processing_system7_0/inst/FCLK_CLK0 | system_i/breath_led_ip_0/inst/breath_led_ip_v1_0_S0_AXI_inst/slv_reg0[23]_i_1_n_0                                                                                        | system_i/breath_led_ip_0/inst/breath_led_ip_v1_0_S0_AXI_inst/u_breath_led/s0_axi_aresetn_0                                                 |                1 |              8 |
|  system_i/processing_system7_0/inst/FCLK_CLK0 | system_i/breath_led_ip_0/inst/breath_led_ip_v1_0_S0_AXI_inst/slv_reg1[23]_i_1_n_0                                                                                        | system_i/breath_led_ip_0/inst/breath_led_ip_v1_0_S0_AXI_inst/u_breath_led/s0_axi_aresetn_0                                                 |                3 |              8 |
|  system_i/processing_system7_0/inst/FCLK_CLK0 | system_i/breath_led_ip_0/inst/breath_led_ip_v1_0_S0_AXI_inst/slv_reg0[31]_i_1_n_0                                                                                        | system_i/breath_led_ip_0/inst/breath_led_ip_v1_0_S0_AXI_inst/u_breath_led/s0_axi_aresetn_0                                                 |                1 |              8 |
|  system_i/processing_system7_0/inst/FCLK_CLK0 | system_i/breath_led_ip_0/inst/breath_led_ip_v1_0_S0_AXI_inst/slv_reg1[31]_i_1_n_0                                                                                        | system_i/breath_led_ip_0/inst/breath_led_ip_v1_0_S0_AXI_inst/u_breath_led/s0_axi_aresetn_0                                                 |                1 |              8 |
|  system_i/processing_system7_0/inst/FCLK_CLK0 | system_i/breath_led_ip_0/inst/breath_led_ip_v1_0_S0_AXI_inst/slv_reg1[15]_i_1_n_0                                                                                        | system_i/breath_led_ip_0/inst/breath_led_ip_v1_0_S0_AXI_inst/u_breath_led/s0_axi_aresetn_0                                                 |                4 |              8 |
|  system_i/processing_system7_0/inst/FCLK_CLK0 | system_i/breath_led_ip_0/inst/breath_led_ip_v1_0_S0_AXI_inst/slv_reg2[31]_i_1_n_0                                                                                        | system_i/breath_led_ip_0/inst/breath_led_ip_v1_0_S0_AXI_inst/u_breath_led/s0_axi_aresetn_0                                                 |                2 |              8 |
|  system_i/processing_system7_0/inst/FCLK_CLK0 | system_i/breath_led_ip_0/inst/breath_led_ip_v1_0_S0_AXI_inst/slv_reg2[23]_i_1_n_0                                                                                        | system_i/breath_led_ip_0/inst/breath_led_ip_v1_0_S0_AXI_inst/u_breath_led/s0_axi_aresetn_0                                                 |                2 |              8 |
|  system_i/processing_system7_0/inst/FCLK_CLK0 | system_i/breath_led_ip_0/inst/breath_led_ip_v1_0_S0_AXI_inst/slv_reg2[7]_i_1_n_0                                                                                         | system_i/breath_led_ip_0/inst/breath_led_ip_v1_0_S0_AXI_inst/u_breath_led/s0_axi_aresetn_0                                                 |                2 |              8 |
|  system_i/processing_system7_0/inst/FCLK_CLK0 | system_i/breath_led_ip_0/inst/breath_led_ip_v1_0_S0_AXI_inst/slv_reg3[15]_i_1_n_0                                                                                        | system_i/breath_led_ip_0/inst/breath_led_ip_v1_0_S0_AXI_inst/u_breath_led/s0_axi_aresetn_0                                                 |                1 |              8 |
|  system_i/processing_system7_0/inst/FCLK_CLK0 | system_i/breath_led_ip_0/inst/breath_led_ip_v1_0_S0_AXI_inst/slv_reg2[15]_i_1_n_0                                                                                        | system_i/breath_led_ip_0/inst/breath_led_ip_v1_0_S0_AXI_inst/u_breath_led/s0_axi_aresetn_0                                                 |                1 |              8 |
|  system_i/processing_system7_0/inst/FCLK_CLK0 | system_i/breath_led_ip_0/inst/breath_led_ip_v1_0_S0_AXI_inst/slv_reg3[7]_i_1_n_0                                                                                         | system_i/breath_led_ip_0/inst/breath_led_ip_v1_0_S0_AXI_inst/u_breath_led/s0_axi_aresetn_0                                                 |                2 |              8 |
|  system_i/processing_system7_0/inst/FCLK_CLK0 | system_i/breath_led_ip_0/inst/breath_led_ip_v1_0_S0_AXI_inst/slv_reg3[23]_i_1_n_0                                                                                        | system_i/breath_led_ip_0/inst/breath_led_ip_v1_0_S0_AXI_inst/u_breath_led/s0_axi_aresetn_0                                                 |                1 |              8 |
|  system_i/processing_system7_0/inst/FCLK_CLK0 | system_i/breath_led_ip_0/inst/breath_led_ip_v1_0_S0_AXI_inst/slv_reg3[31]_i_1_n_0                                                                                        | system_i/breath_led_ip_0/inst/breath_led_ip_v1_0_S0_AXI_inst/u_breath_led/s0_axi_aresetn_0                                                 |                1 |              8 |
|  system_i/processing_system7_0/inst/FCLK_CLK0 | system_i/breath_led_ip_0/inst/breath_led_ip_v1_0_S0_AXI_inst/slv_reg0[7]_i_1_n_0                                                                                         | system_i/breath_led_ip_0/inst/breath_led_ip_v1_0_S0_AXI_inst/u_breath_led/s0_axi_aresetn_0                                                 |                2 |              8 |
|  system_i/processing_system7_0/inst/FCLK_CLK0 | system_i/axi_smc/inst/m01_exit_pipeline/m01_exit/inst/splitter_inst/gen_axi4lite.axilite_b2s/SI_REG/ar_pipe/m_payload_i[14]_i_1__0_n_0                                   |                                                                                                                                            |                4 |              8 |
|  system_i/processing_system7_0/inst/FCLK_CLK0 | system_i/axi_smc/inst/m01_exit_pipeline/m01_exit/inst/splitter_inst/gen_axi4lite.axilite_b2s/WR.b_channel_0/WR.aw_channel_0/null_beat_supress_0/p_1_in                   |                                                                                                                                            |                3 |              8 |
|  system_i/processing_system7_0/inst/FCLK_CLK0 | system_i/axi_smc/inst/m02_exit_pipeline/m02_exit/inst/splitter_inst/gen_axi4lite.axilite_b2s/WR.b_channel_0/WR.aw_channel_0/null_beat_supress_0/p_1_in                   |                                                                                                                                            |                3 |              8 |
|  system_i/processing_system7_0/inst/FCLK_CLK0 | system_i/axi_smc/inst/m00_exit_pipeline/m00_exit/inst/splitter_inst/gen_axi4lite.axilite_b2s/WR.b_channel_0/WR.aw_channel_0/null_beat_supress_0/p_1_in                   |                                                                                                                                            |                3 |              8 |
|  system_i/processing_system7_0/inst/FCLK_CLK0 | system_i/axi_smc/inst/s00_entry_pipeline/s00_mmu/inst/gen_endpoint.decerr_slave_inst/gen_axi.gen_read.read_cnt[7]_i_1_n_0                                                | system_i/axi_smc/inst/s00_entry_pipeline/s00_mmu/inst/areset                                                                               |                4 |              8 |
|  system_i/processing_system7_0/inst/FCLK_CLK0 | system_i/axi_smc/inst/s00_entry_pipeline/s00_si_converter/inst/converter.wrap_narrow_inst/gen_thread_loop[0].r_cmd_fifo/gen_srls[11].srl_nx1/shift                       |                                                                                                                                            |                2 |              8 |
|  system_i/processing_system7_0/inst/FCLK_CLK0 | system_i/axi_smc/inst/s00_entry_pipeline/s00_si_converter/inst/converter.wrap_narrow_inst/gen_thread_loop[0].r_cmd_fifo/gen_pipelined.mesg_reg[11]_i_1__0_n_0            |                                                                                                                                            |                2 |              8 |
|  system_i/processing_system7_0/inst/FCLK_CLK0 | system_i/axi_smc/inst/s00_entry_pipeline/s00_si_converter/inst/converter.wrap_narrow_inst/gen_thread_loop[0].r_payld_fifo/cmd_fifo/gen_srls[11].srl_nx1/shift            |                                                                                                                                            |                2 |              8 |
|  system_i/processing_system7_0/inst/FCLK_CLK0 | system_i/axi_smc/inst/s00_entry_pipeline/s00_si_converter/inst/converter.wrap_narrow_inst/gen_thread_loop[0].r_payld_fifo/cmd_fifo/gen_pipelined.mesg_reg[11]_i_1__1_n_0 |                                                                                                                                            |                3 |              8 |
|  system_i/processing_system7_0/inst/FCLK_CLK0 | system_i/axi_smc/inst/s00_entry_pipeline/s00_si_converter/inst/converter.wrap_narrow_inst/gen_thread_loop[0].r_payld_fifo/gen_pipelined.state_reg[1][0]                  | system_i/axi_smc/inst/s00_entry_pipeline/s00_si_converter/inst/areset                                                                      |                3 |              8 |
|  system_i/processing_system7_0/inst/FCLK_CLK0 | system_i/axi_smc/inst/s00_entry_pipeline/s00_si_converter/inst/converter.wrap_narrow_inst/w_cmd_fifo/E[0]                                                                | system_i/axi_smc/inst/s00_entry_pipeline/s00_si_converter/inst/areset                                                                      |                3 |              8 |
|  system_i/processing_system7_0/inst/FCLK_CLK0 | system_i/axi_smc/inst/s00_entry_pipeline/s00_si_converter/inst/converter.wrap_narrow_inst/w_payld_fifo/cmd_fifo/gen_srls[11].srl_nx1/shift                               |                                                                                                                                            |                2 |              8 |
|  system_i/processing_system7_0/inst/FCLK_CLK0 | system_i/axi_smc/inst/s00_entry_pipeline/s00_si_converter/inst/converter.wrap_narrow_inst/w_payld_fifo/cmd_fifo/gen_pipelined.mesg_reg[11]_i_1_n_0                       |                                                                                                                                            |                3 |              8 |
|  system_i/processing_system7_0/inst/FCLK_CLK0 |                                                                                                                                                                          | system_i/AM2302_0/U0/AM2302_v1_0_S00_AXI_inst/fun_am2302_check_2/us_cnt[7]_i_1__0_n_0                                                      |                2 |              8 |
|  system_i/processing_system7_0/inst/FCLK_CLK0 |                                                                                                                                                                          | system_i/AM2302_0/U0/AM2302_v1_0_S00_AXI_inst/fun_am2302_check_1/clear                                                                     |                3 |              8 |
|  system_i/processing_system7_0/inst/FCLK_CLK0 |                                                                                                                                                                          | system_i/AM2302_0/U0/AM2302_v1_0_S00_AXI_inst/fun_am2302_check_3/us_cnt[7]_i_1__1_n_0                                                      |                2 |              8 |
|  system_i/processing_system7_0/inst/FCLK_CLK0 | system_i/breath_led_ip_1/inst/breath_led_ip_v1_0_S0_AXI_inst/slv_reg0[15]_i_1_n_0                                                                                        | system_i/breath_led_ip_1/inst/breath_led_ip_v1_0_S0_AXI_inst/u_breath_led/s0_axi_aresetn_0                                                 |                1 |              8 |
|  system_i/processing_system7_0/inst/FCLK_CLK0 | system_i/breath_led_ip_1/inst/breath_led_ip_v1_0_S0_AXI_inst/slv_reg0[7]_i_1_n_0                                                                                         | system_i/breath_led_ip_1/inst/breath_led_ip_v1_0_S0_AXI_inst/u_breath_led/s0_axi_aresetn_0                                                 |                3 |              8 |
|  system_i/processing_system7_0/inst/FCLK_CLK0 | system_i/breath_led_ip_1/inst/breath_led_ip_v1_0_S0_AXI_inst/slv_reg0[23]_i_1_n_0                                                                                        | system_i/breath_led_ip_1/inst/breath_led_ip_v1_0_S0_AXI_inst/u_breath_led/s0_axi_aresetn_0                                                 |                2 |              8 |
|  system_i/processing_system7_0/inst/FCLK_CLK0 | system_i/breath_led_ip_1/inst/breath_led_ip_v1_0_S0_AXI_inst/slv_reg0[31]_i_1_n_0                                                                                        | system_i/breath_led_ip_1/inst/breath_led_ip_v1_0_S0_AXI_inst/u_breath_led/s0_axi_aresetn_0                                                 |                3 |              8 |
|  system_i/processing_system7_0/inst/FCLK_CLK0 | system_i/breath_led_ip_1/inst/breath_led_ip_v1_0_S0_AXI_inst/slv_reg1[23]_i_1_n_0                                                                                        | system_i/breath_led_ip_1/inst/breath_led_ip_v1_0_S0_AXI_inst/u_breath_led/s0_axi_aresetn_0                                                 |                1 |              8 |
|  system_i/processing_system7_0/inst/FCLK_CLK0 | system_i/breath_led_ip_1/inst/breath_led_ip_v1_0_S0_AXI_inst/slv_reg2[23]_i_1_n_0                                                                                        | system_i/breath_led_ip_1/inst/breath_led_ip_v1_0_S0_AXI_inst/u_breath_led/s0_axi_aresetn_0                                                 |                1 |              8 |
|  system_i/processing_system7_0/inst/FCLK_CLK0 | system_i/breath_led_ip_1/inst/breath_led_ip_v1_0_S0_AXI_inst/slv_reg3[23]_i_1_n_0                                                                                        | system_i/breath_led_ip_1/inst/breath_led_ip_v1_0_S0_AXI_inst/u_breath_led/s0_axi_aresetn_0                                                 |                4 |              8 |
|  system_i/processing_system7_0/inst/FCLK_CLK0 | system_i/breath_led_ip_1/inst/breath_led_ip_v1_0_S0_AXI_inst/slv_reg3[31]_i_1_n_0                                                                                        | system_i/breath_led_ip_1/inst/breath_led_ip_v1_0_S0_AXI_inst/u_breath_led/s0_axi_aresetn_0                                                 |                1 |              8 |
|  system_i/processing_system7_0/inst/FCLK_CLK0 | system_i/breath_led_ip_1/inst/breath_led_ip_v1_0_S0_AXI_inst/slv_reg3[7]_i_1_n_0                                                                                         | system_i/breath_led_ip_1/inst/breath_led_ip_v1_0_S0_AXI_inst/u_breath_led/s0_axi_aresetn_0                                                 |                2 |              8 |
|  system_i/processing_system7_0/inst/FCLK_CLK0 | system_i/breath_led_ip_1/inst/breath_led_ip_v1_0_S0_AXI_inst/slv_reg2[7]_i_1_n_0                                                                                         | system_i/breath_led_ip_1/inst/breath_led_ip_v1_0_S0_AXI_inst/u_breath_led/s0_axi_aresetn_0                                                 |                2 |              8 |
|  system_i/processing_system7_0/inst/FCLK_CLK0 | system_i/breath_led_ip_1/inst/breath_led_ip_v1_0_S0_AXI_inst/slv_reg3[15]_i_1_n_0                                                                                        | system_i/breath_led_ip_1/inst/breath_led_ip_v1_0_S0_AXI_inst/u_breath_led/s0_axi_aresetn_0                                                 |                2 |              8 |
|  system_i/processing_system7_0/inst/FCLK_CLK0 | system_i/breath_led_ip_1/inst/breath_led_ip_v1_0_S0_AXI_inst/slv_reg1[31]_i_1_n_0                                                                                        | system_i/breath_led_ip_1/inst/breath_led_ip_v1_0_S0_AXI_inst/u_breath_led/s0_axi_aresetn_0                                                 |                2 |              8 |
|  system_i/processing_system7_0/inst/FCLK_CLK0 | system_i/breath_led_ip_1/inst/breath_led_ip_v1_0_S0_AXI_inst/slv_reg1[7]_i_1_n_0                                                                                         | system_i/breath_led_ip_1/inst/breath_led_ip_v1_0_S0_AXI_inst/u_breath_led/s0_axi_aresetn_0                                                 |                3 |              8 |
|  system_i/processing_system7_0/inst/FCLK_CLK0 | system_i/breath_led_ip_1/inst/breath_led_ip_v1_0_S0_AXI_inst/slv_reg2[15]_i_1_n_0                                                                                        | system_i/breath_led_ip_1/inst/breath_led_ip_v1_0_S0_AXI_inst/u_breath_led/s0_axi_aresetn_0                                                 |                2 |              8 |
|  system_i/processing_system7_0/inst/FCLK_CLK0 | system_i/breath_led_ip_1/inst/breath_led_ip_v1_0_S0_AXI_inst/slv_reg2[31]_i_1_n_0                                                                                        | system_i/breath_led_ip_1/inst/breath_led_ip_v1_0_S0_AXI_inst/u_breath_led/s0_axi_aresetn_0                                                 |                1 |              8 |
|  system_i/processing_system7_0/inst/FCLK_CLK0 | system_i/breath_led_ip_1/inst/breath_led_ip_v1_0_S0_AXI_inst/slv_reg1[15]_i_1_n_0                                                                                        | system_i/breath_led_ip_1/inst/breath_led_ip_v1_0_S0_AXI_inst/u_breath_led/s0_axi_aresetn_0                                                 |                1 |              8 |
|  system_i/processing_system7_0/inst/FCLK_CLK0 | system_i/breath_led_ip_0/inst/breath_led_ip_v1_0_S0_AXI_inst/slv_reg0[15]_i_1_n_0                                                                                        | system_i/breath_led_ip_0/inst/breath_led_ip_v1_0_S0_AXI_inst/u_breath_led/s0_axi_aresetn_0                                                 |                3 |              8 |
|  system_i/processing_system7_0/inst/FCLK_CLK0 | system_i/axi_smc/inst/s00_entry_pipeline/s00_si_converter/inst/converter.wrap_narrow_inst/aw_reg_slice/skid_buffer[1136]_i_1_n_0                                         |                                                                                                                                            |                2 |              9 |
|  system_i/processing_system7_0/inst/FCLK_CLK0 | system_i/axi_smc/inst/m01_exit_pipeline/m01_exit/inst/splitter_inst/gen_axi4lite.axilite_b2s/WR.aw_channel_0/aw_cmd_fsm_0/state_reg[0]_2[0]                              | system_i/axi_smc/inst/m01_exit_pipeline/m01_exit/inst/splitter_inst/gen_axi4lite.axilite_b2s/WR.aw_channel_0/aw_cmd_fsm_0/SR[0]            |                3 |              9 |
|  system_i/processing_system7_0/inst/FCLK_CLK0 | system_i/axi_smc/inst/s00_entry_pipeline/s00_si_converter/inst/converter.wrap_narrow_inst/w_payld_fifo/w_fill_mask_reg[3][1]                                             |                                                                                                                                            |                3 |              9 |
|  system_i/processing_system7_0/inst/FCLK_CLK0 | system_i/axi_smc/inst/m01_exit_pipeline/m01_exit/inst/splitter_inst/gen_axi4lite.axilite_b2s/WR.b_channel_0/mhandshake_r                                                 | system_i/axi_smc/inst/m01_exit_pipeline/m01_exit/inst/splitter_inst/gen_axi4lite.axilite_b2s/WR.b_channel_0/s_bresp_acc0                   |                3 |              9 |
|  system_i/processing_system7_0/inst/FCLK_CLK0 | system_i/axi_smc/inst/m00_exit_pipeline/m00_exit/inst/splitter_inst/gen_axi4lite.axilite_b2s/WR.aw_channel_0/null_beat_supress_0/count                                   | system_i/axi_smc/inst/m00_exit_pipeline/m00_exit/inst/splitter_inst/gen_axi4lite.axilite_b2s/WR.aw_channel_0/aw_cmd_fsm_0/SR[0]            |                2 |              9 |
|  system_i/processing_system7_0/inst/FCLK_CLK0 | system_i/axi_smc/inst/s00_entry_pipeline/s00_si_converter/inst/converter.wrap_narrow_inst/w_payld_fifo/w_fill_mask_reg[3][2]                                             |                                                                                                                                            |                3 |              9 |
|  system_i/processing_system7_0/inst/FCLK_CLK0 | system_i/axi_smc/inst/s00_entry_pipeline/s00_si_converter/inst/converter.wrap_narrow_inst/w_payld_fifo/w_fill_mask_reg[3][0]                                             |                                                                                                                                            |                3 |              9 |
|  system_i/processing_system7_0/inst/FCLK_CLK0 |                                                                                                                                                                          | system_i/axi_smc/inst/m02_exit_pipeline/m02_exit/inst/splitter_inst/gen_axi4lite.axilite_b2s/areset_d1                                     |                7 |              9 |
|  system_i/processing_system7_0/inst/FCLK_CLK0 | system_i/axi_smc/inst/s00_entry_pipeline/s00_si_converter/inst/converter.wrap_narrow_inst/aw_reg_slice/m_vector_i[1066]_i_1_n_0                                          |                                                                                                                                            |                2 |              9 |
|  system_i/processing_system7_0/inst/FCLK_CLK0 | system_i/axi_smc/inst/s00_entry_pipeline/s00_si_converter/inst/converter.wrap_narrow_inst/gen_thread_loop[0].r_payld_fifo/cmd_fifo/last_beat_reg                         | system_i/axi_smc/inst/s00_entry_pipeline/s00_si_converter/inst/areset                                                                      |                2 |              9 |
|  system_i/processing_system7_0/inst/FCLK_CLK0 | system_i/axi_smc/inst/switchboards/i_nodes/i_aw_node/inst/inst_si_handler/inst_arb_stall_late/gen_pipe[1].pipe_reg[1][0]_0                                               |                                                                                                                                            |                3 |              9 |
|  system_i/processing_system7_0/inst/FCLK_CLK0 |                                                                                                                                                                          | system_i/axi_smc/inst/m00_exit_pipeline/m00_exit/inst/splitter_inst/gen_axi4lite.axilite_b2s/areset_d1                                     |                6 |              9 |
|  system_i/processing_system7_0/inst/FCLK_CLK0 | system_i/axi_smc/inst/s00_entry_pipeline/s00_si_converter/inst/converter.wrap_narrow_inst/w_payld_fifo/s_ready_i_reg_0                                                   | system_i/axi_smc/inst/s00_entry_pipeline/s00_si_converter/inst/converter.wrap_narrow_inst/w_payld_fifo/w_accum_continue_d_reg              |                2 |              9 |
|  system_i/processing_system7_0/inst/FCLK_CLK0 | system_i/axi_smc/inst/s00_entry_pipeline/s00_si_converter/inst/converter.wrap_narrow_inst/w_payld_fifo/cmd_fifo/last_beat_reg_1                                          | system_i/axi_smc/inst/s00_entry_pipeline/s00_si_converter/inst/areset                                                                      |                2 |              9 |
|  system_i/processing_system7_0/inst/FCLK_CLK0 | system_i/axi_smc/inst/m00_exit_pipeline/m00_exit/inst/splitter_inst/gen_axi4lite.axilite_b2s/WR.b_channel_0/mhandshake_r                                                 | system_i/axi_smc/inst/m00_exit_pipeline/m00_exit/inst/splitter_inst/gen_axi4lite.axilite_b2s/WR.b_channel_0/s_bresp_acc0                   |                3 |              9 |
|  system_i/processing_system7_0/inst/FCLK_CLK0 | system_i/axi_smc/inst/s00_entry_pipeline/s00_si_converter/inst/converter.wrap_narrow_inst/w_payld_fifo/cmd_fifo/last_beat_reg[0]                                         | system_i/axi_smc/inst/s00_entry_pipeline/s00_si_converter/inst/areset                                                                      |                4 |              9 |
|  system_i/processing_system7_0/inst/FCLK_CLK0 | system_i/axi_smc/inst/m02_exit_pipeline/m02_exit/inst/splitter_inst/gen_axi4lite.axilite_b2s/WR.b_channel_0/mhandshake_r                                                 | system_i/axi_smc/inst/m02_exit_pipeline/m02_exit/inst/splitter_inst/gen_axi4lite.axilite_b2s/WR.b_channel_0/s_bresp_acc0                   |                2 |              9 |
|  system_i/processing_system7_0/inst/FCLK_CLK0 | system_i/axi_smc/inst/s00_entry_pipeline/s00_si_converter/inst/converter.wrap_narrow_inst/gen_thread_loop[0].r_payld_fifo/cmd_fifo/last_beat_reg_0[0]                    | system_i/axi_smc/inst/s00_entry_pipeline/s00_si_converter/inst/areset                                                                      |                4 |              9 |
|  system_i/processing_system7_0/inst/FCLK_CLK0 | system_i/axi_smc/inst/m02_exit_pipeline/m02_exit/inst/splitter_inst/gen_axi4lite.axilite_b2s/WR.aw_channel_0/null_beat_supress_0/count                                   | system_i/axi_smc/inst/m02_exit_pipeline/m02_exit/inst/splitter_inst/gen_axi4lite.axilite_b2s/WR.aw_channel_0/aw_cmd_fsm_0/SR[0]            |                3 |              9 |
|  system_i/processing_system7_0/inst/FCLK_CLK0 |                                                                                                                                                                          | system_i/breath_led_ip_0/inst/breath_led_ip_v1_0_S0_AXI_inst/u_breath_led/s0_axi_aresetn_0                                                 |                3 |             10 |
|  system_i/processing_system7_0/inst/FCLK_CLK0 |                                                                                                                                                                          | system_i/breath_led_ip_1/inst/breath_led_ip_v1_0_S0_AXI_inst/u_breath_led/s0_axi_aresetn_0                                                 |                3 |             10 |
|  system_i/processing_system7_0/inst/FCLK_CLK0 | system_i/axi_smc/inst/s00_entry_pipeline/s00_si_converter/inst/converter.wrap_narrow_inst/gen_thread_loop[0].r_payld_fifo/E[0]                                           | system_i/axi_smc/inst/s00_entry_pipeline/s00_si_converter/inst/areset                                                                      |                4 |             10 |
|  system_i/processing_system7_0/inst/FCLK_CLK0 | system_i/axi_smc/inst/s00_entry_pipeline/s00_si_converter/inst/converter.wrap_narrow_inst/ar_reg_slice/skid_buffer[1136]_i_1__0_n_0                                      |                                                                                                                                            |                2 |             11 |
|  system_i/processing_system7_0/inst/FCLK_CLK0 | system_i/axi_smc/inst/s00_entry_pipeline/s00_si_converter/inst/converter.wrap_narrow_inst/ar_reg_slice/m_vector_i[1066]_i_1__0_n_0                                       |                                                                                                                                            |                5 |             11 |
|  system_i/processing_system7_0/inst/FCLK_CLK0 | system_i/axi_smc/inst/switchboards/i_nodes/i_ar_node/inst/inst_si_handler/inst_arb_stall_late/gen_pipe[1].pipe_reg[1][0]_0                                               |                                                                                                                                            |                2 |             11 |
|  system_i/processing_system7_0/inst/FCLK_CLK0 | system_i/axi_smc/inst/s00_entry_pipeline/s00_mmu/inst/gen_endpoint.decerr_slave_inst/gen_axi.gen_write.s_axi_bid_i_0                                                     | system_i/axi_smc/inst/s00_entry_pipeline/s00_mmu/inst/areset                                                                               |                2 |             12 |
|  system_i/processing_system7_0/inst/FCLK_CLK0 | system_i/axi_smc/inst/s00_entry_pipeline/s00_transaction_regulator/inst/gen_endpoint.gen_w_singleorder.w_singleorder/gen_id_reg.s_rid_i0                                 |                                                                                                                                            |                3 |             12 |
|  system_i/processing_system7_0/inst/FCLK_CLK0 |                                                                                                                                                                          | system_i/axi_smc/inst/switchboards/i_nodes/i_r_node/inst/inst_si_handler/areset_r                                                          |                4 |             12 |
|  system_i/processing_system7_0/inst/FCLK_CLK0 | system_i/axi_smc/inst/s00_entry_pipeline/s00_transaction_regulator/inst/gen_endpoint.gen_r_singleorder.r_singleorder/gen_id_reg.s_rid_i0                                 |                                                                                                                                            |                3 |             12 |
|  system_i/processing_system7_0/inst/FCLK_CLK0 |                                                                                                                                                                          | system_i/axi_smc/inst/switchboards/i_nodes/i_b_node/inst/inst_si_handler/areset_r                                                          |                5 |             12 |
|  system_i/processing_system7_0/inst/FCLK_CLK0 | system_i/axi_smc/inst/s00_entry_pipeline/s00_mmu/inst/gen_endpoint.decerr_slave_inst/gen_axi.gen_read.s_axi_rid_i[11]_i_1_n_0                                            | system_i/axi_smc/inst/s00_entry_pipeline/s00_mmu/inst/areset                                                                               |                2 |             12 |
|  system_i/processing_system7_0/inst/FCLK_CLK0 | system_i/AM2302_0/U0/AM2302_v1_0_S00_AXI_inst/fun_am2302_check_2/work_cnt[0]_i_1__0_n_0                                                                                  |                                                                                                                                            |                4 |             16 |
|  system_i/processing_system7_0/inst/FCLK_CLK0 | system_i/AM2302_0/U0/AM2302_v1_0_S00_AXI_inst/fun_am2302_check_3/work_cnt[0]_i_1__1_n_0                                                                                  |                                                                                                                                            |                4 |             16 |
|  system_i/processing_system7_0/inst/FCLK_CLK0 |                                                                                                                                                                          | system_i/breath_led_ip_0/inst/breath_led_ip_v1_0_S0_AXI_inst/u_breath_led/period_cnt[15]_i_1_n_0                                           |                5 |             16 |
|  system_i/processing_system7_0/inst/FCLK_CLK0 |                                                                                                                                                                          | system_i/breath_led_ip_1/inst/breath_led_ip_v1_0_S0_AXI_inst/u_breath_led/period_cnt[15]_i_1_n_0                                           |                3 |             16 |
|  system_i/processing_system7_0/inst/FCLK_CLK0 | system_i/breath_led_ip_1/inst/breath_led_ip_v1_0_S0_AXI_inst/u_breath_led/duty_cycle                                                                                     | system_i/breath_led_ip_1/inst/breath_led_ip_v1_0_S0_AXI_inst/u_breath_led/period_cnt[15]_i_1_n_0                                           |                4 |             16 |
|  system_i/processing_system7_0/inst/FCLK_CLK0 | system_i/breath_led_ip_0/inst/breath_led_ip_v1_0_S0_AXI_inst/u_breath_led/duty_cycle                                                                                     | system_i/breath_led_ip_0/inst/breath_led_ip_v1_0_S0_AXI_inst/u_breath_led/period_cnt[15]_i_1_n_0                                           |                4 |             16 |
|  system_i/processing_system7_0/inst/FCLK_CLK0 | system_i/AM2302_0/U0/AM2302_v1_0_S00_AXI_inst/fun_am2302_check_1/sel                                                                                                     |                                                                                                                                            |                4 |             16 |
|  system_i/processing_system7_0/inst/FCLK_CLK0 |                                                                                                                                                                          | system_i/axi_smc/inst/s00_entry_pipeline/s00_mmu/inst/areset                                                                               |               10 |             23 |
|  system_i/processing_system7_0/inst/FCLK_CLK0 | system_i/axi_smc/inst/s00_entry_pipeline/s00_mmu/inst/ar_reg_stall/m_vector_i[1136]_i_1_n_0                                                                              |                                                                                                                                            |                9 |             25 |
|  system_i/processing_system7_0/inst/FCLK_CLK0 | system_i/axi_smc/inst/s00_entry_pipeline/s00_mmu/inst/aw_reg_stall/m_vector_i[1136]_i_1__0_n_0                                                                           |                                                                                                                                            |               10 |             25 |
|  system_i/processing_system7_0/inst/FCLK_CLK0 | system_i/axi_smc/inst/s00_entry_pipeline/s00_si_converter/inst/converter.wrap_narrow_inst/w_shelve_d                                                                     |                                                                                                                                            |                5 |             27 |
|  system_i/processing_system7_0/inst/FCLK_CLK0 | system_i/breath_led_ip_0/inst/breath_led_ip_v1_0_S0_AXI_inst/slv_reg_rden__0                                                                                             | system_i/breath_led_ip_0/inst/breath_led_ip_v1_0_S0_AXI_inst/u_breath_led/s0_axi_aresetn_0                                                 |               11 |             32 |
|  system_i/processing_system7_0/inst/FCLK_CLK0 | system_i/axi_smc/inst/s00_entry_pipeline/s00_si_converter/inst/converter.wrap_narrow_inst/gen_thread_loop[0].r_payld_fifo/m_xfer0                                        |                                                                                                                                            |                8 |             32 |
|  system_i/processing_system7_0/inst/FCLK_CLK0 | system_i/axi_smc/inst/s00_entry_pipeline/s00_si_converter/inst/converter.wrap_narrow_inst/gen_thread_loop[0].r_payld_fifo/gen_srls[38].srl_nx1/push                      |                                                                                                                                            |                8 |             32 |
|  system_i/processing_system7_0/inst/FCLK_CLK0 | system_i/AM2302_0/U0/AM2302_v1_0_S00_AXI_inst/fun_am2302_check_3/rx_index[31]_i_2__1_n_0                                                                                 | system_i/AM2302_0/U0/AM2302_v1_0_S00_AXI_inst/fun_am2302_check_3/rx_index[31]_i_1__1_n_0                                                   |                9 |             32 |
|  system_i/processing_system7_0/inst/FCLK_CLK0 | system_i/axi_smc/inst/m00_exit_pipeline/m00_exit/inst/splitter_inst/gen_axi4lite.axilite_b2s/SI_REG/r_pipe/m_payload_i[31]_i_1_n_0                                       |                                                                                                                                            |                4 |             32 |
|  system_i/processing_system7_0/inst/FCLK_CLK0 | system_i/AM2302_0/U0/AM2302_v1_0_S00_AXI_inst/slv_reg_rden                                                                                                               | system_i/AM2302_0/U0/AM2302_v1_0_S00_AXI_inst/axi_awready_i_1_n_0                                                                          |               10 |             32 |
|  system_i/processing_system7_0/inst/FCLK_CLK0 | system_i/axi_smc/inst/switchboards/i_nodes/i_r_node/inst/inst_si_handler/gen_si_handler.gen_arbiter_rr_normal_area.inst_arbiter/s_sc_valid                               |                                                                                                                                            |                9 |             32 |
|  system_i/processing_system7_0/inst/FCLK_CLK0 | system_i/AM2302_0/U0/AM2302_v1_0_S00_AXI_inst/fun_am2302_check_1/am2302_temp1                                                                                            |                                                                                                                                            |                8 |             32 |
|  system_i/processing_system7_0/inst/FCLK_CLK0 | system_i/AM2302_0/U0/AM2302_v1_0_S00_AXI_inst/fun_am2302_check_1/am2302_humi                                                                                             |                                                                                                                                            |                9 |             32 |
|  system_i/processing_system7_0/inst/FCLK_CLK0 | system_i/AM2302_0/U0/AM2302_v1_0_S00_AXI_inst/fun_am2302_check_3/period_cnt[31]_i_2__1_n_0                                                                               | system_i/AM2302_0/U0/AM2302_v1_0_S00_AXI_inst/fun_am2302_check_3/period_cnt[31]_i_1__1_n_0                                                 |                9 |             32 |
|  system_i/processing_system7_0/inst/FCLK_CLK0 | system_i/axi_smc/inst/m01_exit_pipeline/m01_exit/inst/splitter_inst/gen_axi4lite.axilite_b2s/SI_REG/r_pipe/m_payload_i[31]_i_1_n_0                                       |                                                                                                                                            |                4 |             32 |
|  system_i/processing_system7_0/inst/FCLK_CLK0 | system_i/AM2302_0/U0/AM2302_v1_0_S00_AXI_inst/fun_am2302_check_2/period_cnt[31]_i_2__0_n_0                                                                               | system_i/AM2302_0/U0/AM2302_v1_0_S00_AXI_inst/fun_am2302_check_2/period_cnt[31]_i_1__0_n_0                                                 |                9 |             32 |
|  system_i/processing_system7_0/inst/FCLK_CLK0 | system_i/axi_smc/inst/m02_exit_pipeline/m02_exit/inst/splitter_inst/gen_axi4lite.axilite_b2s/RD.r_channel_0/rd_data_fifo_0/wr_en0                                        |                                                                                                                                            |                4 |             32 |
|  system_i/processing_system7_0/inst/FCLK_CLK0 | system_i/AM2302_0/U0/AM2302_v1_0_S00_AXI_inst/fun_am2302_check_2/am2302_temp[15]_i_1__0_n_0                                                                              |                                                                                                                                            |                7 |             32 |
|  system_i/processing_system7_0/inst/FCLK_CLK0 | system_i/AM2302_0/U0/AM2302_v1_0_S00_AXI_inst/fun_am2302_check_2/am2302_temp1[15]_i_1__0_n_0                                                                             |                                                                                                                                            |                9 |             32 |
|  system_i/processing_system7_0/inst/FCLK_CLK0 | system_i/breath_led_ip_1/inst/breath_led_ip_v1_0_S0_AXI_inst/slv_reg_rden__0                                                                                             | system_i/breath_led_ip_1/inst/breath_led_ip_v1_0_S0_AXI_inst/u_breath_led/s0_axi_aresetn_0                                                 |               10 |             32 |
|  system_i/processing_system7_0/inst/FCLK_CLK0 | system_i/axi_smc/inst/m00_exit_pipeline/m00_exit/inst/splitter_inst/gen_axi4lite.axilite_b2s/RD.r_channel_0/rd_data_fifo_0/wr_en0                                        |                                                                                                                                            |                4 |             32 |
|  system_i/processing_system7_0/inst/FCLK_CLK0 | system_i/axi_smc/inst/m02_exit_pipeline/m02_exit/inst/splitter_inst/gen_axi4lite.axilite_b2s/SI_REG/r_pipe/m_payload_i[31]_i_1_n_0                                       |                                                                                                                                            |                4 |             32 |
|  system_i/processing_system7_0/inst/FCLK_CLK0 | system_i/AM2302_0/U0/AM2302_v1_0_S00_AXI_inst/fun_am2302_check_3/am2302_temp[15]_i_1__1_n_0                                                                              |                                                                                                                                            |                8 |             32 |
|  system_i/processing_system7_0/inst/FCLK_CLK0 | system_i/AM2302_0/U0/AM2302_v1_0_S00_AXI_inst/fun_am2302_check_2/rx_index[31]_i_2__0_n_0                                                                                 | system_i/AM2302_0/U0/AM2302_v1_0_S00_AXI_inst/fun_am2302_check_2/rx_index[31]_i_1__0_n_0                                                   |                9 |             32 |
|  system_i/processing_system7_0/inst/FCLK_CLK0 | system_i/AM2302_0/U0/AM2302_v1_0_S00_AXI_inst/fun_am2302_check_1/s_data_out2_out                                                                                         | system_i/AM2302_0/U0/AM2302_v1_0_S00_AXI_inst/fun_am2302_check_1/period_cnt[31]_i_1_n_0                                                    |                9 |             32 |
|  system_i/processing_system7_0/inst/FCLK_CLK0 | system_i/AM2302_0/U0/AM2302_v1_0_S00_AXI_inst/fun_am2302_check_1/rx_index0                                                                                               | system_i/AM2302_0/U0/AM2302_v1_0_S00_AXI_inst/fun_am2302_check_1/rx_index[31]_i_1_n_0                                                      |                9 |             32 |
|  system_i/processing_system7_0/inst/FCLK_CLK0 | system_i/AM2302_0/U0/AM2302_v1_0_S00_AXI_inst/fun_am2302_check_3/am2302_temp1[15]_i_1__1_n_0                                                                             |                                                                                                                                            |                8 |             32 |
|  system_i/processing_system7_0/inst/FCLK_CLK0 | system_i/axi_smc/inst/m01_exit_pipeline/m01_exit/inst/splitter_inst/gen_axi4lite.axilite_b2s/RD.r_channel_0/rd_data_fifo_0/sel                                           |                                                                                                                                            |                4 |             32 |
|  system_i/processing_system7_0/inst/FCLK_CLK0 | system_i/axi_smc/inst/s00_entry_pipeline/s00_si_converter/inst/converter.wrap_narrow_inst/r_shelf                                                                        |                                                                                                                                            |                9 |             32 |
|  system_i/processing_system7_0/inst/FCLK_CLK0 |                                                                                                                                                                          | system_i/axi_smc/inst/s00_entry_pipeline/s00_si_converter/inst/areset                                                                      |               20 |             37 |
|  system_i/processing_system7_0/inst/FCLK_CLK0 | system_i/axi_smc/inst/s00_entry_pipeline/s00_si_converter/inst/converter.wrap_narrow_inst/w_payld_fifo/gen_srls[103].srl_nx1/push                                        |                                                                                                                                            |               10 |             39 |
|  system_i/processing_system7_0/inst/FCLK_CLK0 | system_i/axi_smc/inst/s00_entry_pipeline/s00_si_converter/inst/splitter_inst/E[0]                                                                                        |                                                                                                                                            |               11 |             40 |
|  system_i/processing_system7_0/inst/FCLK_CLK0 | system_i/axi_smc/inst/switchboards/i_nodes/i_w_node/inst/inst_si_handler/inst_arb_stall_late/gen_pipe[1].pipe_reg[1][0]_0                                                |                                                                                                                                            |               16 |             40 |
|  system_i/processing_system7_0/inst/FCLK_CLK0 |                                                                                                                                                                          |                                                                                                                                            |              139 |            361 |
+-----------------------------------------------+--------------------------------------------------------------------------------------------------------------------------------------------------------------------------+--------------------------------------------------------------------------------------------------------------------------------------------+------------------+----------------+


