Copyright 1986-2018 Xilinx, Inc. All Rights Reserved.
------------------------------------------------------------------------------------------------------------------------------------
| Tool Version : Vivado v.2018.3 (win64) Build 2405991 Thu Dec  6 23:38:27 MST 2018
| Date         : Fri May 16 18:15:14 2025
| Host         : FXT333 running 64-bit major release  (build 9200)
| Command      : report_drc -file system_wrapper_drc_routed.rpt -pb system_wrapper_drc_routed.pb -rpx system_wrapper_drc_routed.rpx
| Design       : system_wrapper
| Device       : xc7z020clg400-2
| Speed File   : -2
| Design State : Fully Routed
------------------------------------------------------------------------------------------------------------------------------------

Report DRC

Table of Contents
-----------------
1. REPORT SUMMARY
2. REPORT DETAILS

1. REPORT SUMMARY
-----------------
            Netlist: netlist
          Floorplan: design_1
      Design limits: <entire design considered>
           Ruledeck: default
             Max violations: <unlimited>
             Violations found: 1
+-----------+----------+-------------------+------------+
| Rule      | Severity | Description       | Violations |
+-----------+----------+-------------------+------------+
| RTSTAT-10 | Warning  | No routable loads | 1          |
+-----------+----------+-------------------+------------+

2. REPORT DETAILS
-----------------
RTSTAT-10#1 Warning
No routable loads  
20 net(s) have no routable loads. The problem bus(es) and/or net(s) are system_i/axi_smc/inst/m00_nodes/m00_ar_node/inst/mi_handler_m_sc_areset_pipe, system_i/axi_smc/inst/m00_nodes/m00_aw_node/inst/mi_handler_m_sc_areset_pipe, system_i/axi_smc/inst/m00_nodes/m00_b_node/inst/mi_handler_m_sc_areset_pipe, system_i/axi_smc/inst/m00_nodes/m00_r_node/inst/mi_handler_m_sc_areset_pipe, system_i/axi_smc/inst/m00_nodes/m00_w_node/inst/mi_handler_m_sc_areset_pipe, system_i/axi_smc/inst/m01_nodes/m01_ar_node/inst/mi_handler_m_sc_areset_pipe, system_i/axi_smc/inst/m01_nodes/m01_aw_node/inst/mi_handler_m_sc_areset_pipe, system_i/axi_smc/inst/m01_nodes/m01_b_node/inst/mi_handler_m_sc_areset_pipe, system_i/axi_smc/inst/m01_nodes/m01_r_node/inst/mi_handler_m_sc_areset_pipe, system_i/axi_smc/inst/m01_nodes/m01_w_node/inst/mi_handler_m_sc_areset_pipe, system_i/axi_smc/inst/m02_nodes/m02_ar_node/inst/mi_handler_m_sc_areset_pipe, system_i/axi_smc/inst/m02_nodes/m02_aw_node/inst/mi_handler_m_sc_areset_pipe, system_i/axi_smc/inst/m02_nodes/m02_b_node/inst/mi_handler_m_sc_areset_pipe, system_i/axi_smc/inst/m02_nodes/m02_r_node/inst/mi_handler_m_sc_areset_pipe, system_i/axi_smc/inst/m02_nodes/m02_w_node/inst/mi_handler_m_sc_areset_pipe (the first 15 of 20 listed).
Related violations: <none>


