09:54:12 **** Auto Build of configuration Debug for project Mini_ctrl_brd_zynq_bsp_xgpiops_polled_example_1 ****
make pre-build main-build 
a9-linaro-pre-build-step
' '
'Building file: ../src/xgpiops_polled_example.c'
'Invoking: ARM v7 gcc compiler'
arm-none-eabi-gcc -Wall -O0 -g3 -c -fmessage-length=0 -MT"src/xgpiops_polled_example.o" -mcpu=cortex-a9 -mfpu=vfpv3 -mfloat-abi=hard -I../../Mini_ctrl_brd_zynq_bsp/ps7_cortexa9_0/include -MMD -MP -MF"src/xgpiops_polled_example.d" -MT"src/xgpiops_polled_example.o" -o "src/xgpiops_polled_example.o" "../src/xgpiops_polled_example.c"
'Finished building: ../src/xgpiops_polled_example.c'
' '
'Building target: Mini_ctrl_brd_zynq_bsp_xgpiops_polled_example_1.elf'
'Invoking: ARM v7 gcc linker'
arm-none-eabi-gcc -mcpu=cortex-a9 -mfpu=vfpv3 -mfloat-abi=hard -Wl,-build-id=none -specs=Xilinx.spec -Wl,-T -Wl,../src/lscript.ld -L../../Mini_ctrl_brd_zynq_bsp/ps7_cortexa9_0/lib -o "Mini_ctrl_brd_zynq_bsp_xgpiops_polled_example_1.elf"  ./src/xgpiops_polled_example.o   -Wl,--start-group,-lxil,-lfreertos,-lgcc,-lc,--end-group -Wl,--start-group,-lxil,-llwip4,-lgcc,-lc,--end-group -Wl,--start-group,-lxilffs,-lxil,-lgcc,-lc,--end-group
'Finished building target: Mini_ctrl_brd_zynq_bsp_xgpiops_polled_example_1.elf'
' '
'Invoking: ARM v7 Print Size'
arm-none-eabi-size Mini_ctrl_brd_zynq_bsp_xgpiops_polled_example_1.elf  |tee "Mini_ctrl_brd_zynq_bsp_xgpiops_polled_example_1.elf.size"
   text	   data	    bss	    dec	    hex	filename
  96676	   3376	 154992	 255044	  3e444	Mini_ctrl_brd_zynq_bsp_xgpiops_polled_example_1.elf
'Finished building: Mini_ctrl_brd_zynq_bsp_xgpiops_polled_example_1.elf.size'
' '

09:54:13 Build Finished (took 368ms)

