#-----------------------------------------------------------
# Vivado v2018.3 (64-bit)
# SW Build 2405991 on Thu Dec  6 23:38:27 MST 2018
# IP Build 2404404 on Fri Dec  7 01:43:56 MST 2018
# Start of session at: Wed May 21 10:06:46 2025
# Process ID: 49140
# Current directory: D:/ASUS-PC/Desktop/temporary/Mini_ctrl_brd_zynq
# Command line: vivado.exe -gui_launcher_event rodinguilauncherevent41260 D:\ASUS-PC\Desktop\temporary\Mini_ctrl_brd_zynq\Mini_ctrl_brd_zynq.xpr
# Log file: D:/ASUS-PC/Desktop/temporary/Mini_ctrl_brd_zynq/vivado.log
# Journal file: D:/ASUS-PC/Desktop/temporary/Mini_ctrl_brd_zynq\vivado.jou
#-----------------------------------------------------------
start_gui
open_project D:/ASUS-PC/Desktop/temporary/Mini_ctrl_brd_zynq/Mini_ctrl_brd_zynq.xpr
INFO: [Project 1-313] Project file moved from 'D:/ASUS-PC/Desktop/temporary/test/TEST/Mini_ctrl_brd_zynq' since last save.
Scanning sources...
Finished scanning sources
INFO: [IP_Flow 19-234] Refreshing IP repositories
INFO: [IP_Flow 19-1700] Loaded user IP repository 'd:/ASUS-PC/Desktop/temporary/Mini_ctrl_brd_zynq/ip_repo'.
WARNING: [IP_Flow 19-3685] Ignored loading user repository 'd:/ASUS-PC/Desktop/temporary/Mini_ctrl_brd_zynq/ip_repo/AM2302_1.0'. The path is contained within another repository.
INFO: [IP_Flow 19-2313] Loaded Vivado IP repository 'D:/APP/Vivado-Xilinx/Xilinx/Vivado/2018.3/data/ip'.
update_compile_order -fileset sources_1
launch_sdk -workspace D:/ASUS-PC/Desktop/temporary/Mini_ctrl_brd_zynq/Mini_ctrl_brd_zynq.sdk -hwspec D:/ASUS-PC/Desktop/temporary/Mini_ctrl_brd_zynq/Mini_ctrl_brd_zynq.sdk/system_wrapper.hdf
INFO: [Vivado 12-393] Launching SDK...
INFO: [Vivado 12-417] Running xsdk -workspace D:/ASUS-PC/Desktop/temporary/Mini_ctrl_brd_zynq/Mini_ctrl_brd_zynq.sdk -hwspec D:/ASUS-PC/Desktop/temporary/Mini_ctrl_brd_zynq/Mini_ctrl_brd_zynq.sdk/system_wrapper.hdf
INFO: [Vivado 12-3157] SDK launch initiated. Please check console for any further messages.
open_bd_design {D:/ASUS-PC/Desktop/temporary/Mini_ctrl_brd_zynq/Mini_ctrl_brd_zynq.srcs/sources_1/bd/system/system.bd}
Adding cell -- xilinx.com:ip:processing_system7:5.5 - processing_system7_0
Adding cell -- xilinx.com:ip:axi_interconnect:2.1 - ps7_0_axi_periph
Adding cell -- xilinx.com:ip:axi_protocol_converter:2.1 - auto_pc
Adding cell -- xilinx.com:ip:proc_sys_reset:5.0 - rst_ps7_0_125M
Adding cell -- xilinx.com:user:Pro_FPGA_ctrl:1.0 - Pro_FPGA_ctrl_0
Successfully read diagram <system> from BD file <D:/ASUS-PC/Desktop/temporary/Mini_ctrl_brd_zynq/Mini_ctrl_brd_zynq.srcs/sources_1/bd/system/system.bd>
archive_project D:/ASUS-PC/Desktop/temporary/Mini_ctrl_brd_zynq.xpr.zip -temp_dir D:/ASUS-PC/Desktop/temporary/Mini_ctrl_brd_zynq/.Xil/Vivado-49140-FXT333 -force -include_local_ip_cache -include_config_settings
INFO: [Coretcl 2-137] starting archive...
INFO: [Coretcl 2-1499] Saving project copy to temporary location 'D:/ASUS-PC/Desktop/temporary/Mini_ctrl_brd_zynq/.Xil/Vivado-49140-FXT333' for archiving project
INFO: [Project 1-313] Project file moved from 'D:/ASUS-PC/Desktop/temporary/test/TEST/Mini_ctrl_brd_zynq' since last save.
Scanning sources...
Finished scanning sources
INFO: [IP_Flow 19-234] Refreshing IP repositories
INFO: [IP_Flow 19-1700] Loaded user IP repository 'd:/ASUS-PC/Desktop/temporary/Mini_ctrl_brd_zynq/ip_repo'.
WARNING: [IP_Flow 19-3685] Ignored loading user repository 'd:/ASUS-PC/Desktop/temporary/Mini_ctrl_brd_zynq/ip_repo/AM2302_1.0'. The path is contained within another repository.
INFO: [IP_Flow 19-2313] Loaded Vivado IP repository 'D:/APP/Vivado-Xilinx/Xilinx/Vivado/2018.3/data/ip'.
INFO: [Coretcl 2-1211] Creating project copy for archival...
INFO: [ProjectBase 1-495] The host OS only allows 260 characters in a normal path. The project is stored in a path with more than 80 characters. If you experience any problem with archiving the project, please consider setting environment variable $TEMP to a shorter path.
Current project path is 'D:/ASUS-PC/Desktop/temporary/Mini_ctrl_brd_zynq/.Xil/Vivado-49140-FXT333/PrjAr/_X_'.
INFO: [Coretcl 2-1213] Including run results for 'synth_1'
INFO: [Coretcl 2-1213] Including run results for 'system_processing_system7_0_0_synth_1'
INFO: [Coretcl 2-1213] Including run results for 'system_rst_ps7_0_125M_0_synth_1'
INFO: [Coretcl 2-1213] Including run results for 'system_Pro_FPGA_ctrl_0_1_synth_1'
INFO: [Coretcl 2-1213] Including run results for 'impl_1'
INFO: [Coretcl 2-133] re-setting run 'system_processing_system7_0_0_impl_1'...
INFO: [Coretcl 2-133] re-setting run 'system_rst_ps7_0_125M_0_impl_1'...
INFO: [Coretcl 2-133] re-setting run 'system_Pro_FPGA_ctrl_0_1_impl_1'...
INFO: [Coretcl 2-1212] Importing remotely added design sources and verilog include files (if any)...
INFO: [filemgmt 20-334] All file(s) are already imported in fileset: 'system_Pro_FPGA_ctrl_0_1'
INFO: [filemgmt 20-348] Importing the appropriate files for fileset: 'system_Pro_FPGA_ctrl_0_1'
INFO: [filemgmt 20-334] All file(s) are already imported in fileset: 'system_processing_system7_0_0'
INFO: [filemgmt 20-348] Importing the appropriate files for fileset: 'system_processing_system7_0_0'
INFO: [filemgmt 20-334] All file(s) are already imported in fileset: 'system_rst_ps7_0_125M_0'
INFO: [filemgmt 20-348] Importing the appropriate files for fileset: 'system_rst_ps7_0_125M_0'
INFO: [filemgmt 20-334] All file(s) are already imported in fileset: 'constrs_1'
INFO: [filemgmt 20-348] Importing the appropriate files for fileset: 'constrs_1'
INFO: [filemgmt 20-334] All file(s) are already imported in fileset: 'constrs_2'
INFO: [filemgmt 20-348] Importing the appropriate files for fileset: 'constrs_2'
INFO: [filemgmt 20-334] All file(s) are already imported in fileset: 'sources_1'
INFO: [filemgmt 20-348] Importing the appropriate files for fileset: 'sources_1'
INFO: [Coretcl 2-1209] Adding archive summary file to the project...
INFO: [Coretcl 2-1214] Preparing project files for archive...
INFO: [Coretcl 2-1210] Compressing project files and data...
INFO: [Coretcl 2-1215] Project archived (D:/ASUS-PC/Desktop/temporary/Mini_ctrl_brd_zynq.xpr.zip)
INFO: [Coretcl 2-1216] To view the archive summary log in GUI, double click on 'Design Sources->Text->archive_project_summary.txt', or open this file from the archived project directory.
archive_project: Time (s): cpu = 00:00:15 ; elapsed = 00:00:22 . Memory (MB): peak = 1060.750 ; gain = 0.000
open_run impl_1
INFO: [Netlist 29-17] Analyzing 4787 Unisim elements for replacement
INFO: [Netlist 29-28] Unisim Transformation completed in 0 CPU seconds
INFO: [Project 1-479] Netlist was created with Vivado 2018.3
INFO: [Device 21-403] Loading part xc7z020clg400-2
INFO: [Project 1-570] Preparing netlist for logic optimization
INFO: [Timing 38-478] Restoring timing data from binary archive.
INFO: [Timing 38-479] Binary timing data restore complete.
INFO: [Project 1-856] Restoring constraints from binary archive.
INFO: [Project 1-853] Binary constraint restore complete.
Reading XDEF placement.
Reading placer database...
Reading XDEF routing.
Read XDEF File: Time (s): cpu = 00:00:02 ; elapsed = 00:00:02 . Memory (MB): peak = 2105.645 ; gain = 64.066
Restored from archive | CPU: 2.000000 secs | Memory: 0.000000 MB |
Finished XDEF File Restore: Time (s): cpu = 00:00:02 ; elapsed = 00:00:02 . Memory (MB): peak = 2105.645 ; gain = 64.066
Netlist sorting complete. Time (s): cpu = 00:00:00 ; elapsed = 00:00:00.009 . Memory (MB): peak = 2105.645 ; gain = 0.000
INFO: [Project 1-111] Unisim Transformation Summary:
  A total of 32 instances were transformed.
  IOBUF => IOBUF (IBUF, OBUFT): 4 instances
  RAM16X1S => RAM32X1S (RAMS32): 24 instances
  RAM32M => RAM32M (RAMD32, RAMD32, RAMD32, RAMD32, RAMD32, RAMD32, RAMS32, RAMS32): 4 instances

open_run: Time (s): cpu = 00:00:19 ; elapsed = 00:00:16 . Memory (MB): peak = 2239.777 ; gain = 1179.027
WARNING: [Designutils 20-3303] unexpected site type 'IOPAD' in HDPYFinalizeIO
WARNING: [Designutils 20-3303] unexpected site type 'IOPAD' in HDPYFinalizeIO
WARNING: [Designutils 20-3303] unexpected site type 'IOPAD' in HDPYFinalizeIO
WARNING: [Designutils 20-3303] unexpected site type 'IOPAD' in HDPYFinalizeIO
WARNING: [Designutils 20-3303] unexpected site type 'IOPAD' in HDPYFinalizeIO
WARNING: [Designutils 20-3303] unexpected site type 'IOPAD' in HDPYFinalizeIO
WARNING: [Designutils 20-3303] unexpected site type 'IOPAD' in HDPYFinalizeIO
WARNING: [Designutils 20-3303] unexpected site type 'IOPAD' in HDPYFinalizeIO
WARNING: [Designutils 20-3303] unexpected site type 'IOPAD' in HDPYFinalizeIO
WARNING: [Designutils 20-3303] unexpected site type 'IOPAD' in HDPYFinalizeIO
WARNING: [Designutils 20-3303] unexpected site type 'IOPAD' in HDPYFinalizeIO
WARNING: [Designutils 20-3303] unexpected site type 'IOPAD' in HDPYFinalizeIO
WARNING: [Designutils 20-3303] unexpected site type 'IOPAD' in HDPYFinalizeIO
WARNING: [Designutils 20-3303] unexpected site type 'IOPAD' in HDPYFinalizeIO
WARNING: [Designutils 20-3303] unexpected site type 'IOPAD' in HDPYFinalizeIO
WARNING: [Designutils 20-3303] unexpected site type 'IOPAD' in HDPYFinalizeIO
WARNING: [Designutils 20-3303] unexpected site type 'IOPAD' in HDPYFinalizeIO
WARNING: [Designutils 20-3303] unexpected site type 'IOPAD' in HDPYFinalizeIO
WARNING: [Designutils 20-3303] unexpected site type 'IOPAD' in HDPYFinalizeIO
WARNING: [Designutils 20-3303] unexpected site type 'IOPAD' in HDPYFinalizeIO
WARNING: [Designutils 20-3303] unexpected site type 'IOPAD' in HDPYFinalizeIO
WARNING: [Designutils 20-3303] unexpected site type 'IOPAD' in HDPYFinalizeIO
WARNING: [Designutils 20-3303] unexpected site type 'IOPAD' in HDPYFinalizeIO
WARNING: [Designutils 20-3303] unexpected site type 'IOPAD' in HDPYFinalizeIO
WARNING: [Designutils 20-3303] unexpected site type 'IOPAD' in HDPYFinalizeIO
WARNING: [Designutils 20-3303] unexpected site type 'IOPAD' in HDPYFinalizeIO
WARNING: [Designutils 20-3303] unexpected site type 'IOPAD' in HDPYFinalizeIO
WARNING: [Designutils 20-3303] unexpected site type 'IOPAD' in HDPYFinalizeIO
WARNING: [Designutils 20-3303] unexpected site type 'IOPAD' in HDPYFinalizeIO
WARNING: [Designutils 20-3303] unexpected site type 'IOPAD' in HDPYFinalizeIO
WARNING: [Designutils 20-3303] unexpected site type 'IOPAD' in HDPYFinalizeIO
WARNING: [Designutils 20-3303] unexpected site type 'IOPAD' in HDPYFinalizeIO
WARNING: [Designutils 20-3303] unexpected site type 'IOPAD' in HDPYFinalizeIO
WARNING: [Designutils 20-3303] unexpected site type 'IOPAD' in HDPYFinalizeIO
WARNING: [Designutils 20-3303] unexpected site type 'IOPAD' in HDPYFinalizeIO
WARNING: [Designutils 20-3303] unexpected site type 'IOPAD' in HDPYFinalizeIO
WARNING: [Designutils 20-3303] unexpected site type 'IOPAD' in HDPYFinalizeIO
WARNING: [Designutils 20-3303] unexpected site type 'IOPAD' in HDPYFinalizeIO
WARNING: [Designutils 20-3303] unexpected site type 'IOPAD' in HDPYFinalizeIO
WARNING: [Designutils 20-3303] unexpected site type 'IOPAD' in HDPYFinalizeIO
WARNING: [Designutils 20-3303] unexpected site type 'IOPAD' in HDPYFinalizeIO
WARNING: [Designutils 20-3303] unexpected site type 'IOPAD' in HDPYFinalizeIO
WARNING: [Designutils 20-3303] unexpected site type 'IOPAD' in HDPYFinalizeIO
WARNING: [Designutils 20-3303] unexpected site type 'IOPAD' in HDPYFinalizeIO
WARNING: [Designutils 20-3303] unexpected site type 'IOPAD' in HDPYFinalizeIO
WARNING: [Designutils 20-3303] unexpected site type 'IOPAD' in HDPYFinalizeIO
WARNING: [Designutils 20-3303] unexpected site type 'IOPAD' in HDPYFinalizeIO
WARNING: [Designutils 20-3303] unexpected site type 'IOPAD' in HDPYFinalizeIO
WARNING: [Designutils 20-3303] unexpected site type 'IOPAD' in HDPYFinalizeIO
WARNING: [Designutils 20-3303] unexpected site type 'IOPAD' in HDPYFinalizeIO
WARNING: [Designutils 20-3303] unexpected site type 'IOPAD' in HDPYFinalizeIO
WARNING: [Designutils 20-3303] unexpected site type 'IOPAD' in HDPYFinalizeIO
WARNING: [Designutils 20-3303] unexpected site type 'IOPAD' in HDPYFinalizeIO
WARNING: [Designutils 20-3303] unexpected site type 'IOPAD' in HDPYFinalizeIO
WARNING: [Designutils 20-3303] unexpected site type 'IOPAD' in HDPYFinalizeIO
WARNING: [Designutils 20-3303] unexpected site type 'IOPAD' in HDPYFinalizeIO
WARNING: [Designutils 20-3303] unexpected site type 'IOPAD' in HDPYFinalizeIO
WARNING: [Designutils 20-3303] unexpected site type 'IOPAD' in HDPYFinalizeIO
WARNING: [Designutils 20-3303] unexpected site type 'IOPAD' in HDPYFinalizeIO
WARNING: [Designutils 20-3303] unexpected site type 'IOPAD' in HDPYFinalizeIO
WARNING: [Designutils 20-3303] unexpected site type 'IOPAD' in HDPYFinalizeIO
WARNING: [Designutils 20-3303] unexpected site type 'IOPAD' in HDPYFinalizeIO
WARNING: [Designutils 20-3303] unexpected site type 'IOPAD' in HDPYFinalizeIO
WARNING: [Designutils 20-3303] unexpected site type 'IOPAD' in HDPYFinalizeIO
WARNING: [Designutils 20-3303] unexpected site type 'IOPAD' in HDPYFinalizeIO
WARNING: [Designutils 20-3303] unexpected site type 'IOPAD' in HDPYFinalizeIO
WARNING: [Designutils 20-3303] unexpected site type 'IOPAD' in HDPYFinalizeIO
WARNING: [Designutils 20-3303] unexpected site type 'IOPAD' in HDPYFinalizeIO
WARNING: [Designutils 20-3303] unexpected site type 'IOPAD' in HDPYFinalizeIO
WARNING: [Designutils 20-3303] unexpected site type 'IOPAD' in HDPYFinalizeIO
WARNING: [Designutils 20-3303] unexpected site type 'IOPAD' in HDPYFinalizeIO
WARNING: [Designutils 20-3303] unexpected site type 'IOPAD' in HDPYFinalizeIO
WARNING: [Designutils 20-3303] unexpected site type 'IOPAD' in HDPYFinalizeIO
WARNING: [Designutils 20-3303] unexpected site type 'IOPAD' in HDPYFinalizeIO
WARNING: [Designutils 20-3303] unexpected site type 'IOPAD' in HDPYFinalizeIO
WARNING: [Designutils 20-3303] unexpected site type 'IOPAD' in HDPYFinalizeIO
WARNING: [Designutils 20-3303] unexpected site type 'IOPAD' in HDPYFinalizeIO
WARNING: [Designutils 20-3303] unexpected site type 'IOPAD' in HDPYFinalizeIO
WARNING: [Designutils 20-3303] unexpected site type 'IOPAD' in HDPYFinalizeIO
WARNING: [Designutils 20-3303] unexpected site type 'IOPAD' in HDPYFinalizeIO
WARNING: [Designutils 20-3303] unexpected site type 'IOPAD' in HDPYFinalizeIO
WARNING: [Designutils 20-3303] unexpected site type 'IOPAD' in HDPYFinalizeIO
WARNING: [Designutils 20-3303] unexpected site type 'IOPAD' in HDPYFinalizeIO
WARNING: [Designutils 20-3303] unexpected site type 'IOPAD' in HDPYFinalizeIO
WARNING: [Designutils 20-3303] unexpected site type 'IOPAD' in HDPYFinalizeIO
WARNING: [Designutils 20-3303] unexpected site type 'IOPAD' in HDPYFinalizeIO
WARNING: [Designutils 20-3303] unexpected site type 'IOPAD' in HDPYFinalizeIO
WARNING: [Designutils 20-3303] unexpected site type 'IOPAD' in HDPYFinalizeIO
WARNING: [Designutils 20-3303] unexpected site type 'IOPAD' in HDPYFinalizeIO
WARNING: [Designutils 20-3303] unexpected site type 'IOPAD' in HDPYFinalizeIO
WARNING: [Designutils 20-3303] unexpected site type 'IOPAD' in HDPYFinalizeIO
WARNING: [Designutils 20-3303] unexpected site type 'IOPAD' in HDPYFinalizeIO
WARNING: [Designutils 20-3303] unexpected site type 'IOPAD' in HDPYFinalizeIO
WARNING: [Designutils 20-3303] unexpected site type 'IOPAD' in HDPYFinalizeIO
WARNING: [Designutils 20-3303] unexpected site type 'IOPAD' in HDPYFinalizeIO
WARNING: [Designutils 20-3303] unexpected site type 'IOPAD' in HDPYFinalizeIO
WARNING: [Designutils 20-3303] unexpected site type 'IOPAD' in HDPYFinalizeIO
WARNING: [Designutils 20-3303] unexpected site type 'IOPAD' in HDPYFinalizeIO
WARNING: [Designutils 20-3303] unexpected site type 'IOPAD' in HDPYFinalizeIO
WARNING: [Designutils 20-3303] unexpected site type 'IOPAD' in HDPYFinalizeIO
INFO: [Common 17-14] Message 'Designutils 20-3303' appears 100 times and further instances of the messages will be disabled. Use the Tcl command set_msg_config to change the current settings.
open_report: Time (s): cpu = 00:00:14 ; elapsed = 00:00:07 . Memory (MB): peak = 3059.312 ; gain = 813.016
CRITICAL WARNING: [Timing 38-282] The design failed to meet the timing requirements. Please see the timing summary report for details on the timing violations.
close_design
reset_run synth_1
set_property strategy Flow_AreaMultThresholdDSP [get_runs synth_1]
set_property STEPS.SYNTH_DESIGN.ARGS.GATED_CLOCK_CONVERSION auto [get_runs synth_1]
generate_target all [get_files  D:/ASUS-PC/Desktop/temporary/Mini_ctrl_brd_zynq/Mini_ctrl_brd_zynq.srcs/sources_1/bd/system/system.bd]
INFO: [BD 41-1637] Generated targets are already up-to-date for bd-design 'system' - hence not re-generating.
export_ip_user_files -of_objects [get_files D:/ASUS-PC/Desktop/temporary/Mini_ctrl_brd_zynq/Mini_ctrl_brd_zynq.srcs/sources_1/bd/system/system.bd] -no_script -sync -force -quiet
create_ip_run [get_files -of_objects [get_fileset sources_1] D:/ASUS-PC/Desktop/temporary/Mini_ctrl_brd_zynq/Mini_ctrl_brd_zynq.srcs/sources_1/bd/system/system.bd]
export_simulation -of_objects [get_files D:/ASUS-PC/Desktop/temporary/Mini_ctrl_brd_zynq/Mini_ctrl_brd_zynq.srcs/sources_1/bd/system/system.bd] -directory D:/ASUS-PC/Desktop/temporary/Mini_ctrl_brd_zynq/Mini_ctrl_brd_zynq.ip_user_files/sim_scripts -ip_user_files_dir D:/ASUS-PC/Desktop/temporary/Mini_ctrl_brd_zynq/Mini_ctrl_brd_zynq.ip_user_files -ipstatic_source_dir D:/ASUS-PC/Desktop/temporary/Mini_ctrl_brd_zynq/Mini_ctrl_brd_zynq.ip_user_files/ipstatic -lib_map_path [list {modelsim=D:/ASUS-PC/Desktop/temporary/Mini_ctrl_brd_zynq/Mini_ctrl_brd_zynq.cache/compile_simlib/modelsim} {questa=D:/ASUS-PC/Desktop/temporary/Mini_ctrl_brd_zynq/Mini_ctrl_brd_zynq.cache/compile_simlib/questa} {riviera=D:/ASUS-PC/Desktop/temporary/Mini_ctrl_brd_zynq/Mini_ctrl_brd_zynq.cache/compile_simlib/riviera} {activehdl=D:/ASUS-PC/Desktop/temporary/Mini_ctrl_brd_zynq/Mini_ctrl_brd_zynq.cache/compile_simlib/activehdl}] -use_ip_compiled_libs -force -quiet
make_wrapper -files [get_files D:/ASUS-PC/Desktop/temporary/Mini_ctrl_brd_zynq/Mini_ctrl_brd_zynq.srcs/sources_1/bd/system/system.bd] -top
launch_runs impl_1 -to_step write_bitstream -jobs 28
[Thu May 22 09:49:22 2025] Launched synth_1...
Run output will be captured here: D:/ASUS-PC/Desktop/temporary/Mini_ctrl_brd_zynq/Mini_ctrl_brd_zynq.runs/synth_1/runme.log
[Thu May 22 09:49:22 2025] Launched impl_1...
Run output will be captured here: D:/ASUS-PC/Desktop/temporary/Mini_ctrl_brd_zynq/Mini_ctrl_brd_zynq.runs/impl_1/runme.log
exit
INFO: [Common 17-206] Exiting Vivado at Thu May 22 10:31:39 2025...
